*********** Running Genetic Algorithm ***********
running FuranAM1_3
running FuranDFT_3
running FuranAM1_0
running FuranDFT_0
running FuranAM1_2
running FuranDFT_2
running FuranAM1_1
running FuranDFT_1
updating raw_fitness [0.9264832227659304, 639.8525172400001]
Finished evolution 0,  finding fitness: 0.3848098359873311
found new best: 0.3848098359873311
Finished evolution 1,  finding fitness: 0.43852196431882706
Finished evolution 2,  finding fitness: 0.46568352629974546
Finished evolution 3,  finding fitness: 0.479490866572082
Finished evolution 4,  finding fitness: 0.3755002995986532
found new best: 0.3755002995986532
Finished evolution 5,  finding fitness: 0.37388109251752394
found new best: 0.37388109251752394
Finished evolution 6,  finding fitness: 0.368630613311685
found new best: 0.368630613311685
Finished evolution 7,  finding fitness: 0.40460377294185457
Finished evolution 8,  finding fitness: 0.40806526596678533
Finished evolution 9,  finding fitness: 0.33990326990384323
found new best: 0.33990326990384323
Finished evolution 10,  finding fitness: 0.3399033585002004
Finished evolution 11,  finding fitness: 0.36448224135581087
Finished evolution 12,  finding fitness: 0.34213734936984824
Finished evolution 13,  finding fitness: 0.359443800724398
Finished evolution 14,  finding fitness: 0.35854992763226173
Finished evolution 15,  finding fitness: 0.3478096021017621
Finished evolution 16,  finding fitness: 0.314547751020613
found new best: 0.314547751020613
Finished evolution 17,  finding fitness: 0.3248871045325602
Finished evolution 18,  finding fitness: 0.3189590962115584
Finished evolution 19,  finding fitness: 0.3096321500764989
found new best: 0.3096321500764989
Finished evolution 20,  finding fitness: 0.3023629743045208
found new best: 0.3023629743045208
Finished evolution 21,  finding fitness: 0.24369676050029457
found new best: 0.24369676050029457
Finished evolution 22,  finding fitness: 0.23277587302090916
found new best: 0.23277587302090916
Finished evolution 23,  finding fitness: 0.25216701712934414
Finished evolution 24,  finding fitness: 0.15498719801898853
found new best: 0.15498719801898853
Finished evolution 25,  finding fitness: 0.1143027647091281
found new best: 0.1143027647091281
Finished evolution 26,  finding fitness: 0.13135468309177017
Finished evolution 27,  finding fitness: 0.11700674856876525
Finished evolution 28,  finding fitness: 0.11703548875589848
Finished evolution 29,  finding fitness: 0.07062630267701642
found new best: 0.07062630267701642
Finished evolution 30,  finding fitness: 0.07054356892554307
found new best: 0.07054356892554307
Finished evolution 31,  finding fitness: 0.07567322776311407
Finished evolution 32,  finding fitness: 0.14575734110024394
Finished evolution 33,  finding fitness: 0.06596765686674642
found new best: 0.06596765686674642
Finished evolution 34,  finding fitness: 0.060318790614087965
found new best: 0.060318790614087965
Finished evolution 35,  finding fitness: 0.057514739939948004
found new best: 0.057514739939948004
Finished evolution 36,  finding fitness: 0.03291258657088842
found new best: 0.03291258657088842
Finished evolution 37,  finding fitness: 0.03956089660525738
Finished evolution 38,  finding fitness: 0.02688075234672061
found new best: 0.02688075234672061
Finished evolution 39,  finding fitness: 0.024061176654412864
found new best: 0.024061176654412864
Finished evolution 40,  finding fitness: 0.05370893520107155
Finished evolution 41,  finding fitness: 0.024248432456076826
Finished evolution 42,  finding fitness: 0.03739573865179257
Finished evolution 43,  finding fitness: 0.027496621862163225
Finished evolution 44,  finding fitness: 0.025199397462360225
Finished evolution 45,  finding fitness: 0.04722049987679154
Finished evolution 46,  finding fitness: 0.02577359565905391
Finished evolution 47,  finding fitness: 0.024683865605255168
Finished evolution 48,  finding fitness: 0.05205406529079265
Finished evolution 49,  finding fitness: 0.025264974749715133
Cleaning up and creating optimized bests
Run time:88.85709190368652