*********** Running Genetic Algorithm ***********
running FuranAM1_1
running FuranDFT_1
running FuranAM1_3
running FuranDFT_3
running FuranAM1_2
running FuranDFT_2
running FuranAM1_0
running FuranDFT_0
running FuranAM1_4
running FuranDFT_4
running FuranAM1_6
running FuranDFT_6
running FuranAM1_7
running FuranDFT_7
running FuranAM1_5
running FuranDFT_5
updating raw_fitness [1.1614304205785895, 0.024626516425548885, 835.72775764]
Starting Step 0
New Best Found : 0.9999999999999999
With raw values: [1.0, 1.0, 1.0]
New Best Found : 0.9506240743255374
With raw values: [0.9699724498079628, 1.4128681668021053, 0.8850512895954552]
New Best Found : 0.8777079477072216
With raw values: [1.1311484541433514, 0.588375353237314, 0.6532007007180828]
AVERAGE FITNESS: 1.3144509954594998
Starting Step 1
New Best Found : 0.8357285391679208
With raw values: [0.9920690551647869, 0.9676364477115847, 0.6661972323166881]
AVERAGE FITNESS: 1.4389324780402954
Starting Step 2
New Best Found : 0.8218495484287122
With raw values: [0.9543436790135812, 0.7946509224694797, 0.6920752804397663]
AVERAGE FITNESS: 1.2744205112963045
Starting Step 3
New Best Found : 0.797942227184091
With raw values: [0.9180542795441365, 0.6973045900267266, 0.6878939385397819]
New Best Found : 0.6850408567600732
With raw values: [0.7817780049013359, 0.7382309004633845, 0.582984704248479]
AVERAGE FITNESS: 1.1518035818504957
Starting Step 4
New Best Found : 0.6791491230217621
With raw values: [0.7850629008080781, 0.6889787633095287, 0.5722523812066691]
AVERAGE FITNESS: 1.0080693320059564
Starting Step 5
New Best Found : 0.6757512583982039
With raw values: [0.7901882034378165, 0.7237935982356393, 0.5565100793748479]
New Best Found : 0.6712148261676157
With raw values: [0.9643707092440164, 0.8289202337585786, 0.36228840233211906]
AVERAGE FITNESS: 0.9231335922490193
Starting Step 6
New Best Found : 0.660745832470763
With raw values: [0.9838050597874474, 0.8434462945638185, 0.319416558944773]
New Best Found : 0.6582261983013153
With raw values: [1.0192129535284702, 0.5180503681894728, 0.31125702608534456]
New Best Found : 0.6211132481835688
With raw values: [0.7816224641804378, 0.37396010564591975, 0.48531934644046487]
New Best Found : 0.6139758367750389
With raw values: [0.7998280830278143, 0.34069170900431306, 0.455452003299336]
AVERAGE FITNESS: 0.937641648380756
Starting Step 7
New Best Found : 0.6066735363377719
With raw values: [0.7907312535060091, 0.45055975319508973, 0.43822719748380284]
New Best Found : 0.5715611163700364
With raw values: [0.9100153303248119, 0.2848565118496597, 0.2617773628672985]
AVERAGE FITNESS: 0.7629288339900538
Starting Step 8
New Best Found : 0.5658183037093072
With raw values: [0.7736581863452904, 0.5232669009304247, 0.36223356135121226]
New Best Found : 0.4872050497985563
With raw values: [0.723318567887204, 0.5755125675380095, 0.2422607799359632]
AVERAGE FITNESS: 0.9096432356694697
Starting Step 9
New Best Found : 0.4821426887306369
With raw values: [0.7218413112640457, 0.5214782946870132, 0.2385105056015906]
New Best Found : 0.47020838830011236
With raw values: [0.8002048924482128, 0.2708613247275737, 0.16014659050926577]
AVERAGE FITNESS: 0.9423727069735239
Starting Step 10
AVERAGE FITNESS: 0.7948479311936717
Starting Step 11
New Best Found : 0.4175490793079272
With raw values: [0.7530643380868713, 0.17129288558298303, 0.10665943990147735]
AVERAGE FITNESS: 0.7555363833944103
Starting Step 12
AVERAGE FITNESS: 0.6506410496894898
Starting Step 13
AVERAGE FITNESS: 0.6950678100278725
Starting Step 14
New Best Found : 0.4070691631023508
With raw values: [0.7114136820089672, 0.304224606087716, 0.11300909989719794]
AVERAGE FITNESS: 0.6972033119838628
Starting Step 15
New Best Found : 0.40624333808917834
With raw values: [0.6871638047226327, 0.25107437823648987, 0.1408397674409928]
AVERAGE FITNESS: 0.6819788592025485
Starting Step 16
AVERAGE FITNESS: 1711.9126286432293
Starting Step 17
New Best Found : 0.40530501848565215
With raw values: [0.669958896369476, 0.34517748018878247, 0.1466638944315153]
AVERAGE FITNESS: 0.745478939401464
Starting Step 18
AVERAGE FITNESS: 0.7052539315341383
Starting Step 19
New Best Found : 0.3916069454207326
With raw values: [0.6934994433121812, 0.2555982140542167, 0.10331532066593574]
AVERAGE FITNESS: 0.5669634288679989
Starting Step 20
New Best Found : 0.37074381611926105
With raw values: [0.6548670112932078, 0.23408440666946984, 0.10028656189029342]
AVERAGE FITNESS: 0.7975305071584787
Starting Step 21
AVERAGE FITNESS: 0.6290373596155568
Starting Step 22
New Best Found : 0.37029380713323895
With raw values: [0.6465483911984111, 0.30605469330654034, 0.10046313445073668]
AVERAGE FITNESS: 0.5505398722285725
Starting Step 23
New Best Found : 0.353175085691305
With raw values: [0.6797871794169292, 0.09261029160326956, 0.052619471374484375]
AVERAGE FITNESS: 0.6695710171124268
Starting Step 24
New Best Found : 0.35144669388345295
With raw values: [0.6990052613028164, 0.078346092759501, 0.031198186576484797]
New Best Found : 0.3292698938767975
With raw values: [0.6011878469387463, 0.20432335607133023, 0.06984659459539547]
AVERAGE FITNESS: 0.6075846475279439
Starting Step 25
New Best Found : 0.3272274404023814
With raw values: [0.5430483336503024, 0.45498605500150974, 0.09863068569454773]
AVERAGE FITNESS: 0.6506142692063109
Starting Step 26
New Best Found : 0.3076544943728109
With raw values: [0.540113441353418, 0.32601768504787676, 0.07335922832469723]
AVERAGE FITNESS: 0.7420367351896123
Starting Step 27
New Best Found : 0.30722504301929293
With raw values: [0.5385234299982394, 0.33115298294256656, 0.073533862048019]
AVERAGE FITNESS: 0.6406441309082261
Starting Step 28
New Best Found : 0.29944194968536714
With raw values: [0.5578895366308941, 0.13166827550291174, 0.05777173015808556]
AVERAGE FITNESS: 0.5409422850657042
Starting Step 29
New Best Found : 0.28832610692542804
With raw values: [0.5362817842909331, 0.20151934512289774, 0.04905110574017621]
AVERAGE FITNESS: 0.43324047306466734
Starting Step 30
New Best Found : 0.28526505090750376
With raw values: [0.5336983923543384, 0.24367957907632998, 0.04099025664378673]
AVERAGE FITNESS: 0.4734558286062103
Starting Step 31
AVERAGE FITNESS: 0.5427214337596006
Starting Step 32
AVERAGE FITNESS: 0.5528867556069548
Starting Step 33
AVERAGE FITNESS: 0.5409429470563297
Starting Step 34
New Best Found : 0.28081052059445516
With raw values: [0.4887861163397856, 0.24295930458487935, 0.07662004645008239]
AVERAGE FITNESS: 0.5504964460760094
Starting Step 35
New Best Found : 0.26751893467043286
With raw values: [0.47226653629209786, 0.1137154477146175, 0.07815168174434935]
AVERAGE FITNESS: 0.41037534263533737
Starting Step 36
AVERAGE FITNESS: 0.5760263008208849
Starting Step 37
AVERAGE FITNESS: 0.5259870158646854
Starting Step 38
New Best Found : 0.26562957097189455
With raw values: [0.4507498693876618, 0.21335759690492823, 0.08573646996282387]
AVERAGE FITNESS: 0.41257190345128186
Starting Step 39
New Best Found : 0.25210265975168833
With raw values: [0.42832500279850694, 0.2925831833174868, 0.07183226434828985]
AVERAGE FITNESS: 0.41425473911714294
Starting Step 40
AVERAGE FITNESS: 0.5297680409558941
Starting Step 41
New Best Found : 0.2510687129841735
With raw values: [0.4692326251414644, 0.11845987633796345, 0.04616568449150357]
AVERAGE FITNESS: 0.4601052513582589
Starting Step 42
New Best Found : 0.24037243090363708
With raw values: [0.4206608420836242, 0.3262994051843801, 0.05149132229557568]
AVERAGE FITNESS: 0.5515854103774088
Starting Step 43
AVERAGE FITNESS: 0.40725573354676836
Starting Step 44
AVERAGE FITNESS: 0.5108196733169855
Starting Step 45
New Best Found : 0.23830785058913848
With raw values: [0.4469450256547587, 0.15101999577783048, 0.03839946100464908]
New Best Found : 0.22059080479259968
With raw values: [0.3896532070175431, 0.225516057650073, 0.05103587728190896]
AVERAGE FITNESS: 0.5771857669963586
Starting Step 46
New Best Found : 0.2205230140662786
With raw values: [0.39203559230200774, 0.201294606517466, 0.05093327658543081]
New Best Found : 0.21833141386601945
With raw values: [0.38595792738671936, 0.23602006765835118, 0.048936034966086374]
AVERAGE FITNESS: 0.40305141230786895
Starting Step 47
New Best Found : 0.2168972703237973
With raw values: [0.37555598756253, 0.2651038671628917, 0.05341789340115521]
AVERAGE FITNESS: 0.424972711787309
Starting Step 48
New Best Found : 0.215183816620013
With raw values: [0.3686862506415029, 0.24081912521917476, 0.059117851738607]
AVERAGE FITNESS: 0.3048339263743467
Starting Step 49
AVERAGE FITNESS: 0.5710916515897848
Starting Step 50
New Best Found : 0.20212768917590282
With raw values: [0.35069819876479985, 0.19463333754640155, 0.05430661474995591]
AVERAGE FITNESS: 0.3621351974454614
Starting Step 51
AVERAGE FITNESS: 0.4046552489866187
Starting Step 52
AVERAGE FITNESS: 0.311632437397583
Starting Step 53
AVERAGE FITNESS: 0.4520966402045739
Starting Step 54
AVERAGE FITNESS: 0.6349231435377641
Starting Step 55
AVERAGE FITNESS: 0.5761858554555528
Starting Step 56
AVERAGE FITNESS: 0.467786531680934
Starting Step 57
AVERAGE FITNESS: 0.5355406511872014
Starting Step 58
AVERAGE FITNESS: 0.4445721419014699
Starting Step 59
AVERAGE FITNESS: 0.37780327017186033
Starting Step 60
New Best Found : 0.20059295603782915
With raw values: [0.3569610676399877, 0.1485031058682911, 0.049433829452624416]
AVERAGE FITNESS: 0.3136628809197152
Starting Step 61
AVERAGE FITNESS: 0.33904749470362194
Starting Step 62
New Best Found : 0.19702335546410898
With raw values: [0.3507732731614631, 0.1312613072423805, 0.04984964258892769]
AVERAGE FITNESS: 0.49267451985407523
Starting Step 63
AVERAGE FITNESS: 0.3914530746101088
Starting Step 64
New Best Found : 0.1945208701187823
With raw values: [0.34961751515325584, 0.11937538636304003, 0.046938773459883024]
AVERAGE FITNESS: 0.3350083292353713
Starting Step 65
AVERAGE FITNESS: 0.44979151506797077
Starting Step 66
New Best Found : 0.19038342763535415
With raw values: [0.34815796785151787, 0.17228097950922078, 0.03441913223180375]
AVERAGE FITNESS: 0.35870958260343605
Starting Step 67
AVERAGE FITNESS: 0.5940767515487207
Starting Step 68
AVERAGE FITNESS: 0.5004041137319426
Starting Step 69
AVERAGE FITNESS: 0.4720815555900953
Starting Step 70
AVERAGE FITNESS: 0.7336167394667695
Starting Step 71
AVERAGE FITNESS: 0.5520788750080671
Starting Step 72
AVERAGE FITNESS: 0.45963385604992574
Starting Step 73
AVERAGE FITNESS: 0.32545467125230304
Starting Step 74
AVERAGE FITNESS: 0.36955823239428404
Starting Step 75
AVERAGE FITNESS: 0.38087007603865025
Starting Step 76
AVERAGE FITNESS: 0.6127578551639222
Starting Step 77
New Best Found : 0.18982602666878215
With raw values: [0.3407622668460035, 0.21392295944719414, 0.03648009321371952]
AVERAGE FITNESS: 0.5909911241684552
Starting Step 78
AVERAGE FITNESS: 0.30674874603690133
Starting Step 79
AVERAGE FITNESS: 0.34429591320387254
Starting Step 80
AVERAGE FITNESS: 0.4463543533628447
Starting Step 81
New Best Found : 0.1845528763579807
With raw values: [0.34069454269034233, 0.1475861064355073, 0.03210788701786645]
New Best Found : 0.18340706790491354
With raw values: [0.3328614759566774, 0.19587621321521292, 0.03270574532211968]
AVERAGE FITNESS: 0.6062486808595046
Starting Step 82
AVERAGE FITNESS: 0.503950443836604
Starting Step 83
AVERAGE FITNESS: 0.5018231655691124
Starting Step 84
New Best Found : 0.17918607764590613
With raw values: [0.3364407679393385, 0.08373354237880343, 0.031476640879184]
AVERAGE FITNESS: 0.3086332614730463
Starting Step 85
New Best Found : 0.17709119252248187
With raw values: [0.347414227083856, 0.04039165323625394, 0.020438111889730624]
AVERAGE FITNESS: 0.610548385896402
Starting Step 86
AVERAGE FITNESS: 0.33407971964667554
Starting Step 87
New Best Found : 0.17581954196087368
With raw values: [0.34324466961207456, 0.04538860051341301, 0.021437508454418826]
AVERAGE FITNESS: 0.39809153287155596
Starting Step 88
New Best Found : 0.17477751385628443
With raw values: [0.3397496807468088, 0.049423104580628346, 0.022340787893325758]
AVERAGE FITNESS: 1.0043189926427938
Starting Step 89
AVERAGE FITNESS: 0.801131515302643
Starting Step 90
AVERAGE FITNESS: 0.3806004950982489
Starting Step 91
AVERAGE FITNESS: 0.3135288586139234
Starting Step 92
AVERAGE FITNESS: 0.2906296073929518
Starting Step 93
AVERAGE FITNESS: 0.4658276631926308
Starting Step 94
AVERAGE FITNESS: 0.3468180152615315
Starting Step 95
AVERAGE FITNESS: 1.6452324595194086
Starting Step 96
AVERAGE FITNESS: 0.40938287374863863
Starting Step 97
AVERAGE FITNESS: 0.4429221028779547
Starting Step 98
AVERAGE FITNESS: 0.37005237611394
Starting Step 99
New Best Found : 0.17140002814301075
With raw values: [0.3190162879808077, 0.13881411303897379, 0.02704235981561743]
AVERAGE FITNESS: 0.5120044306825492
Starting Step 100
AVERAGE FITNESS: 0.27552473495368
Starting Step 101
New Best Found : 0.17011229292084717
With raw values: [0.3163094020498736, 0.1311287031533688, 0.02781354276856851]
AVERAGE FITNESS: 0.520901117228786
Starting Step 102
AVERAGE FITNESS: 0.4958252957176846
Starting Step 103
New Best Found : 0.16842262745682823
With raw values: [0.3150018929958053, 0.14023066011415525, 0.024662558652118523]
AVERAGE FITNESS: 0.3140997276105961
Starting Step 104
AVERAGE FITNESS: 0.32456850696661194
Starting Step 105
AVERAGE FITNESS: 0.39429252482578386
Starting Step 106
New Best Found : 0.16728176095730138
With raw values: [0.30889733512351425, 0.18422689507711146, 0.02397167337910751]
AVERAGE FITNESS: 0.45380069205238766
Starting Step 107
AVERAGE FITNESS: 0.33498476068788935
Starting Step 108
AVERAGE FITNESS: 0.2872758702335532
Starting Step 109
AVERAGE FITNESS: 0.49960589699075825
Starting Step 110
AVERAGE FITNESS: 0.4816915164722077
Starting Step 111
AVERAGE FITNESS: 0.3937198959989014
Starting Step 112
AVERAGE FITNESS: 0.29397493285744036
Starting Step 113
AVERAGE FITNESS: 0.25717227830843004
Starting Step 114
AVERAGE FITNESS: 0.3221227038340311
Starting Step 115
AVERAGE FITNESS: 0.4838398779954481
Starting Step 116
AVERAGE FITNESS: 0.31836179161463574
Starting Step 117
AVERAGE FITNESS: 0.4013536449558379
Starting Step 118
New Best Found : 0.16208361057857595
With raw values: [0.2974718832137387, 0.19583877442352168, 0.023319821558918638]
AVERAGE FITNESS: 0.5901129940114996
Starting Step 119
AVERAGE FITNESS: 0.46420170823827767
Starting Step 120
New Best Found : 0.16150025912067228
With raw values: [0.2973600284919258, 0.13514524904961062, 0.028275990756524993]
AVERAGE FITNESS: 1711.5269714759527
Starting Step 121
AVERAGE FITNESS: 0.3782711606132864
Starting Step 122
AVERAGE FITNESS: 0.2864860769343032
Starting Step 123
AVERAGE FITNESS: 0.3398697675200373
Starting Step 124
New Best Found : 0.16051232015101186
With raw values: [0.3037528581639833, 0.08829713586215135, 0.024493300566926467]
AVERAGE FITNESS: 1711.2284627032714
Starting Step 125
AVERAGE FITNESS: 0.40663700272309744
Starting Step 126
AVERAGE FITNESS: 0.5413815160071519
Starting Step 127
AVERAGE FITNESS: 0.43173086556105317
Starting Step 128
AVERAGE FITNESS: 0.279889822651925
Starting Step 129
AVERAGE FITNESS: 0.3520342765740721
Starting Step 130
AVERAGE FITNESS: 0.3162925134878894
Starting Step 131
AVERAGE FITNESS: 0.4209790664775373
Starting Step 132
AVERAGE FITNESS: 0.3032594266121245
Starting Step 133
AVERAGE FITNESS: 0.47835630701538223
Starting Step 134
AVERAGE FITNESS: 0.41730117125969685
Starting Step 135
AVERAGE FITNESS: 0.34981842041224415
Starting Step 136
New Best Found : 0.15879194924115775
With raw values: [0.29744760827549394, 0.10994701306490708, 0.025020783824446665]
AVERAGE FITNESS: 0.2585566858499951
Starting Step 137
AVERAGE FITNESS: 0.37051017228282596
Starting Step 138
AVERAGE FITNESS: 0.32191256385366723
Starting Step 139
AVERAGE FITNESS: 0.23984925916757696
Starting Step 140
AVERAGE FITNESS: 0.4632656124041821
Starting Step 141
AVERAGE FITNESS: 0.40371127484662633
Starting Step 142
New Best Found : 0.15642207352974916
With raw values: [0.28675896728343125, 0.1452300410818558, 0.027204383020856388]
AVERAGE FITNESS: 0.4441298568396217
Starting Step 143
AVERAGE FITNESS: 0.5051764868228209
Starting Step 144
AVERAGE FITNESS: 0.6843614879493053
Starting Step 145
AVERAGE FITNESS: 0.4980234050796358
Starting Step 146
AVERAGE FITNESS: 0.37446825871878014
Starting Step 147
AVERAGE FITNESS: 0.36903700607495776
Starting Step 148
AVERAGE FITNESS: 0.2832023062772943
Starting Step 149
AVERAGE FITNESS: 0.29427995157669495
Starting Step 150
New Best Found : 0.1553126761396458
With raw values: [0.2935704724941013, 0.08980403148527695, 0.02360574425062721]
AVERAGE FITNESS: 0.5498521029908742
Starting Step 151
AVERAGE FITNESS: 0.5605538597733136
Starting Step 152
AVERAGE FITNESS: 0.36781871299610974
Starting Step 153
AVERAGE FITNESS: 0.2880558363222509
Starting Step 154
AVERAGE FITNESS: 0.27762863831585655
Starting Step 155
AVERAGE FITNESS: 0.5055111779267483
Starting Step 156
AVERAGE FITNESS: 0.2675672638953828
Starting Step 157
AVERAGE FITNESS: 0.40552643897279933
Starting Step 158
AVERAGE FITNESS: 0.40595285370847484
Starting Step 159
AVERAGE FITNESS: 0.5507016030636149
Starting Step 160
AVERAGE FITNESS: 0.3721989562003812
Starting Step 161
New Best Found : 0.15382910698755967
With raw values: [0.29135592187887693, 0.06635935448516724, 0.025049267346481666]
AVERAGE FITNESS: 0.43890951749763
Starting Step 162
AVERAGE FITNESS: 0.4170994094238167
Starting Step 163
AVERAGE FITNESS: 0.3695023154126799
Starting Step 164
AVERAGE FITNESS: 0.5238448305234719
Starting Step 165
AVERAGE FITNESS: 0.40161470933445337
Starting Step 166
New Best Found : 0.15294057278208592
With raw values: [0.28906950482280525, 0.049877904081320736, 0.027117907611443066]
AVERAGE FITNESS: 0.2902774898417227
Starting Step 167
AVERAGE FITNESS: 0.2554890635716877
Starting Step 168
AVERAGE FITNESS: 0.25669049441753783
Starting Step 169
AVERAGE FITNESS: 0.278360020130132
Starting Step 170
New Best Found : 0.1528764194980218
With raw values: [0.2931586911125172, 0.05596236266705571, 0.022285553566623074]
AVERAGE FITNESS: 0.31146851203730247
Starting Step 171
New Best Found : 0.15197532252191273
With raw values: [0.2910403465448444, 0.056519077087260866, 0.02245592304244623]
AVERAGE FITNESS: 0.29691823021014696
Starting Step 172
AVERAGE FITNESS: 0.29237659030405055
Starting Step 173
AVERAGE FITNESS: 0.9622449435461302
Starting Step 174
New Best Found : 0.15069440379353585
With raw values: [0.28381600935688556, 0.07006649418988016, 0.025635589190551703]
AVERAGE FITNESS: 0.37577864096919616
Starting Step 175
AVERAGE FITNESS: 0.3166777986486251
Starting Step 176
AVERAGE FITNESS: 0.30809523513447373
Starting Step 177
AVERAGE FITNESS: 0.5141071678488321
Starting Step 178
AVERAGE FITNESS: 0.3228721717631061
Starting Step 179
AVERAGE FITNESS: 0.4901901007224838
Starting Step 180
New Best Found : 0.14904397040815123
With raw values: [0.276714497628647, 0.06152008796118762, 0.030125831432351792]
AVERAGE FITNESS: 0.2960938985703292
Starting Step 181
AVERAGE FITNESS: 0.3151653619072457
Starting Step 182
AVERAGE FITNESS: 0.3286928729758104
Starting Step 183
New Best Found : 0.14806778857736425
With raw values: [0.27605601068909175, 0.037152050185879776, 0.031171140304785246]
AVERAGE FITNESS: 0.460178890002707
Starting Step 184
AVERAGE FITNESS: 0.394682118389003
Starting Step 185
AVERAGE FITNESS: 0.3571124660459295
Starting Step 186
AVERAGE FITNESS: 0.36648614558270015
Starting Step 187
AVERAGE FITNESS: 0.3442762015329881
Starting Step 188
AVERAGE FITNESS: 0.27718348435339285
Starting Step 189
New Best Found : 0.14640206167669437
With raw values: [0.26735452368442886, 0.09067329326799084, 0.03102247650983023]
AVERAGE FITNESS: 0.3151330508481377
Starting Step 190
AVERAGE FITNESS: 1711.2260980612089
Starting Step 191
New Best Found : 0.14434323456694648
With raw values: [0.2577194689319999, 0.10124670824592073, 0.035276652833995704]
AVERAGE FITNESS: 0.3519049649654782
Starting Step 192
AVERAGE FITNESS: 0.4386060738799256
Starting Step 193
AVERAGE FITNESS: 0.26531149819493266
Starting Step 194
New Best Found : 0.1439022901075217
With raw values: [0.2614621604956052, 0.06365523996764702, 0.03436712473342565]
AVERAGE FITNESS: 0.32815790088170826
Starting Step 195
AVERAGE FITNESS: 0.33144312362055994
Starting Step 196
New Best Found : 0.14274365429093283
With raw values: [0.2563698723960512, 0.08326309937624517, 0.03506549167728323]
AVERAGE FITNESS: 0.30687193132620744
Starting Step 197
AVERAGE FITNESS: 0.6394883408229038
Starting Step 198
AVERAGE FITNESS: 0.42933673719758514
Starting Step 199
AVERAGE FITNESS: 0.2741200062568155
Optimize best
Cleaning up
Run time:10271.649453878403