*********** Running Genetic Algorithm ***********
running FuranAM1_3
running FuranDFT_3
running FuranAM1_2
running FuranDFT_2
running FuranAM1_0
running FuranDFT_0
running FuranAM1_1
running FuranDFT_1
running FuranAM1_7
running FuranDFT_7
running FuranAM1_4
running FuranDFT_4
running FuranAM1_5
running FuranDFT_5
running FuranAM1_6
running FuranDFT_6
running FuranAM1_8
running FuranDFT_8
running FuranAM1_11
running FuranDFT_11
running FuranAM1_9
running FuranDFT_9
running FuranAM1_10
running FuranDFT_10
running FuranAM1_12
running FuranDFT_12
running FuranAM1_13
running FuranDFT_13
running FuranAM1_14
running FuranDFT_14
running FuranAM1_15
running FuranDFT_15
running FuranAM1_16
running FuranDFT_16
running FuranAM1_17
running FuranDFT_17
running FuranAM1_19
running FuranDFT_19
running FuranAM1_18
running FuranDFT_18
running FuranAM1_21
running FuranDFT_21
running FuranAM1_20
running FuranDFT_20
running FuranAM1_22
running FuranDFT_22
running FuranAM1_23
running FuranDFT_23
running FuranAM1_24
running FuranDFT_24
running FuranAM1_25
running FuranDFT_25
running FuranAM1_26
running FuranDFT_26
running FuranAM1_27
running FuranDFT_27
running FuranAM1_28
running FuranDFT_28
running FuranAM1_29
running FuranDFT_29
running FuranAM1_30
running FuranDFT_30
running FuranAM1_31
running FuranDFT_31
running FuranAM1_32
running FuranDFT_32
running FuranAM1_33
running FuranDFT_33
running FuranAM1_34
running FuranDFT_34
running FuranAM1_35
running FuranDFT_35
running FuranAM1_36
running FuranDFT_36
running FuranAM1_37
running FuranDFT_37
running FuranAM1_38
running FuranDFT_38
running FuranAM1_39
running FuranDFT_39
running FuranAM1_40
running FuranDFT_40
running FuranAM1_41
running FuranDFT_41
running FuranAM1_43
running FuranDFT_43
running FuranAM1_42
running FuranDFT_42
running FuranAM1_44
running FuranDFT_44
running FuranAM1_45
running FuranDFT_45
running FuranAM1_46
running FuranDFT_46
running FuranAM1_47
running FuranDFT_47
running FuranAM1_48
running FuranDFT_48
running FuranAM1_50
running FuranDFT_50
running FuranAM1_49
running FuranDFT_49
running FuranAM1_51
running FuranDFT_51
running FuranAM1_52
running FuranDFT_52
running FuranAM1_53
running FuranDFT_53
running FuranAM1_55
running FuranDFT_55
running FuranAM1_54
running FuranDFT_54
running FuranAM1_56
running FuranDFT_56
running FuranAM1_57
running FuranDFT_57
running FuranAM1_58
running FuranDFT_58
running FuranAM1_59
running FuranDFT_59
running FuranAM1_60
running FuranDFT_60
running FuranAM1_61
running FuranDFT_61
running FuranAM1_62
running FuranDFT_62
running FuranAM1_63
running FuranDFT_63
running FuranAM1_64
running FuranDFT_64
running FuranAM1_65
running FuranDFT_65
running FuranAM1_67
running FuranDFT_67
running FuranAM1_66
running FuranDFT_66
running FuranAM1_68
running FuranDFT_68
running FuranAM1_69
running FuranDFT_69
running FuranAM1_70
running FuranDFT_70
running FuranAM1_71
running FuranDFT_71
running FuranAM1_74
running FuranDFT_74
running FuranAM1_72
running FuranDFT_72
running FuranAM1_73
running FuranDFT_73
running FuranAM1_75
running FuranDFT_75
running FuranAM1_76
running FuranDFT_76
running FuranAM1_77
running FuranDFT_77
running FuranAM1_78
running FuranDFT_78
running FuranAM1_79
running FuranDFT_79
running FuranAM1_80
running FuranDFT_80
running FuranAM1_81
running FuranDFT_81
running FuranAM1_82
running FuranDFT_82
running FuranAM1_83
running FuranDFT_83
running FuranAM1_84
running FuranDFT_84
running FuranAM1_85
running FuranDFT_85
running FuranAM1_86
running FuranDFT_86
running FuranAM1_87
running FuranDFT_87
running FuranAM1_88
running FuranDFT_88
running FuranAM1_89
running FuranDFT_89
running FuranAM1_90
running FuranDFT_90
running FuranAM1_91
running FuranDFT_91
running FuranAM1_92
running FuranDFT_92
running FuranAM1_93
running FuranDFT_93
running FuranAM1_94
running FuranDFT_94
running FuranAM1_95
running FuranDFT_95
running FuranAM1_96
running FuranDFT_96
running FuranAM1_97
running FuranDFT_97
running FuranAM1_98
running FuranDFT_98
running FuranAM1_99
running FuranDFT_99
updating raw_fitness [0.6212487858462588]
0.6212487858462588
0.6101661899401003
Finished evolution 0,  finding fitness: 0.9821607765541757
found new best: 0.9821607765541757
0.0051164867963511725
Finished evolution 1,  finding fitness: 0.008235809731815485
found new best: 0.008235809731815485
0.00439333498754151
Finished evolution 2,  finding fitness: 0.0070717804004348335
found new best: 0.0070717804004348335
0.005791983157883876
Finished evolution 3,  finding fitness: 0.009323129943818072
0.6671603414580243
Finished evolution 4,  finding fitness: 1.0739020448132148
0.004208061649182138
Finished evolution 5,  finding fitness: 0.006773553116003211
found new best: 0.006773553116003211
0.003269979100828265
Finished evolution 6,  finding fitness: 0.005263558135367513
found new best: 0.005263558135367513
0.0034720399888233723
Finished evolution 7,  finding fitness: 0.005588807685304036
0.003851433078150934
Finished evolution 8,  finding fitness: 0.0061995019803613
0.005092895735395549
Finished evolution 9,  finding fitness: 0.008197836118839345
0.0053556632880315804
Finished evolution 10,  finding fitness: 0.008620802824968342
0.002609971365840975
Finished evolution 11,  finding fitness: 0.0042011693629078065
found new best: 0.0042011693629078065
0.00411502078692932
Finished evolution 12,  finding fitness: 0.0066237888599232925
0.005159004783169197
Finished evolution 13,  finding fitness: 0.008304249280973086
0.009623013959479553
Finished evolution 14,  finding fitness: 0.015489791173388261
0.0233596988760927
Finished evolution 15,  finding fitness: 0.037601198438194705
0.002759601752368812
Finished evolution 16,  finding fitness: 0.004442023574516465
0.005316892991595805
Finished evolution 17,  finding fitness: 0.00855839578720977
0.002505330602553676
Finished evolution 18,  finding fitness: 0.004032733197443501
found new best: 0.004032733197443501
0.9020703485867868
Finished evolution 19,  finding fitness: 1.4520275437770003
0.0020512851406951486
Finished evolution 20,  finding fitness: 0.003301873882780968
found new best: 0.003301873882780968
0.0027007326984905657
Finished evolution 21,  finding fitness: 0.004347264348873785
0.0027150871304848475
Finished evolution 22,  finding fitness: 0.004370370119575177
0.001835635784248083
Finished evolution 23,  finding fitness: 0.0029547515038562187
found new best: 0.0029547515038562187
0.0011476408222206014
Finished evolution 24,  finding fitness: 0.0018473127809132002
found new best: 0.0018473127809132002
0.0018395379307522284
Finished evolution 25,  finding fitness: 0.0029610326372653244
0.018288365667396035
Finished evolution 26,  finding fitness: 0.029438070679661466
0.003720129285859646
Finished evolution 27,  finding fitness: 0.00598814737447273
0.0013740176769001628
Finished evolution 28,  finding fitness: 0.0022117027963740646
18.218399670635314
Finished evolution 29,  finding fitness: 29.325449136803375
0.011084181225393695
Finished evolution 30,  finding fitness: 0.017841775272518137
0.5221219510202408
Finished evolution 31,  finding fitness: 0.8404393906525092
0.00782405538831965
Finished evolution 32,  finding fitness: 0.012594077552460408
0.004553508214359088
Finished evolution 33,  finding fitness: 0.007329605011873537
0.0014772873920125672
Finished evolution 34,  finding fitness: 0.002377932038933841
0.027529533636146603
Finished evolution 35,  finding fitness: 0.044313219218040246
0.001145212901306502
Finished evolution 36,  finding fitness: 0.001843404651079526
found new best: 0.001843404651079526
0.002000126415394958
Finished evolution 37,  finding fitness: 0.0032195256730689725
0.0010276513316763043
Finished evolution 38,  finding fitness: 0.0016541703663475948
found new best: 0.0016541703663475948
0.0010173357999424548
Finished evolution 39,  finding fitness: 0.0016375658562562023
found new best: 0.0016375658562562023
3.6961100444384782
Finished evolution 40,  finding fitness: 5.949484536060179
0.00459067455390467
Finished evolution 41,  finding fitness: 0.0073894302226302135
0.0013639679127999264
Finished evolution 42,  finding fitness: 0.0021955260821024274
0.0014827669945244922
Finished evolution 43,  finding fitness: 0.002386752341905477
0.0008381525157289015
Finished evolution 44,  finding fitness: 0.001349141495040797
found new best: 0.001349141495040797
0.001972169902645523
Finished evolution 45,  finding fitness: 0.0031745251621845077
0.002582758387692229
Finished evolution 46,  finding fitness: 0.004157365690741789
0.000780312385950102
Finished evolution 47,  finding fitness: 0.0012560384884892264
found new best: 0.0012560384884892264
0.002787026293788918
Finished evolution 48,  finding fitness: 0.004486167791849217
0.005233307938276442
Finished evolution 49,  finding fitness: 0.008423852178878198
0.001328256867816811
Finished evolution 50,  finding fitness: 0.002138043402382627
0.6336135517226021
Finished evolution 51,  finding fitness: 1.0199030825621658
0.0015963530134252505
Finished evolution 52,  finding fitness: 0.002569587337302744
0.0015016428834585098
Finished evolution 53,  finding fitness: 0.0024171361259289824
0.0010306224123862008
Finished evolution 54,  finding fitness: 0.001658952799372151
0.0018084552731951517
Finished evolution 55,  finding fitness: 0.002911000092711155
0.002127014588103339
Finished evolution 56,  finding fitness: 0.003423772627910961
0.0009229000755747038
Finished evolution 57,  finding fitness: 0.0014855563448989903
0.0004003983372936641
Finished evolution 58,  finding fitness: 0.0006445056254689425
found new best: 0.0006445056254689425
0.0010084905740232039
Finished evolution 59,  finding fitness: 0.0016233280402302088
0.00028737267895157447
Finished evolution 60,  finding fitness: 0.0004625726206613319
found new best: 0.0004625726206613319
0.00246795728912567
Finished evolution 61,  finding fitness: 0.003972574828880903
0.27373394555389696
Finished evolution 62,  finding fitness: 0.44061888214561157
0.0031516284772119354
Finished evolution 63,  finding fitness: 0.005073053741133384
0.0041685598131405415
Finished evolution 64,  finding fitness: 0.0067099685474027474
0.0003330548379203717
Finished evolution 65,  finding fitness: 0.0005361054146233667
0.6998808498960135
Finished evolution 66,  finding fitness: 1.1265709742074472
0.0010496028039286558
Finished evolution 67,  finding fitness: 0.0016895047971786337
0.0006517068038782807
Finished evolution 68,  finding fitness: 0.0010490270866131872
0.0003855590502511531
Finished evolution 69,  finding fitness: 0.0006206194024603984
0.34337285497826214
Finished evolution 70,  finding fitness: 0.5527139252441727
0.0006241891080831241
Finished evolution 71,  finding fitness: 0.0010047329223072203
0.0005139572197418758
Finished evolution 72,  finding fitness: 0.0008272969403743277
0.0006863961683439856
Finished evolution 73,  finding fitness: 0.0011048652069540607
0.00032516970240878407
Finished evolution 74,  finding fitness: 0.0005234130187728918
0.0009164483336962474
Finished evolution 75,  finding fitness: 0.0014751712270115278
0.002001522854573793
Finished evolution 76,  finding fitness: 0.0032217734668846705
0.7606944154048245
Finished evolution 77,  finding fitness: 1.2244602045678277
0.0027049947679424866
Finished evolution 78,  finding fitness: 0.004354124836248606
0.0008584513453108545
Finished evolution 79,  finding fitness: 0.0013818157312637334
0.000973198673494099
Finished evolution 80,  finding fitness: 0.0015665200410306117
0.000666374949926663
Finished evolution 81,  finding fitness: 0.0010726378306219688
0.002678687688717291
Finished evolution 82,  finding fitness: 0.004311779354334528
0.0008831371937612582
Finished evolution 83,  finding fitness: 0.0014215515810759416
0.00026747742379614354
Finished evolution 84,  finding fitness: 0.00043054800249112525
found new best: 0.00043054800249112525
0.25656740843894826
Finished evolution 85,  finding fitness: 0.4129865752404727
0.00031517542102483447
Finished evolution 86,  finding fitness: 0.0005073256128710267
0.001086468317381829
Finished evolution 87,  finding fitness: 0.0017488457798784315
0.0011406441964643716
Finished evolution 88,  finding fitness: 0.001836050584647176
0.004767405554576491
Finished evolution 89,  finding fitness: 0.0076739072384381084
0.0005579882819881015
Finished evolution 90,  finding fitness: 0.0008981720281803297
0.0006761887073404834
Finished evolution 91,  finding fitness: 0.0010884346541126613
0.00344999217154356
Finished evolution 92,  finding fitness: 0.0055533181716307355
0.0003672194137139723
Finished evolution 93,  finding fitness: 0.0005910988030564113
0.000536360979141176
Finished evolution 94,  finding fitness: 0.0008633594002289284
0.000774686492146833
Finished evolution 95,  finding fitness: 0.001246982706117587
0.0004343105005723149
Finished evolution 96,  finding fitness: 0.0006990927152971439
0.0004611664562590939
Finished evolution 97,  finding fitness: 0.0007423217022966052
0.0019153364821568471
Finished evolution 98,  finding fitness: 0.0030830426164097776
0.00025105309119538723
Finished evolution 99,  finding fitness: 0.0004041103933159487
found new best: 0.0004041103933159487
0.002376941749870731
Finished evolution 100,  finding fitness: 0.003826070656432568
0.000628303422702345
Finished evolution 101,  finding fitness: 0.001011355574476458
0.005819156545390146
Finished evolution 102,  finding fitness: 0.009366869888467227
0.0004655112778742949
Finished evolution 103,  finding fitness: 0.000749315392609066
0.0009737959124891089
Finished evolution 104,  finding fitness: 0.0015674813934044378
0.21355382574423024
Finished evolution 105,  finding fitness: 0.34374928468202864
0.0011106401894700724
Finished evolution 106,  finding fitness: 0.0017877543019374593
0.003616739059956346
Finished evolution 107,  finding fitness: 0.005821724150381495
0.000376564938064128
Finished evolution 108,  finding fitness: 0.0006061419300018029
0.001813094579343667
Finished evolution 109,  finding fitness: 0.0029184678033195477
0.00994437120457359
Finished evolution 110,  finding fitness: 0.016007067427950734
0.001348890929264653
Finished evolution 111,  finding fitness: 0.002171257248297407
0.0005600415618011177
Finished evolution 112,  finding fitness: 0.0009014771128095403
0.00646549882304962
Finished evolution 113,  finding fitness: 0.010407261905940601
0.008135420825555028
Finished evolution 114,  finding fitness: 0.01309527038265844
0.0005798112437045011
Finished evolution 115,  finding fitness: 0.0009332996006015337
0.0010002187879691996
Finished evolution 116,  finding fitness: 0.0016100132680448007
0.0009404447824081885
Finished evolution 117,  finding fitness: 0.0015137973768868202
0.0013908640392833666
Finished evolution 118,  finding fitness: 0.0022388197304703717
0.0019928707208882487
Finished evolution 119,  finding fitness: 0.0032078464639147433
0.3180007374160198
Finished evolution 120,  finding fitness: 0.5118734147429237
0.0011386693602941842
Finished evolution 121,  finding fitness: 0.0018328717676978643
0.00043659672045628364
Finished evolution 122,  finding fitness: 0.0007027727544956986
0.002065437404097547
Finished evolution 123,  finding fitness: 0.003324654230565665
0.0008508647304537889
Finished evolution 124,  finding fitness: 0.0013696038524964676
0.0020167061037760997
Finished evolution 125,  finding fitness: 0.0032462133523994954
0.00048404975698543095
Finished evolution 126,  finding fitness: 0.0007791560611680928
0.00962604111252047
Finished evolution 127,  finding fitness: 0.015494663863862487
0.0015279280621607397
Finished evolution 128,  finding fitness: 0.0024594463554233133
0.011526865395811617
Finished evolution 129,  finding fitness: 0.018554346758376097
0.00023771960843287096
Finished evolution 130,  finding fitness: 0.0003826480048714328
found new best: 0.0003826480048714328
0.0020410521816015786
Finished evolution 131,  finding fitness: 0.0032854022866560264
0.00024409544111340204
Finished evolution 132,  finding fitness: 0.00039291093467635146
0.0004209774995905164
Finished evolution 133,  finding fitness: 0.0006776311023563051
0.0007232813100692709
Finished evolution 134,  finding fitness: 0.0011642377845198111
0.0026441945955642567
Finished evolution 135,  finding fitness: 0.0042562571642894426
0.0009322385190699863
Finished evolution 136,  finding fitness: 0.0015005880740677833
0.00033973924209785157
Finished evolution 137,  finding fitness: 0.0005468650399615063
0.008408774286602694
Finished evolution 138,  finding fitness: 0.013535276813697667
0.0010150959087372826
Finished evolution 139,  finding fitness: 0.0016339603905294227
0.0009370145241431964
Finished evolution 140,  finding fitness: 0.0015082758236167895
0.0010976584127853823
Finished evolution 141,  finding fitness: 0.0017668580410827898
0.0003712089018598941
Finished evolution 142,  finding fitness: 0.0005975205269081325
0.0005131428862500949
Finished evolution 143,  finding fitness: 0.0008259861394354225
0.00035971736970496826
Finished evolution 144,  finding fitness: 0.0005790230546929197
0.0005214067060175447
Finished evolution 145,  finding fitness: 0.0008392880885993038
0.005538665983252695
Finished evolution 146,  finding fitness: 0.008915375143482946
0.000520949741412275
Finished evolution 147,  finding fitness: 0.0008385525304530658
0.002184763012252196
Finished evolution 148,  finding fitness: 0.003516728019477952
0.00363674975897682
Finished evolution 149,  finding fitness: 0.005853934594049752
0.00637547298529982
Finished evolution 150,  finding fitness: 0.01026235081749933
0.003263401021593615
Finished evolution 151,  finding fitness: 0.0052529696571531215
0.332909810274317
Finished evolution 152,  finding fitness: 0.5358719692640214
0.028762457940027988
Finished evolution 153,  finding fitness: 0.04629780950130641
0.00155109521982181
Finished evolution 154,  finding fitness: 0.002496737627758779
0.0003250277154702452
Finished evolution 155,  finding fitness: 0.0005231844679221317
3.043073980937198
Finished evolution 156,  finding fitness: 4.898317791948605
0.00021843691387181396
Finished evolution 157,  finding fitness: 0.00035160940165743974
found new best: 0.00035160940165743974
0.00022118892950597456
Finished evolution 158,  finding fitness: 0.00035603921415262526
0.0043938570987855355
Finished evolution 159,  finding fitness: 0.007072620822590853
0.00025728207574931964
Finished evolution 160,  finding fitness: 0.0004141369474048189
0.0025332009566699787
Finished evolution 161,  finding fitness: 0.004077595022128338
0.0029302898058011133
Finished evolution 162,  finding fitness: 0.00471677349326245
0.0003837698568175393
Finished evolution 163,  finding fitness: 0.0006177394074014517
0.0006956931295741518
Finished evolution 164,  finding fitness: 0.0011198301637346231
0.004339679536329168
Finished evolution 165,  finding fitness: 0.006985413308160757
0.0005585814886401872
Finished evolution 166,  finding fitness: 0.0008991268898486348
0.00027730843581482616
Finished evolution 167,  finding fitness: 0.00044637260004794926
0.0003716888228860286
Finished evolution 168,  finding fitness: 0.000598293037111884
0.00028395941867203944
Finished evolution 169,  finding fitness: 0.00045707842838716025
0.00028994162495325716
Finished evolution 170,  finding fitness: 0.00046670775309170484
0.0009266974053991775
Finished evolution 171,  finding fitness: 0.0014916687589768723
0.0003152312239982203
Finished evolution 172,  finding fitness: 0.0005074154367461911
0.0010629693687025346
Finished evolution 173,  finding fitness: 0.0017110204364497365
0.00029909938480686865
Finished evolution 174,  finding fitness: 0.00048144864283225687
0.0006723721226755086
Finished evolution 175,  finding fitness: 0.001082291246267162
0.0005263931491110373
Finished evolution 176,  finding fitness: 0.000847314572042165
0.003564364011186816
Finished evolution 177,  finding fitness: 0.0057374180721037156
0.0006718510235965401
Finished evolution 178,  finding fitness: 0.0010814524533538548
0.0017313259051993865
Finished evolution 179,  finding fitness: 0.0027868479498772652
0.001572844312085087
Finished evolution 180,  finding fitness: 0.0025317462953952895
0.0021494893691007756
Finished evolution 181,  finding fitness: 0.0034599494084688845
0.003616863987496058
Finished evolution 182,  finding fitness: 0.005821925241381684
0.000324771864808486
Finished evolution 183,  finding fitness: 0.0005227726350661355
0.00045289062040270274
Finished evolution 184,  finding fitness: 0.0007290004113018584
0.0005046322237099418
Finished evolution 185,  finding fitness: 0.0008122868570640938
0.00027894241624261157
Finished evolution 186,  finding fitness: 0.00044900275477019897
0.0002547457092201821
Finished evolution 187,  finding fitness: 0.00041005425688385065
0.00027517540643924343
Finished evolution 188,  finding fitness: 0.0004429391456506467
0.0013412085085893228
Finished evolution 189,  finding fitness: 0.002158891154631944
0.0014160633776307146
Finished evolution 190,  finding fitness: 0.002279382124991629
0.0006342334085299729
Finished evolution 191,  finding fitness: 0.0010209008419485707
0.00029414855176916203
Finished evolution 192,  finding fitness: 0.000473479479510734
0.00312784507127149
Finished evolution 193,  finding fitness: 0.005034770517918633
0.0007917230920496821
Finished evolution 194,  finding fitness: 0.0012744058581478032
0.0005896638542865736
Finished evolution 195,  finding fitness: 0.0009491589645255234
0.0003505056129450325
Finished evolution 196,  finding fitness: 0.0005641952482330848
0.0008124226700128666
Finished evolution 197,  finding fitness: 0.0013077251634483161
0.0014584662178968896
Finished evolution 198,  finding fitness: 0.002347636327224659
0.00037350156659401345
Finished evolution 199,  finding fitness: 0.0006012109401312284
0.0023993195543506964
Finished evolution 200,  finding fitness: 0.003862091337663329
0.001305427926327943
Finished evolution 201,  finding fitness: 0.002101296543460769
0.00382552228939525
Finished evolution 202,  finding fitness: 0.006157794391797744
0.0005105622622498191
Finished evolution 203,  finding fitness: 0.0008218322093850636
0.00043301930526969736
Finished evolution 204,  finding fitness: 0.0006970143284543291
0.00036562403230790244
Finished evolution 205,  finding fitness: 0.0005885307796776667
0.0006603664476183597
Finished evolution 206,  finding fitness: 0.0010629661782257092
0.0007375339487442656
Finished evolution 207,  finding fitness: 0.001187179702475562
0.005958415610177703
Finished evolution 208,  finding fitness: 0.009591029786981732
0.004551385558551644
Finished evolution 209,  finding fitness: 0.007326188255405269
0.01082469744548075
Finished evolution 210,  finding fitness: 0.017424094327581595
0.004168874973375602
Finished evolution 211,  finding fitness: 0.006710475848571362
0.00751136441830056
Finished evolution 212,  finding fitness: 0.012090751063712192
0.0023107919697068417
Finished evolution 213,  finding fitness: 0.003719591928955007
0.0013346478839756852
Finished evolution 214,  finding fitness: 0.0021483307724418995
0.001119338675782651
Finished evolution 215,  finding fitness: 0.0018017559169277077
0.002770009872727505
Finished evolution 216,  finding fitness: 0.004458777120914975
0.008673644756904315
Finished evolution 217,  finding fitness: 0.013961628504575932
0.0009306343012757878
Finished evolution 218,  finding fitness: 0.0014980058270988607
0.754654860476297
Finished evolution 219,  finding fitness: 1.21473856797694
0.00035155815082732293
Finished evolution 220,  finding fitness: 0.000565889477511709
0.0005612164502966507
Finished evolution 221,  finding fitness: 0.0009033682851100744
0.001225758531611276
Finished evolution 222,  finding fitness: 0.0019730558184376332
0.0006260684833059348
Finished evolution 223,  finding fitness: 0.0010077580794835852
0.00910792627506665
Finished evolution 224,  finding fitness: 0.014660674568015335
0.00046270154841433075
Finished evolution 225,  finding fitness: 0.0007447926804139238
0.006210298706644552
Finished evolution 226,  finding fitness: 0.009996476207490605
0.0006070428845082339
Finished evolution 227,  finding fitness: 0.0009771333133171863
0.022116727120403027
Finished evolution 228,  finding fitness: 0.03560043516266329
0.0004188043720716376
Finished evolution 229,  finding fitness: 0.0006741331035378147
0.00022043491607136282
Finished evolution 230,  finding fitness: 0.0003548255080629069
0.0016195626634261618
Finished evolution 231,  finding fitness: 0.002606947007904426
0.00023880160760786153
Finished evolution 232,  finding fitness: 0.00038438965684668247
0.0010045377062170866
Finished evolution 233,  finding fitness: 0.0016169652627147039
0.01824497222185821
Finished evolution 234,  finding fitness: 0.029368221938663584
0.00047911672676924556
Finished evolution 235,  finding fitness: 0.0007712155543557282
0.00045863280621140915
Finished evolution 236,  finding fitness: 0.0007382433843901428
0.0001259025574000251
Finished evolution 237,  finding fitness: 0.00020266044822690786
found new best: 0.00020266044822690786
0.0013767797761855688
Finished evolution 238,  finding fitness: 0.0022161488401303405
0.0002413118727195993
Finished evolution 239,  finding fitness: 0.0003884303329315754
0.0012888158927422308
Finished evolution 240,  finding fitness: 0.0020745567993128854
0.00014653043859805904
Finished evolution 241,  finding fitness: 0.00023586434603402366
0.002002083018059711
Finished evolution 242,  finding fitness: 0.0032226751402539867
0.00014246802469730736
Finished evolution 243,  finding fitness: 0.000229325236432034
0.0001376453215397569
Finished evolution 244,  finding fitness: 0.00022156231879352144
0.008814312473538236
Finished evolution 245,  finding fitness: 0.014188055855161905
0.0022244710594282683
Finished evolution 246,  finding fitness: 0.0035806445181186413
0.0005341466888516745
Finished evolution 247,  finding fitness: 0.0008597951433000634
0.001902426266181506
Finished evolution 248,  finding fitness: 0.0030622615440447747
0.0003704425648651783
Finished evolution 249,  finding fitness: 0.0005962869840631805
0.00019417761946352406
Finished evolution 250,  finding fitness: 0.00031256015929112405
0.0009874905211811277
Finished evolution 251,  finding fitness: 0.0015895250722075508
0.002315715656291936
Finished evolution 252,  finding fitness: 0.0037275173956879317
0.0012991421519435433
Finished evolution 253,  finding fitness: 0.0020911785769912854
0.002548383993225838
Finished evolution 254,  finding fitness: 0.00410203456535445
0.0004999115127492877
Finished evolution 255,  finding fitness: 0.0008046881122967723
0.00019917286795888267
Finished evolution 256,  finding fitness: 0.00032060081644678213
0.007640822864096244
Finished evolution 257,  finding fitness: 0.012299135287142642
0.000980423172647057
Finished evolution 258,  finding fitness: 0.0015781490362376074
1.4852965545633006
Finished evolution 259,  finding fitness: 2.3908240762837787
0.00039138563600649715
Finished evolution 260,  finding fitness: 0.0006299982308590843
0.00016159790162412996
Finished evolution 261,  finding fitness: 0.0002601178550457897
0.0004676784837339212
Finished evolution 262,  finding fitness: 0.0007528038595630483
0.00010542493062252935
Finished evolution 263,  finding fitness: 0.00016969840911466828
found new best: 0.00016969840911466828
0.0005747744711750223
Finished evolution 264,  finding fitness: 0.0009251921038237047
0.0005970144752168899
Finished evolution 265,  finding fitness: 0.0009609909730505837
0.00030598611846903694
Finished evolution 266,  finding fitness: 0.00049253395006998
0.002828930892760876
Finished evolution 267,  finding fitness: 0.00455361999445574
0.011138664049931482
Finished evolution 268,  finding fitness: 0.017929474155444033
0.010400264235939484
Finished evolution 269,  finding fitness: 0.01674090070336693
0.00046564767216314575
Finished evolution 270,  finding fitness: 0.0007495349411892133
0.0009061415617583604
Finished evolution 271,  finding fitness: 0.0014585808172228837
0.00015343381359656514
Finished evolution 272,  finding fitness: 0.00024697644018339477
0.00029087765338436006
Finished evolution 273,  finding fitness: 0.0004682144416397201
0.00015129877531149286
Finished evolution 274,  finding fitness: 0.00024353975212264636
0.0005466156718808904
Finished evolution 275,  finding fitness: 0.0008798659801584901
0.0009096433643639791
Finished evolution 276,  finding fitness: 0.0014642175326344859
0.001770911569508284
Finished evolution 277,  finding fitness: 0.0028505674535781447
0.0062075824890017225
Finished evolution 278,  finding fitness: 0.009992104017629294
0.001150404147758816
Finished evolution 279,  finding fitness: 0.0018517607985209135
0.004096248520066511
Finished evolution 280,  finding fitness: 0.0065935718723162465
0.00010998222474554561
Finished evolution 281,  finding fitness: 0.00017703410815641103
0.000668990364659019
Finished evolution 282,  finding fitness: 0.0010768477619601737
0.0016639115486454647
Finished evolution 283,  finding fitness: 0.0026783336829848308
0.0004850622940776084
Finished evolution 284,  finding fitness: 0.0007807859027311602
0.0002292554224594012
Finished evolution 285,  finding fitness: 0.00036902353402125653
0.0004309759953220758
Finished evolution 286,  finding fitness: 0.0006937252919295523
0.00017032934391878602
Finished evolution 287,  finding fitness: 0.00027417251799818833
0.0031125302520419954
Finished evolution 288,  finding fitness: 0.005010118849249965
0.00024670414507234144
Finished evolution 289,  finding fitness: 0.0003971100639436801
0.00015426062671928
Finished evolution 290,  finding fitness: 0.00024830732909867623
0.004125437144562516
Finished evolution 291,  finding fitness: 0.006640555665542086
0.1234574637136245
Finished evolution 292,  finding fitness: 0.1987246760497922
0.0003377390904204268
Finished evolution 293,  finding fitness: 0.0005436454736251308
0.00016002809471775314
Finished evolution 294,  finding fitness: 0.0002575909979441883
0.0008232872902435922
Finished evolution 295,  finding fitness: 0.001325213519930053
0.01067389293071252
Finished evolution 296,  finding fitness: 0.017181350167425523
0.0015923324035261167
Finished evolution 297,  finding fitness: 0.0025631155179757135
0.0016791357716795755
Finished evolution 298,  finding fitness: 0.0027028395224825653
0.0016783452234655804
Finished evolution 299,  finding fitness: 0.0027015670077799115
0.0007074890479670257
Finished evolution 300,  finding fitness: 0.001138817594634477
0.00010601897581931033
Finished evolution 301,  finding fitness: 0.0001706546205557446
0.001579879231970532
Finished evolution 302,  finding fitness: 0.002543070132231223
0.0012228684168442477
Finished evolution 303,  finding fitness: 0.001968403713141216
0.0022814139521670587
Finished evolution 304,  finding fitness: 0.003672303277115206
0.0025350267738450476
Finished evolution 305,  finding fitness: 0.004080533968999006
0.0017496029126190268
Finished evolution 306,  finding fitness: 0.0028162677376274235
0.00011690067818540121
Finished evolution 307,  finding fitness: 0.00018817047348617397
0.001374003921658561
Finished evolution 308,  finding fitness: 0.0022116806550968255
0.00026697175580193527
Finished evolution 309,  finding fitness: 0.0004297340483945881
0.16886027647949828
Finished evolution 310,  finding fitness: 0.27180781729734654
0.00015131936299773554
Finished evolution 311,  finding fitness: 0.00024357289132019767
0.0010702472781317935
Finished evolution 312,  finding fitness: 0.0017227354041004902
0.0009330286972462505
Finished evolution 313,  finding fitness: 0.0015018599931350986
0.0023754389887953313
Finished evolution 314,  finding fitness: 0.003823651720396576
0.0005266198496484663
Finished evolution 315,  finding fitness: 0.0008476794830771542
0.0012076013304360305
Finished evolution 316,  finding fitness: 0.0019438288781378436
0.0005849869785807313
Finished evolution 317,  finding fitness: 0.0009416307796623989
0.00021310043508028907
Finished evolution 318,  finding fitness: 0.00034301947937009783
0.0003330419317151272
Finished evolution 319,  finding fitness: 0.0005360846400069191
0.002560105614246691
Finished evolution 320,  finding fitness: 0.004120902402665208
0.001280020796546484
Finished evolution 321,  finding fitness: 0.0020603996751524475
0.0009845124311465615
Finished evolution 322,  finding fitness: 0.0015847313565457816
0.0020356076620626825
Finished evolution 323,  finding fitness: 0.003276638455381122
0.0033970284554620304
Finished evolution 324,  finding fitness: 0.005468064538483778
0.000655669882396489
Finished evolution 325,  finding fitness: 0.0010554062999146826
0.0003451944439845942
Finished evolution 326,  finding fitness: 0.0005556460661961276
0.01623629873150432
Finished evolution 327,  finding fitness: 0.02613493837156945
0.00043814011770994753
Finished evolution 328,  finding fitness: 0.0007052571010068334
0.0004901655878744035
Finished evolution 329,  finding fitness: 0.000789000476204883
0.00012148730197921503
Finished evolution 330,  finding fitness: 0.0001955533833578866
0.00048822768018502656
Finished evolution 331,  finding fitness: 0.0007858811015943762
0.000229649108224173
Finished evolution 332,  finding fitness: 0.00036965723467989934
0.00020877893386178305
Finished evolution 333,  finding fitness: 0.0003360633269928834
0.000624277008503306
Finished evolution 334,  finding fitness: 0.0010048744121936952
0.00018516408328341988
Finished evolution 335,  finding fitness: 0.00029805142078658756
0.0004203940391910151
Finished evolution 336,  finding fitness: 0.0006766919288515931
0.0026301038037680018
Finished evolution 337,  finding fitness: 0.004233575764957514
0.0024069465276910073
Finished evolution 338,  finding fitness: 0.00387436817991087
0.0006865283401388274
Finished evolution 339,  finding fitness: 0.001105077958749884
0.0027336440746602783
Finished evolution 340,  finding fitness: 0.004400240510629789
0.000652777717570449
Finished evolution 341,  finding fitness: 0.0010507508947180345
0.0013421981466473793
Finished evolution 342,  finding fitness: 0.0021604841365107067
0.0026936295369857245
Finished evolution 343,  finding fitness: 0.0043358306661581475
0.000767137208800409
Finished evolution 344,  finding fitness: 0.0012348309184305648
0.0001128549296817001
Finished evolution 345,  finding fitness: 0.00018165818952542542
0.0001144043373099431
Finished evolution 346,  finding fitness: 0.00018415221070267797
0.00016885702307879244
Finished evolution 347,  finding fitness: 0.0002718025804248086
0.003540989851323169
Finished evolution 348,  finding fitness: 0.00569979359637648
0.0003240066715590128
Finished evolution 349,  finding fitness: 0.0005215409332634014
0.0009655452822170751
Finished evolution 350,  finding fitness: 0.0015542006748581717
0.00019666797895099384
Finished evolution 351,  finding fitness: 0.0003165687940670898
0.0031891523576884945
Finished evolution 352,  finding fitness: 0.005133454471616011
0.00036765911325472694
Finished evolution 353,  finding fitness: 0.0005918065703000215
0.0008532444944104995
Finished evolution 354,  finding fitness: 0.001373434465949448
0.0001775026695242224
Finished evolution 355,  finding fitness: 0.0002857191411367188
0.0036572704835942968
Finished evolution 356,  finding fitness: 0.005886966006078225
0.0010634361670269856
Finished evolution 357,  finding fitness: 0.0017117718235511459
0.0024430723476682875
Finished evolution 358,  finding fitness: 0.00393251850680136
0.0005125660851970078
Finished evolution 359,  finding fitness: 0.0008250576852215421
0.005334350238487102
Finished evolution 360,  finding fitness: 0.008586496038331415
0.2021463633091663
Finished evolution 361,  finding fitness: 0.3253871362240243
0.7793982990352567
Finished evolution 362,  finding fitness: 1.254567118346265
0.00035635237672948506
Finished evolution 363,  finding fitness: 0.0005736065564201715
0.0026985546664360783
Finished evolution 364,  finding fitness: 0.004343758455415144
0.00040912041189203433
Finished evolution 365,  finding fitness: 0.0006585452096050936
0.005202348461003466
Finished evolution 366,  finding fitness: 0.00837401791283484
0.0001691277087850765
Finished evolution 367,  finding fitness: 0.0002722382926747977
0.001443830516898162
Finished evolution 368,  finding fitness: 0.0023240778087499853
0.0001227856635413983
Finished evolution 369,  finding fitness: 0.00019764330544991073
0.472790219125278
Finished evolution 370,  finding fitness: 0.7610320211431045
0.0001611818825197951
Finished evolution 371,  finding fitness: 0.0002594482052793629
0.00012833043419489227
Finished evolution 372,  finding fitness: 0.0002065685070435701
0.0019274341583176012
Finished evolution 373,  finding fitness: 0.0031025157750482683
0.004299174137523893
Finished evolution 374,  finding fitness: 0.00692021334362465
0.006369795668990749
Finished evolution 375,  finding fitness: 0.010253212262320769
0.00047648702566924065
Finished evolution 376,  finding fitness: 0.0007669826268073504
0.003253623070179111
Finished evolution 377,  finding fitness: 0.005237230469186445
0.002052439128520128
Finished evolution 378,  finding fitness: 0.0033037314120852824
0.0015562345886175248
Finished evolution 379,  finding fitness: 0.0025050102697547136
0.00024609689261846147
Finished evolution 380,  finding fitness: 0.00039613259329469885
0.003410077117875417
Finished evolution 381,  finding fitness: 0.005489068462693645
0.000131537246187653
Finished evolution 382,  finding fitness: 0.00021173038754268843
0.0001263709785833946
Finished evolution 383,  finding fitness: 0.00020341444758117851
0.0001514705806496676
Finished evolution 384,  finding fitness: 0.00024381630049117266
0.0026612458990512293
Finished evolution 385,  finding fitness: 0.004283703984106959
0.008331823614513822
Finished evolution 386,  finding fitness: 0.013411412310712684
0.0009428856870596245
Finished evolution 387,  finding fitness: 0.0015177264061373339
0.00011489684762880576
Finished evolution 388,  finding fitness: 0.00018494498540112952
0.003188954360595384
Finished evolution 389,  finding fitness: 0.005133135763398592
0.0016412316835067585
Finished evolution 390,  finding fitness: 0.002641826786463799
0.0016937882613567757
Finished evolution 391,  finding fitness: 0.0027264250650397884
0.00026906358970100943
Finished evolution 392,  finding fitness: 0.00043310119203612406
0.0019660144278279856
Finished evolution 393,  finding fitness: 0.0031646169338583104
0.001094870420264913
Finished evolution 394,  finding fitness: 0.0017623703179934457
0.00011177004350826602
Finished evolution 395,  finding fitness: 0.0001799118904611041
0.00039115283912013614
Finished evolution 396,  finding fitness: 0.0006296235067684064
0.00018548848381040134
Finished evolution 397,  finding fitness: 0.00029857359569360095
0.00027877173226235875
Finished evolution 398,  finding fitness: 0.0004487280114078915
0.003081911243752498
Finished evolution 399,  finding fitness: 0.004960832622882876
0.000454423926571353
Finished evolution 400,  finding fitness: 0.0007314685145860548
0.0028631811558448854
Finished evolution 401,  finding fitness: 0.004608751310386368
0.00016731041005946077
Finished evolution 402,  finding fitness: 0.00026931305762079233
0.00013225251201997497
Finished evolution 403,  finding fitness: 0.00021288172312453207
0.006158224540360554
Finished evolution 404,  finding fitness: 0.009912654448043522
0.000882630096516457
Finished evolution 405,  finding fitness: 0.001420735326370332
0.00033430468354588537
Finished evolution 406,  finding fitness: 0.000538117242499716
16.66620513932458
Finished evolution 407,  finding fitness: 26.826941990111166
0.0002188700550384715
Finished evolution 408,  finding fitness: 0.0003523066121414289
0.004227726272465298
Finished evolution 409,  finding fitness: 0.006805206495021688
0.02145055643350009
Finished evolution 410,  finding fitness: 0.03452812612628347
0.00023117287175188552
Finished evolution 411,  finding fitness: 0.00037210997754624856
0.005616438889647931
Finished evolution 412,  finding fitness: 0.009040563165040679
0.0017218806297592437
Finished evolution 413,  finding fitness: 0.002771644257483281
0.04088631638870634
Finished evolution 414,  finding fitness: 0.0658131127500095
0.0003818741353633156
Finished evolution 415,  finding fitness: 0.0006146879383323551
0.0005838478815507437
Finished evolution 416,  finding fitness: 0.0009397972194914346
0.0005888668462459865
Finished evolution 417,  finding fitness: 0.0009478760516913335
0.005853991794329923
Finished evolution 418,  finding fitness: 0.00942294283337017
0.0007670013574901694
Finished evolution 419,  finding fitness: 0.0012346122438619627
0.011890850192513102
Finished evolution 420,  finding fitness: 0.01914023892427493
0.00031691937627199645
Finished evolution 421,  finding fitness: 0.0005101327897812985
0.00030046051762832373
Finished evolution 422,  finding fitness: 0.00048363960537812475
0.0005902459624333045
Finished evolution 423,  finding fitness: 0.0009500959613615622
0.0023355355738384704
Finished evolution 424,  finding fitness: 0.0037594207458402154
0.0009038172507673868
Finished evolution 425,  finding fitness: 0.0014548394642513727
0.0018338001884606184
Finished evolution 426,  finding fitness: 0.0029517968167336287
0.0003265153146056093
Finished evolution 427,  finding fitness: 0.0005255789983731453
0.0001443479150121418
Finished evolution 428,  finding fitness: 0.00023235122273198902
0.00013911617895769572
Finished evolution 429,  finding fitness: 0.00022392990075335614
0.00019424772401540876
Finished evolution 430,  finding fitness: 0.0003126730038607745
0.0008076083779364711
Finished evolution 431,  finding fitness: 0.0012999757847998933
0.011683566708815367
Finished evolution 432,  finding fitness: 0.018806582765228477
0.0007758999603787832
Finished evolution 433,  finding fitness: 0.001248935978718832
0.0006149776963920632
Finished evolution 434,  finding fitness: 0.000989905671291328
0.00041095408429746896
Finished evolution 435,  finding fitness: 0.0006614968007344618
0.0003627543234574199
Finished evolution 436,  finding fitness: 0.0005839115209911914
0.000146917004239344
Finished evolution 437,  finding fitness: 0.00023648658570690832
0.022622087638591817
Finished evolution 438,  finding fitness: 0.03641389432701465
0.01119681642395389
Finished evolution 439,  finding fitness: 0.01802307976940623
0.0009464209380308683
Finished evolution 440,  finding fitness: 0.001523416962081726
0.0008287327452110722
Finished evolution 441,  finding fitness: 0.001333978856927955
0.002603075664484165
Finished evolution 442,  finding fitness: 0.004190069620720919
0.0007961289853254382
Finished evolution 443,  finding fitness: 0.0012814978531361786
0.00013134792693615232
Finished evolution 444,  finding fitness: 0.00021142564770928527
0.0004851160513898687
Finished evolution 445,  finding fitness: 0.0007808724337852002
0.00034002856676325653
Finished evolution 446,  finding fitness: 0.0005473307546188168
0.000588731069375949
Finished evolution 447,  finding fitness: 0.0009476574969462283
0.0007193508883180743
Finished evolution 448,  finding fitness: 0.001157911137545616
0.001903507592691474
Finished evolution 449,  finding fitness: 0.0030640021132573086
0.00443442325769516
Finished evolution 450,  finding fitness: 0.007137918590302972
0.00010485532449952385
Finished evolution 451,  finding fitness: 0.00016878153629981102
found new best: 0.00016878153629981102
9.416192415466891e-05
Finished evolution 452,  finding fitness: 0.00015156878580680443
found new best: 0.00015156878580680443
0.0012470986453542166
Finished evolution 453,  finding fitness: 0.0020074061692618547
0.002881479659157516
Finished evolution 454,  finding fitness: 0.004638205699239144
0.0002443070036858302
Finished evolution 455,  finding fitness: 0.0003932514787180432
0.00990413301179542
Finished evolution 456,  finding fitness: 0.015942297574560425
0.0035100082323240456
Finished evolution 457,  finding fitness: 0.005649923689657998
0.005110011599578652
Finished evolution 458,  finding fitness: 0.008225386859497594
0.0318268817354082
Finished evolution 459,  finding fitness: 0.05123049325891872
0.0051351086667404105
Finished evolution 460,  finding fitness: 0.008265784632070415
0.0024924927632715265
Finished evolution 461,  finding fitness: 0.00401206862702561
0.0015421757208247554
Finished evolution 462,  finding fitness: 0.0024823802572491458
0.00028753833540260553
Finished evolution 463,  finding fitness: 0.00046283927140545436
0.00021167218685774145
Finished evolution 464,  finding fitness: 0.00034072048377431236
0.000493808059984247
Finished evolution 465,  finding fitness: 0.0007948636218444865
0.00046488131959155374
Finished evolution 466,  finding fitness: 0.0007483013732707697
0.00022985660090491655
Finished evolution 467,  finding fitness: 0.0003699912275752913
0.002329423134742296
Finished evolution 468,  finding fitness: 0.00374958179044033
0.014505642518127436
Finished evolution 469,  finding fitness: 0.023349168398563543
0.001364037824854313
Finished evolution 470,  finding fitness: 0.0021956386168163443
0.00021857655858395869
Finished evolution 471,  finding fitness: 0.0003518341823175009
0.020166058951070577
Finished evolution 472,  finding fitness: 0.032460520504037006
0.00028950392449504344
Finished evolution 473,  finding fitness: 0.0004660032036934835
0.0005151585440187485
Finished evolution 474,  finding fitness: 0.0008292306653235624
0.00017503477308831677
Finished evolution 475,  finding fitness: 0.0002817466642608986
0.6911420600670853
Finished evolution 476,  finding fitness: 1.1125044842149971
0.0003673175187533794
Finished evolution 477,  finding fitness: 0.0005912567189214273
0.0007386378820569312
Finished evolution 478,  finding fitness: 0.001188956660978848
0.0005734768197175624
Finished evolution 479,  finding fitness: 0.0009231033247596262
0.0006647441046622811
Finished evolution 480,  finding fitness: 0.0010700127224502717
0.004460662274786288
Finished evolution 481,  finding fitness: 0.007180154515247897
0.0010796496585492835
Finished evolution 482,  finding fitness: 0.0017378700500454028
0.0001563219851523134
Finished evolution 483,  finding fitness: 0.0002516254175682181
0.00012522902020001926
Finished evolution 484,  finding fitness: 0.00020157628160099108
0.0015315175365485324
Finished evolution 485,  finding fitness: 0.0024652241926916845
0.00018095998434561168
Finished evolution 486,  finding fitness: 0.000291284246292908
0.00024587533561684996
Finished evolution 487,  finding fitness: 0.0003957759616091983
0.001582217848080253
Finished evolution 488,  finding fitness: 0.002546834511595821
0.006665241187468455
Finished evolution 489,  finding fitness: 0.010728779418681892
0.9292646627013998
Finished evolution 490,  finding fitness: 1.4958011731734253
0.0004620585009277603
Finished evolution 491,  finding fitness: 0.0007437575918934779
0.0010031394466231448
Finished evolution 492,  finding fitness: 0.0016147145386476345
0.0012330915507290006
Finished evolution 493,  finding fitness: 0.001984859494009788
0.0009755614556227107
Finished evolution 494,  finding fitness: 0.001570323319495604
0.001012362314480924
Finished evolution 495,  finding fitness: 0.001629560230209375
0.00043581827727853773
Finished evolution 496,  finding fitness: 0.0007015197247989314
0.001798128363613962
Finished evolution 497,  finding fitness: 0.0028943772681415706
0.0001612886920596205
Finished evolution 498,  finding fitness: 0.00025962013244004126
0.0009051463872794921
Finished evolution 499,  finding fitness: 0.0014569789235829426
Cleaning up and creating optimized bests
Run time:5347.499382257462