*********** Running Genetic Algorithm ***********
running FuranAM1_3
running FuranDFT_3
running FuranAM1_2
running FuranDFT_2
running FuranAM1_1
running FuranDFT_1
running FuranAM1_0
running FuranDFT_0
running FuranAM1_4
running FuranDFT_4
running FuranAM1_5
running FuranDFT_5
running FuranAM1_6
running FuranDFT_6
running FuranAM1_7
running FuranDFT_7
running FuranAM1_8
running FuranDFT_8
running FuranAM1_10
running FuranDFT_10
running FuranAM1_9
running FuranDFT_9
running FuranAM1_11
running FuranDFT_11
running FuranAM1_12
running FuranDFT_12
running FuranAM1_14
running FuranDFT_14
running FuranAM1_13
running FuranDFT_13
running FuranAM1_15
running FuranDFT_15
updating raw_fitness [1.5492786672980463, 0.017101792361362306, 1477.0747518300002]
Starting Step 0
AVERAGE FITNESS: 5047.303889991685
Starting Step 1
New Best Found : 0.9868112854100759
With raw values: [1.0936312444787086, 1.697581489851003, 0.6310173263846249]
New Best Found : 0.9254046284809035
With raw values: [0.8889745522618762, 1.1876257214571624, 0.9458205623237064]
AVERAGE FITNESS: 2.2651594824083947
Starting Step 2
AVERAGE FITNESS: 1.9445936697580353
Starting Step 3
New Best Found : 0.9092155508388992
With raw values: [0.8787561471570512, 1.4568559508708483, 0.8606062781962052]
New Best Found : 0.8167214674880277
With raw values: [0.9347339658445786, 0.7465193468239409, 0.5947368949077434]
AVERAGE FITNESS: 2.4801843185325745
Starting Step 4
New Best Found : 0.7721071416967182
With raw values: [0.9104926211182327, 0.6458595975464957, 0.5205856916837338]
AVERAGE FITNESS: 3365.5943668047857
Starting Step 5
AVERAGE FITNESS: 1683.555780121412
Starting Step 6
New Best Found : 0.7547600437923088
With raw values: [0.8947106519570958, 0.6744538411041796, 0.4909200680003608]
AVERAGE FITNESS: 1.694546852713345
Starting Step 7
New Best Found : 0.734256959464094
With raw values: [0.8342383912359255, 0.7604981590591062, 0.5290458560014284]
AVERAGE FITNESS: 1.2339434036382704
Starting Step 8
New Best Found : 0.7331839697023985
With raw values: [0.8350552502718978, 0.7606600646063748, 0.5239461895826045]
New Best Found : 0.7069086283602816
With raw values: [0.8033296860883345, 1.2092521757948007, 0.41359780341727187]
AVERAGE FITNESS: 1.0363258846161085
Starting Step 9
New Best Found : 0.6985581450746796
With raw values: [0.7997909739502408, 1.1035509413767737, 0.4150939280631384]
AVERAGE FITNESS: 1.0529178653919238
Starting Step 10
New Best Found : 0.6971626286975865
With raw values: [0.7947755993838796, 1.1920786258528013, 0.40295348789395735]
AVERAGE FITNESS: 1.018847104514885
Starting Step 11
AVERAGE FITNESS: 0.9811763529343328
Starting Step 12
AVERAGE FITNESS: 1.0900536723564676
Starting Step 13
AVERAGE FITNESS: 1.0567534280930513
Starting Step 14
AVERAGE FITNESS: 1.0713493113087507
Starting Step 15
AVERAGE FITNESS: 1.102577938298715
Starting Step 16
AVERAGE FITNESS: 1.1207553241115258
Starting Step 17
New Best Found : 0.6719804236317726
With raw values: [0.7541719546790325, 1.024548353193769, 0.4370837756248535]
AVERAGE FITNESS: 1.1569797899734644
Starting Step 18
AVERAGE FITNESS: 1686.2003153681708
Starting Step 19
AVERAGE FITNESS: 1.115106830679244
Starting Step 20
New Best Found : 0.6596878026956563
With raw values: [0.7869533888131837, 1.2631173415494528, 0.2844707226898426]
AVERAGE FITNESS: 1.0291020597492266
Starting Step 21
New Best Found : 0.6303552473000127
With raw values: [0.8254929778437476, 0.6797792243235241, 0.2301949908078404]
AVERAGE FITNESS: 1.0782349323523188
Starting Step 22
New Best Found : 0.6227420268668817
With raw values: [0.8127463426094735, 0.6610659541097244, 0.23506860993312928]
AVERAGE FITNESS: 0.9773611478886471
Starting Step 23
AVERAGE FITNESS: 1.0034921809530117
Starting Step 24
New Best Found : 0.6166022013303919
With raw values: [0.7655794325381895, 0.8604862268663451, 0.26987093380760596]
New Best Found : 0.6083305298100135
With raw values: [0.7956315892575506, 0.6036171687209044, 0.2346710831327608]
AVERAGE FITNESS: 1.1063500543663523
Starting Step 25
New Best Found : 0.5706431608876492
With raw values: [0.7362748226869067, 0.6314022089815791, 0.2272280276703482]
AVERAGE FITNESS: 1.150474364529749
Starting Step 26
AVERAGE FITNESS: 1.1105620245593117
Starting Step 27
New Best Found : 0.5618507902817884
With raw values: [0.7273766010337721, 0.6311424298203756, 0.21694084087010373]
AVERAGE FITNESS: 1.6001501034108447
Starting Step 28
New Best Found : 0.5586190251627582
With raw values: [0.7260323913196456, 0.6047124769819988, 0.21457360248513505]
AVERAGE FITNESS: 0.8919826943012316
Starting Step 29
New Best Found : 0.5573460765407606
With raw values: [0.7212396754805812, 0.6376681260827632, 0.2134944687527189]
AVERAGE FITNESS: 0.9527565402962388
Starting Step 30
AVERAGE FITNESS: 0.991790929615567
Starting Step 31
AVERAGE FITNESS: 0.9489130129726053
Starting Step 32
AVERAGE FITNESS: 1.111881597308872
Starting Step 33
New Best Found : 0.5510732890830831
With raw values: [0.7680580589021855, 0.661372782217356, 0.09504385081802376]
AVERAGE FITNESS: 1.320895230739499
Starting Step 34
AVERAGE FITNESS: 0.8232940460254771
Starting Step 35
AVERAGE FITNESS: 0.8932024187256357
Starting Step 36
New Best Found : 0.5472440116967413
With raw values: [0.7681194333900431, 0.6021780371120133, 0.09450636322708333]
AVERAGE FITNESS: 0.9382393897531478
Starting Step 37
New Best Found : 0.5406080356913654
With raw values: [0.7611013941564578, 0.5796454832269757, 0.09181382925405816]
New Best Found : 0.521049530474482
With raw values: [0.6787482596551702, 0.6596807353578212, 0.1779258311364375]
AVERAGE FITNESS: 0.8688750933858999
Starting Step 38
New Best Found : 0.5192290463883988
With raw values: [0.6733671235724165, 0.6497450327019906, 0.18484969475764515]
AVERAGE FITNESS: 0.7972859316789761
Starting Step 39
New Best Found : 0.5077334676265925
With raw values: [0.6513270325401294, 0.7750687514515828, 0.16707928103452102]
AVERAGE FITNESS: 0.7373946398928798
Starting Step 40
AVERAGE FITNESS: 1.2233381820868081
Starting Step 41
AVERAGE FITNESS: 0.8985309585309184
Starting Step 42
AVERAGE FITNESS: 1.0939057140120143
Starting Step 43
AVERAGE FITNESS: 1.1388426692898606
Starting Step 44
AVERAGE FITNESS: 0.892797734209111
Starting Step 45
AVERAGE FITNESS: 0.9008153448043689
Starting Step 46
New Best Found : 0.507732942826521
With raw values: [0.647339332847625, 0.8121625340891473, 0.1676342445317878]
AVERAGE FITNESS: 0.9111819652103413
Starting Step 47
AVERAGE FITNESS: 0.7995467064537376
Starting Step 48
AVERAGE FITNESS: 1.0135092537351926
Starting Step 49
AVERAGE FITNESS: 0.8085407564222707
Starting Step 50
AVERAGE FITNESS: 0.8356830017679612
Starting Step 51
AVERAGE FITNESS: 0.884756070698117
Starting Step 52
New Best Found : 0.49210758195484383
With raw values: [0.5812662752896806, 1.0369055649551435, 0.20483059868511055]
AVERAGE FITNESS: 1.0232717344026239
Starting Step 53
New Best Found : 0.476189138747783
With raw values: [0.5634389279982105, 0.8932526151520324, 0.21827686496607793]
AVERAGE FITNESS: 0.8536071934654194
Starting Step 54
AVERAGE FITNESS: 0.808158351941965
Starting Step 55
New Best Found : 0.47402756004803015
With raw values: [0.6555212306332141, 0.41313038603622193, 0.12321965368002398]
AVERAGE FITNESS: 0.7137554036071504
Starting Step 56
New Best Found : 0.4656269235630925
With raw values: [0.5883216081440718, 0.8537347119084486, 0.14261599673206296]
AVERAGE FITNESS: 0.7109907757251147
Starting Step 57
New Best Found : 0.46176123975516353
With raw values: [0.5787744984339023, 0.846100146394681, 0.1508669410697823]
AVERAGE FITNESS: 1.4467289329726876
Starting Step 58
AVERAGE FITNESS: 1682.5262770333654
Starting Step 59
New Best Found : 0.44341105010802984
With raw values: [0.5817553132279366, 0.6013728443547426, 0.13513016501887382]
AVERAGE FITNESS: 0.6853229299233586
Starting Step 60
AVERAGE FITNESS: 0.7566864851650745
Starting Step 61
AVERAGE FITNESS: 0.7301707912631628
Starting Step 62
New Best Found : 0.43645160642134384
With raw values: [0.5544067267254538, 0.7230928163031001, 0.1432131238367726]
AVERAGE FITNESS: 0.7831012169134396
Starting Step 63
New Best Found : 0.4089538372964028
With raw values: [0.4897790574444397, 0.8690143620687432, 0.15529129204586084]
AVERAGE FITNESS: 1.4439726259086478
Starting Step 64
AVERAGE FITNESS: 1.1061527437376013
Starting Step 65
New Best Found : 0.372661513986518
With raw values: [0.48729037548339604, 0.4257874492943649, 0.13277860393119245]
AVERAGE FITNESS: 0.6852167563847736
Starting Step 66
AVERAGE FITNESS: 0.8923521892812761
Starting Step 67
AVERAGE FITNESS: 1.639968100793639
Starting Step 68
New Best Found : 0.3641384385167358
With raw values: [0.47036098330993004, 0.5868061363230174, 0.10715980936909086]
AVERAGE FITNESS: 0.8565095713558802
Starting Step 69
AVERAGE FITNESS: 0.897881306338271
Starting Step 70
AVERAGE FITNESS: 0.6163209175657104
Starting Step 71
New Best Found : 0.3612385697125933
With raw values: [0.47304069052408054, 0.5129335322076949, 0.10729533559059859]
AVERAGE FITNESS: 0.6449746973128977
Starting Step 72
AVERAGE FITNESS: 0.6670360471796014
Starting Step 73
AVERAGE FITNESS: 0.6220433072570956
Starting Step 74
New Best Found : 0.35890011395984606
With raw values: [0.47658163740641857, 0.4422420504760926, 0.10686867976345155]
AVERAGE FITNESS: 3364.7112818230457
Starting Step 75
AVERAGE FITNESS: 1.1460084311640002
Starting Step 76
New Best Found : 0.3549833787802993
With raw values: [0.46149876956567565, 0.40683929221980436, 0.13158141452164554]
AVERAGE FITNESS: 1.1898247868183984
Starting Step 77
AVERAGE FITNESS: 1.2981985473527735
Starting Step 78
New Best Found : 0.35477816203172624
With raw values: [0.45903901213957365, 0.5613765246901956, 0.10493678928433761]
AVERAGE FITNESS: 0.7842675596348294
Starting Step 79
New Best Found : 0.3515079691684075
With raw values: [0.42200171050684326, 0.8033279769041378, 0.12015648494438999]
AVERAGE FITNESS: 0.9068099026518417
Starting Step 80
AVERAGE FITNESS: 0.5632774779414981
Starting Step 81
New Best Found : 0.3460694182871587
With raw values: [0.4648623337566803, 0.35690224440472995, 0.10631702212460124]
AVERAGE FITNESS: 0.8710825442725669
Starting Step 82
AVERAGE FITNESS: 1.4310943851674127
Starting Step 83
New Best Found : 0.34457666819071325
With raw values: [0.46697598976655874, 0.34694656921208605, 0.09930404483474757]
AVERAGE FITNESS: 0.7737316828078452
Starting Step 84
AVERAGE FITNESS: 0.5453601381665792
Starting Step 85
New Best Found : 0.33523780588756436
With raw values: [0.4390083644675445, 0.3494408808729036, 0.12485607373053621]
AVERAGE FITNESS: 0.5842372392944134
Starting Step 86
New Best Found : 0.33506731940511003
With raw values: [0.43916111646236944, 0.3393141554379652, 0.12603035808402005]
AVERAGE FITNESS: 0.5939074028351515
Starting Step 87
New Best Found : 0.33464946995827205
With raw values: [0.4337862157084117, 0.33643918904919146, 0.13601803463980883]
AVERAGE FITNESS: 0.6058084696660875
Starting Step 88
AVERAGE FITNESS: 1.4759938168352729
Starting Step 89
New Best Found : 0.3341677168833505
With raw values: [0.4284270690553544, 0.4137349581205077, 0.12973556429191135]
AVERAGE FITNESS: 1682.3952601670342
Starting Step 90
AVERAGE FITNESS: 0.5634604965330746
Starting Step 91
New Best Found : 0.3340497066616163
With raw values: [0.4399203778118649, 0.3855367433081669, 0.11201095703180892]
AVERAGE FITNESS: 0.7752623548874288
Starting Step 92
New Best Found : 0.3303153340929154
With raw values: [0.443818989854923, 0.37729581775094095, 0.09391192583729507]
AVERAGE FITNESS: 0.9345941696622262
Starting Step 93
New Best Found : 0.3292307235701166
With raw values: [0.43132788596527655, 0.3421138441524353, 0.12245977466333277]
AVERAGE FITNESS: 0.6580181019178858
Starting Step 94
New Best Found : 0.32880133580102966
With raw values: [0.4434272656133697, 0.22733820952770994, 0.11984210143101354]
AVERAGE FITNESS: 0.7579052243523595
Starting Step 95
New Best Found : 0.3281414972031017
With raw values: [0.4533928262617266, 0.27236431008213413, 0.08879427651004557]
AVERAGE FITNESS: 0.6176198737976076
Starting Step 96
New Best Found : 0.3269180964759799
With raw values: [0.44121153239587696, 0.3963237234804082, 0.08445009923530022]
AVERAGE FITNESS: 0.8458207642408934
Starting Step 97
New Best Found : 0.3254379838268155
With raw values: [0.441568177737128, 0.39413140815018805, 0.07943891114151586]
AVERAGE FITNESS: 0.5881867498763567
Starting Step 98
AVERAGE FITNESS: 1.4178766008760253
Starting Step 99
AVERAGE FITNESS: 0.6417471859969062
Starting Step 100
AVERAGE FITNESS: 1684.383145105469
Starting Step 101
New Best Found : 0.3201846815134633
With raw values: [0.43870517882663296, 0.2986307255370263, 0.08745447808241139]
AVERAGE FITNESS: 0.6341522057670697
Starting Step 102
AVERAGE FITNESS: 0.7930852044240767
Starting Step 103
AVERAGE FITNESS: 0.6280081385105593
Starting Step 104
New Best Found : 0.3085212615568199
With raw values: [0.4336795114452599, 0.2315534881574003, 0.07359831645982376]
AVERAGE FITNESS: 0.6060259746112698
Starting Step 105
AVERAGE FITNESS: 0.5891433536305053
Starting Step 106
AVERAGE FITNESS: 0.7992180018820499
Starting Step 107
AVERAGE FITNESS: 0.5511685835805471
Starting Step 108
AVERAGE FITNESS: 0.6039390992354703
Starting Step 109
AVERAGE FITNESS: 0.5266646593698087
Starting Step 110
New Best Found : 0.30570432466752445
With raw values: [0.40908631897523157, 0.38576389917736476, 0.08292842115014219]
AVERAGE FITNESS: 0.5853803278497193
Starting Step 111
AVERAGE FITNESS: 0.5540829657320828
Starting Step 112
AVERAGE FITNESS: 1.178781859978168
Starting Step 113
New Best Found : 0.301375444859953
With raw values: [0.42255836251869994, 0.2033791474700603, 0.07860886902043766]
AVERAGE FITNESS: 0.6782710007144132
Starting Step 114
AVERAGE FITNESS: 0.5742167964525118
Starting Step 115
New Best Found : 0.30119267700674623
With raw values: [0.39682598135420544, 0.45767683335722104, 0.07862923704173298]
New Best Found : 0.29031238490790556
With raw values: [0.3863237516652095, 0.38849277660195625, 0.07865357305448754]
AVERAGE FITNESS: 0.7373261926689341
Starting Step 116
AVERAGE FITNESS: 0.5652492714954149
Starting Step 117
AVERAGE FITNESS: 3365.189183924018
Starting Step 118
AVERAGE FITNESS: 0.42369206438508783
Starting Step 119
AVERAGE FITNESS: 0.5377993782865428
Starting Step 120
AVERAGE FITNESS: 1683.0626670618046
Starting Step 121
New Best Found : 0.2900985783383921
With raw values: [0.3862088190692923, 0.3156429229094276, 0.09276922796238464]
AVERAGE FITNESS: 1.1429653701128768
Starting Step 122
AVERAGE FITNESS: 1.0774155661334437
Starting Step 123
AVERAGE FITNESS: 0.7457125718199843
Starting Step 124
AVERAGE FITNESS: 0.6836680408820163
Starting Step 125
AVERAGE FITNESS: 0.7014852954795554
Starting Step 126
AVERAGE FITNESS: 0.7493705054336752
Starting Step 127
New Best Found : 0.2849995810302074
With raw values: [0.37982284056683896, 0.24395365539681324, 0.10356224708362323]
AVERAGE FITNESS: 0.8678603139517486
Starting Step 128
AVERAGE FITNESS: 0.4538636670498433
Starting Step 129
AVERAGE FITNESS: 0.662642630784825
Starting Step 130
AVERAGE FITNESS: 0.6773672990952121
Starting Step 131
New Best Found : 0.28290939398649606
With raw values: [0.3836042634727096, 0.37521855940073046, 0.06305782193122192]
AVERAGE FITNESS: 1.5436224612466851
Starting Step 132
AVERAGE FITNESS: 0.6666452675071669
Starting Step 133
AVERAGE FITNESS: 0.9301095884535431
Starting Step 134
AVERAGE FITNESS: 0.5716732685429927
Starting Step 135
New Best Found : 0.28254818719573466
With raw values: [0.3899462035095831, 0.32393269894568344, 0.05947525221804804]
AVERAGE FITNESS: 0.7341267272450843
Starting Step 136
AVERAGE FITNESS: 3366.7597913441496
Starting Step 137
New Best Found : 0.2821164360522481
With raw values: [0.38336768252731257, 0.29240647999215225, 0.07755593431413854]
AVERAGE FITNESS: 0.763724897469506
Starting Step 138
New Best Found : 0.27745560712663453
With raw values: [0.3823132212464829, 0.2959477913459004, 0.0640419420430843]
AVERAGE FITNESS: 0.628367964271056
Starting Step 139
AVERAGE FITNESS: 1682.6854794727242
Starting Step 140
New Best Found : 0.276821781879071
With raw values: [0.38439588125121943, 0.26550552008326556, 0.06393683549393528]
AVERAGE FITNESS: 0.8761408009350921
Starting Step 141
AVERAGE FITNESS: 0.5663512055916547
Starting Step 142
AVERAGE FITNESS: 1.1213504868219024
Starting Step 143
AVERAGE FITNESS: 0.692497956968992
Starting Step 144
AVERAGE FITNESS: 0.5884288947834363
Starting Step 145
New Best Found : 0.27494790751058695
With raw values: [0.38176926430789904, 0.2597252718751256, 0.06434972104305486]
AVERAGE FITNESS: 0.5910894242472043
Starting Step 146
AVERAGE FITNESS: 0.5416119177567774
Starting Step 147
AVERAGE FITNESS: 0.6836382269846704
Starting Step 148
AVERAGE FITNESS: 0.5468156538756905
Starting Step 149
AVERAGE FITNESS: 0.6508497129829246
Starting Step 150
AVERAGE FITNESS: 0.5794835467164712
Starting Step 151
AVERAGE FITNESS: 0.4951707157977734
Starting Step 152
AVERAGE FITNESS: 3366.426878162216
Starting Step 153
AVERAGE FITNESS: 0.5535744126797447
Starting Step 154
AVERAGE FITNESS: 0.515677309251648
Starting Step 155
AVERAGE FITNESS: 1.1148865216175132
Starting Step 156
AVERAGE FITNESS: 0.6641067676220754
Starting Step 157
AVERAGE FITNESS: 0.5263100714780679
Starting Step 158
AVERAGE FITNESS: 0.5266047051160422
Starting Step 159
AVERAGE FITNESS: 0.5474317975202355
Starting Step 160
New Best Found : 0.26794620296873195
With raw values: [0.34221129590009797, 0.31271912503982147, 0.1104614326917819]
AVERAGE FITNESS: 0.5687423004013004
Starting Step 161
AVERAGE FITNESS: 0.7062038977603807
Starting Step 162
AVERAGE FITNESS: 0.537510023662361
Starting Step 163
AVERAGE FITNESS: 0.8818269960645155
Starting Step 164
New Best Found : 0.25882495641495773
With raw values: [0.3339226910208035, 0.26105567074193503, 0.10818334433787079]
AVERAGE FITNESS: 0.5821748705676755
Starting Step 165
New Best Found : 0.25194009947979756
With raw values: [0.33102102002926165, 0.24224316768444074, 0.0957176447399407]
AVERAGE FITNESS: 0.6437885935303137
Starting Step 166
AVERAGE FITNESS: 3366.066551082333
Starting Step 167
New Best Found : 0.2501373780864714
With raw values: [0.3290223625056773, 0.22648128373822, 0.09709862811771001]
AVERAGE FITNESS: 0.665111459568575
Starting Step 168
AVERAGE FITNESS: 0.8551031563957597
Starting Step 169
AVERAGE FITNESS: 0.5144945541567638
Starting Step 170
AVERAGE FITNESS: 1682.3871832313625
Starting Step 171
AVERAGE FITNESS: 0.5348968720961983
Starting Step 172
AVERAGE FITNESS: 0.5283181158936732
Starting Step 173
AVERAGE FITNESS: 0.43641452131132885
Starting Step 174
AVERAGE FITNESS: 0.8146517445615603
Starting Step 175
AVERAGE FITNESS: 0.7551410643970756
Starting Step 176
New Best Found : 0.2492717956873622
With raw values: [0.3366756723210697, 0.19041273093537434, 0.08623585537034491]
AVERAGE FITNESS: 0.5828311287127395
Starting Step 177
AVERAGE FITNESS: 0.5041929073510035
Starting Step 178
AVERAGE FITNESS: 1.1995935303749627
Starting Step 179
AVERAGE FITNESS: 0.7838482241396721
Starting Step 180
AVERAGE FITNESS: 0.9365149828599121
Starting Step 181
AVERAGE FITNESS: 0.5964408466718686
Starting Step 182
New Best Found : 0.2480954769061162
With raw values: [0.3379320799087192, 0.1944099972790892, 0.07915936682631554]
AVERAGE FITNESS: 1.4633521966478942
Starting Step 183
AVERAGE FITNESS: 0.7866020320288247
Starting Step 184
AVERAGE FITNESS: 0.6120973732476699
Starting Step 185
AVERAGE FITNESS: 0.5974091880056956
Starting Step 186
New Best Found : 0.24724179832276347
With raw values: [0.3336717541249063, 0.18510300374952196, 0.0868096456331261]
AVERAGE FITNESS: 1.0701767722325886
Starting Step 187
AVERAGE FITNESS: 0.742837941921163
Starting Step 188
AVERAGE FITNESS: 0.9161823716339393
Starting Step 189
New Best Found : 0.24710855796166065
With raw values: [0.32738061123389134, 0.2750464803793799, 0.08097686693365538]
New Best Found : 0.2265674070719397
With raw values: [0.3082238402797402, 0.20720135145820182, 0.06712775177908648]
AVERAGE FITNESS: 0.5123787308251736
Starting Step 190
AVERAGE FITNESS: 0.48529407725060886
Starting Step 191
New Best Found : 0.226468210702713
With raw values: [0.3068381411465228, 0.20866495960739986, 0.06928900003415608]
AVERAGE FITNESS: 0.4287101781821037
Starting Step 192
AVERAGE FITNESS: 0.5379160121298068
Starting Step 193
AVERAGE FITNESS: 1683.184146878784
Starting Step 194
AVERAGE FITNESS: 0.4727762912687043
Starting Step 195
AVERAGE FITNESS: 0.5440348912085965
Starting Step 196
New Best Found : 0.22225474498126854
With raw values: [0.30514149967902543, 0.2016022376299626, 0.06061173705601597]
AVERAGE FITNESS: 0.5007789098455099
Starting Step 197
AVERAGE FITNESS: 0.6606672338306976
Starting Step 198
AVERAGE FITNESS: 0.6889622618951817
Starting Step 199
AVERAGE FITNESS: 0.4643790404112347
Starting Step 200
AVERAGE FITNESS: 1682.2846363994668
Starting Step 201
New Best Found : 0.22088216482368025
With raw values: [0.3031620198685364, 0.2222145182409476, 0.05605598405051439]
AVERAGE FITNESS: 0.48885126704159804
Starting Step 202
AVERAGE FITNESS: 3364.716595387707
Starting Step 203
AVERAGE FITNESS: 0.6098612291971156
Starting Step 204
AVERAGE FITNESS: 1682.6475843809183
Starting Step 205
AVERAGE FITNESS: 0.7157302843534351
Starting Step 206
AVERAGE FITNESS: 0.5116560394512951
Starting Step 207
AVERAGE FITNESS: 0.6326850180653968
Starting Step 208
AVERAGE FITNESS: 0.5530025343659806
Starting Step 209
AVERAGE FITNESS: 0.6221018435594408
Starting Step 210
AVERAGE FITNESS: 0.4762243479463278
Starting Step 211
AVERAGE FITNESS: 0.5626004756868933
Starting Step 212
AVERAGE FITNESS: 1682.8551400793046
Starting Step 213
AVERAGE FITNESS: 0.6159286569500179
Starting Step 214
AVERAGE FITNESS: 0.7519781784604854
Starting Step 215
AVERAGE FITNESS: 0.63070119325077
Starting Step 216
AVERAGE FITNESS: 0.3978842570193757
Starting Step 217
AVERAGE FITNESS: 0.6209083817181532
Starting Step 218
AVERAGE FITNESS: 0.43264846943139185
Starting Step 219
AVERAGE FITNESS: 0.5245133312512008
Starting Step 220
AVERAGE FITNESS: 0.4820057178387771
Starting Step 221
AVERAGE FITNESS: 0.8976558041527071
Starting Step 222
AVERAGE FITNESS: 1682.8653491678815
Starting Step 223
AVERAGE FITNESS: 0.7019015242755974
Starting Step 224
AVERAGE FITNESS: 0.5616038067503362
Starting Step 225
AVERAGE FITNESS: 0.8819891324411017
Starting Step 226
AVERAGE FITNESS: 0.5312770089319286
Starting Step 227
New Best Found : 0.21979058857314185
With raw values: [0.30754750803947306, 0.18312227219467403, 0.05161041291617293]
AVERAGE FITNESS: 0.49108904839539164
Starting Step 228
AVERAGE FITNESS: 0.7336435542269711
Starting Step 229
AVERAGE FITNESS: 0.5670777370660821
Starting Step 230
AVERAGE FITNESS: 0.9789924326054392
Starting Step 231
AVERAGE FITNESS: 0.4020751517426972
Starting Step 232
AVERAGE FITNESS: 0.753842767354362
Starting Step 233
AVERAGE FITNESS: 0.5785887198685146
Starting Step 234
AVERAGE FITNESS: 0.6490948079762052
Starting Step 235
AVERAGE FITNESS: 0.4432314097608527
Starting Step 236
AVERAGE FITNESS: 0.5633466182954906
Starting Step 237
AVERAGE FITNESS: 1682.4217135673127
Starting Step 238
New Best Found : 0.21965797153278807
With raw values: [0.3063530367492929, 0.19922415150317832, 0.05035460510570035]
AVERAGE FITNESS: 0.8030987985213213
Starting Step 239
AVERAGE FITNESS: 0.5363292557509726
Starting Step 240
AVERAGE FITNESS: 0.48544175194475253
Starting Step 241
AVERAGE FITNESS: 0.5802476398993154
Starting Step 242
AVERAGE FITNESS: 0.5625279729705032
Starting Step 243
AVERAGE FITNESS: 0.46777349836324283
Starting Step 244
AVERAGE FITNESS: 0.449016326718408
Starting Step 245
AVERAGE FITNESS: 0.5116276052812613
Starting Step 246
New Best Found : 0.21701079021492853
With raw values: [0.30115180238212114, 0.16265323962339828, 0.0596002759988494]
AVERAGE FITNESS: 0.810441096401228
Starting Step 247
New Best Found : 0.21477181496132658
With raw values: [0.3025494376332678, 0.1328018300479408, 0.0556105666001214]
AVERAGE FITNESS: 0.861664659969426
Starting Step 248
AVERAGE FITNESS: 0.6734014542491655
Starting Step 249
AVERAGE FITNESS: 0.4884831844690707
Starting Step 250
AVERAGE FITNESS: 0.39173642927172575
Starting Step 251
AVERAGE FITNESS: 0.33512972851118517
Starting Step 252
AVERAGE FITNESS: 0.5988558165451483
Starting Step 253
AVERAGE FITNESS: 0.6556533811768354
Starting Step 254
New Best Found : 0.2144036248238334
With raw values: [0.30002366817994736, 0.16295481416998772, 0.05345330024237464]
AVERAGE FITNESS: 0.3980382516010994
Starting Step 255
AVERAGE FITNESS: 0.5755143984499745
Starting Step 256
AVERAGE FITNESS: 1683.5150118057356
Starting Step 257
AVERAGE FITNESS: 0.4956819237937715
Starting Step 258
AVERAGE FITNESS: 0.4517898801599072
Starting Step 259
AVERAGE FITNESS: 0.7002710929842794
Starting Step 260
AVERAGE FITNESS: 1.0034426404258496
Starting Step 261
AVERAGE FITNESS: 0.6720770720403587
Starting Step 262
AVERAGE FITNESS: 0.5700172948998664
Starting Step 263
AVERAGE FITNESS: 0.4774272244821385
Starting Step 264
AVERAGE FITNESS: 0.5673508435390153
Starting Step 265
AVERAGE FITNESS: 1686.948806417173
Starting Step 266
AVERAGE FITNESS: 0.4144037023670913
Starting Step 267
AVERAGE FITNESS: 0.5172172147045175
Starting Step 268
AVERAGE FITNESS: 0.7061590696664294
Starting Step 269
AVERAGE FITNESS: 1684.224757107899
Starting Step 270
AVERAGE FITNESS: 1.254238178955009
Starting Step 271
AVERAGE FITNESS: 0.9177573941191874
Starting Step 272
AVERAGE FITNESS: 1.0307062326714154
Starting Step 273
AVERAGE FITNESS: 0.5997995672010269
Starting Step 274
AVERAGE FITNESS: 0.8551980586619684
Starting Step 275
AVERAGE FITNESS: 0.46338948270255936
Starting Step 276
AVERAGE FITNESS: 1682.3641001888502
Starting Step 277
AVERAGE FITNESS: 0.6895929871448171
Starting Step 278
AVERAGE FITNESS: 0.5648517163960066
Starting Step 279
New Best Found : 0.21433409109161622
With raw values: [0.30116088787785034, 0.1476255445939926, 0.05402220681867275]
AVERAGE FITNESS: 1.3915396767151398
Starting Step 280
AVERAGE FITNESS: 0.5156255220060423
Starting Step 281
AVERAGE FITNESS: 0.9878339047434608
Starting Step 282
AVERAGE FITNESS: 0.7565075011430554
Starting Step 283
AVERAGE FITNESS: 0.45868742008842817
Starting Step 284
AVERAGE FITNESS: 0.7127288983018168
Starting Step 285
AVERAGE FITNESS: 0.6271144988094828
Starting Step 286
New Best Found : 0.2105102394214197
With raw values: [0.2937404741605573, 0.152896455515173, 0.05557252672439377]
AVERAGE FITNESS: 0.398302671413627
Starting Step 287
AVERAGE FITNESS: 0.5353677729428052
Starting Step 288
AVERAGE FITNESS: 1682.6106096849553
Starting Step 289
New Best Found : 0.21008531727657836
With raw values: [0.2849430605251409, 0.15805013739020232, 0.07077686675672867]
AVERAGE FITNESS: 0.8600046481419703
Starting Step 290
AVERAGE FITNESS: 0.5514945081390915
Starting Step 291
New Best Found : 0.2091549423973602
With raw values: [0.29022798014270673, 0.1278122660356741, 0.06327740217900436]
AVERAGE FITNESS: 0.49148200202350445
Starting Step 292
AVERAGE FITNESS: 1683.0252639561604
Starting Step 293
AVERAGE FITNESS: 1682.940935542676
Starting Step 294
AVERAGE FITNESS: 0.6908947181309021
Starting Step 295
AVERAGE FITNESS: 0.7017542841669654
Starting Step 296
AVERAGE FITNESS: 0.6910023050788706
Starting Step 297
AVERAGE FITNESS: 0.8651893648067007
Starting Step 298
AVERAGE FITNESS: 0.4832921900671874
Starting Step 299
AVERAGE FITNESS: 0.47527423144389175
Optimize best
Cleaning up
Run time:32357.497571468353