*********** Running Genetic Algorithm ***********
running FuranAM1_0
running FuranDFT_0
running FuranAM1_3
running FuranDFT_3
running FuranAM1_2
running FuranDFT_2
running FuranAM1_1
running FuranDFT_1
running FuranAM1_4
running FuranDFT_4
running FuranAM1_6
running FuranDFT_6
running FuranAM1_7
running FuranDFT_7
running FuranAM1_5
running FuranDFT_5
running FuranAM1_8
running FuranDFT_8
running FuranAM1_10
running FuranDFT_10
running FuranAM1_11
running FuranDFT_11
running FuranAM1_9
running FuranDFT_9
running FuranAM1_12
running FuranDFT_12
running FuranAM1_14
running FuranDFT_14
running FuranAM1_13
running FuranDFT_13
running FuranAM1_15
running FuranDFT_15
running FuranAM1_16
running FuranDFT_16
running FuranAM1_18
running FuranDFT_18
running FuranAM1_17
running FuranDFT_17
running FuranAM1_19
running FuranDFT_19
running FuranAM1_20
running FuranDFT_20
running FuranAM1_21
running FuranDFT_21
running FuranAM1_22
running FuranDFT_22
running FuranAM1_23
running FuranDFT_23
running FuranAM1_24
running FuranDFT_24
running FuranAM1_25
running FuranDFT_25
running FuranAM1_26
running FuranDFT_26
running FuranAM1_27
running FuranDFT_27
running FuranAM1_28
running FuranDFT_28
running FuranAM1_29
running FuranDFT_29
running FuranAM1_30
running FuranDFT_30
running FuranAM1_31
running FuranDFT_31
running FuranAM1_32
running FuranDFT_32
running FuranAM1_33
running FuranDFT_33
running FuranAM1_34
running FuranDFT_34
running FuranAM1_35
running FuranDFT_35
running FuranAM1_36
running FuranDFT_36
running FuranAM1_37
running FuranDFT_37
running FuranAM1_38
running FuranDFT_38
running FuranAM1_39
running FuranDFT_39
running FuranAM1_40
running FuranDFT_40
running FuranAM1_41
running FuranDFT_41
running FuranAM1_42
running FuranDFT_42
running FuranAM1_43
running FuranDFT_43
running FuranAM1_44
running FuranDFT_44
running FuranAM1_45
running FuranDFT_45
running FuranAM1_46
running FuranDFT_46
running FuranAM1_47
running FuranDFT_47
running FuranAM1_48
running FuranDFT_48
running FuranAM1_49
running FuranDFT_49
running FuranAM1_50
running FuranDFT_50
running FuranAM1_51
running FuranDFT_51
running FuranAM1_52
running FuranDFT_52
running FuranAM1_53
running FuranDFT_53
running FuranAM1_54
running FuranDFT_54
running FuranAM1_55
running FuranDFT_55
running FuranAM1_56
running FuranDFT_56
running FuranAM1_57
running FuranDFT_57
running FuranAM1_58
running FuranDFT_58
running FuranAM1_59
running FuranDFT_59
running FuranAM1_60
running FuranDFT_60
running FuranAM1_61
running FuranDFT_61
running FuranAM1_63
running FuranDFT_63
running FuranAM1_62
running FuranDFT_62
running FuranAM1_64
running FuranDFT_64
running FuranAM1_65
running FuranDFT_65
running FuranAM1_67
running FuranDFT_67
running FuranAM1_66
running FuranDFT_66
running FuranAM1_68
running FuranDFT_68
running FuranAM1_69
running FuranDFT_69
running FuranAM1_71
running FuranDFT_71
running FuranAM1_70
running FuranDFT_70
running FuranAM1_72
running FuranDFT_72
running FuranAM1_73
running FuranDFT_73
running FuranAM1_75
running FuranDFT_75
running FuranAM1_74
running FuranDFT_74
running FuranAM1_76
running FuranDFT_76
running FuranAM1_77
running FuranDFT_77
running FuranAM1_79
running FuranDFT_79
running FuranAM1_78
running FuranDFT_78
running FuranAM1_80
running FuranDFT_80
running FuranAM1_81
running FuranDFT_81
running FuranAM1_83
running FuranDFT_83
running FuranAM1_82
running FuranDFT_82
running FuranAM1_84
running FuranDFT_84
running FuranAM1_85
running FuranDFT_85
running FuranAM1_86
running FuranDFT_86
running FuranAM1_87
running FuranDFT_87
running FuranAM1_88
running FuranDFT_88
running FuranAM1_89
running FuranDFT_89
running FuranAM1_90
running FuranDFT_90
running FuranAM1_91
running FuranDFT_91
running FuranAM1_92
running FuranDFT_92
running FuranAM1_93
running FuranDFT_93
running FuranAM1_95
running FuranDFT_95
running FuranAM1_94
running FuranDFT_94
running FuranAM1_96
running FuranDFT_96
running FuranAM1_97
running FuranDFT_97
running FuranAM1_98
running FuranDFT_98
running FuranAM1_99
running FuranDFT_99
updating raw_fitness [0.7569537726316582, 14919.141475090008]
Starting Step 0
New Best Found from population 3: 0.48018452938813794
New Best Found from population 4: 0.4220199554097244
AVERAGE FITNESS: 1.0184450376298142
Starting Step 1
AVERAGE FITNESS: 0.7434809356635825
Starting Step 2
New Best Found from population 0: 0.3799921981005363
New Best Found from population 4: 0.3601300885409241
AVERAGE FITNESS: 0.7148492753770299
Starting Step 3
New Best Found from population 9: 0.30149283788895737
AVERAGE FITNESS: 1.5936925884054787
Starting Step 4
New Best Found from population 0: 0.30102620625295834
New Best Found from population 4: 0.2919129033726979
New Best Found from population 6: 0.2558233225140291
AVERAGE FITNESS: 0.6799949638824456
Starting Step 5
New Best Found from population 0: 0.23091864102734277
New Best Found from population 3: 0.17260354289739765
AVERAGE FITNESS: 0.6512591946179525
Starting Step 6
New Best Found from population 0: 0.14877357946471262
New Best Found from population 3: 0.14630601237248528
AVERAGE FITNESS: 0.6137894874558874
Starting Step 7
New Best Found from population 0: 0.11483298661690514
AVERAGE FITNESS: 0.5725621014653935
Starting Step 8
New Best Found from population 0: 0.09345378793613443
