*********** Running Genetic Algorithm ***********
running FuranAM1_2
running FuranDFT_2
running FuranAM1_0
running FuranDFT_0
running FuranAM1_1
running FuranDFT_1
running FuranAM1_3
running FuranDFT_3
running FuranAM1_6
running FuranDFT_6
running FuranAM1_4
running FuranDFT_4
running FuranAM1_5
running FuranDFT_5
running FuranAM1_7
running FuranDFT_7
running FuranAM1_8
running FuranDFT_8
running FuranAM1_9
running FuranDFT_9
running FuranAM1_11
running FuranDFT_11
running FuranAM1_10
running FuranDFT_10
running FuranAM1_12
running FuranDFT_12
running FuranAM1_13
running FuranDFT_13
running FuranAM1_15
running FuranDFT_15
running FuranAM1_14
running FuranDFT_14
running FuranAM1_16
running FuranDFT_16
running FuranAM1_17
running FuranDFT_17
running FuranAM1_18
running FuranDFT_18
running FuranAM1_19
running FuranDFT_19
running FuranAM1_20
running FuranDFT_20
running FuranAM1_21
running FuranDFT_21
running FuranAM1_22
running FuranDFT_22
running FuranAM1_23
running FuranDFT_23
running FuranAM1_24
running FuranDFT_24
running FuranAM1_27
running FuranDFT_27
running FuranAM1_26
running FuranDFT_26
running FuranAM1_25
running FuranDFT_25
running FuranAM1_28
running FuranDFT_28
running FuranAM1_30
running FuranDFT_30
running FuranAM1_29
running FuranDFT_29
running FuranAM1_31
running FuranDFT_31
running FuranAM1_32
running FuranDFT_32
running FuranAM1_33
running FuranDFT_33
running FuranAM1_34
running FuranDFT_34
running FuranAM1_35
running FuranDFT_35
running FuranAM1_36
running FuranDFT_36
running FuranAM1_37
running FuranDFT_37
running FuranAM1_38
running FuranDFT_38
running FuranAM1_39
running FuranDFT_39
running FuranAM1_40
running FuranDFT_40
running FuranAM1_41
running FuranDFT_41
running FuranAM1_42
running FuranDFT_42
running FuranAM1_43
running FuranDFT_43
running FuranAM1_45
running FuranDFT_45
running FuranAM1_44
running FuranDFT_44
running FuranAM1_46
running FuranDFT_46
running FuranAM1_47
running FuranDFT_47
running FuranAM1_48
running FuranDFT_48
running FuranAM1_50
running FuranDFT_50
running FuranAM1_49
running FuranDFT_49
running FuranAM1_51
running FuranDFT_51
running FuranAM1_52
running FuranDFT_52
running FuranAM1_54
running FuranDFT_54
running FuranAM1_53
running FuranDFT_53
running FuranAM1_55
running FuranDFT_55
running FuranAM1_56
running FuranDFT_56
running FuranAM1_58
running FuranDFT_58
running FuranAM1_57
running FuranDFT_57
running FuranAM1_59
running FuranDFT_59
running FuranAM1_60
running FuranDFT_60
running FuranAM1_62
running FuranDFT_62
running FuranAM1_61
running FuranDFT_61
running FuranAM1_63
running FuranDFT_63
running FuranAM1_64
running FuranDFT_64
running FuranAM1_65
running FuranDFT_65
running FuranAM1_67
running FuranDFT_67
running FuranAM1_66
running FuranDFT_66
running FuranAM1_68
running FuranDFT_68
running FuranAM1_70
running FuranDFT_70
running FuranAM1_69
running FuranDFT_69
running FuranAM1_71
running FuranDFT_71
running FuranAM1_72
running FuranDFT_72
running FuranAM1_73
running FuranDFT_73
running FuranAM1_74
running FuranDFT_74
running FuranAM1_75
running FuranDFT_75
running FuranAM1_76
running FuranDFT_76
running FuranAM1_77
running FuranDFT_77
running FuranAM1_78
running FuranDFT_78
running FuranAM1_79
running FuranDFT_79
running FuranAM1_80
running FuranDFT_80
running FuranAM1_81
running FuranDFT_81
running FuranAM1_82
running FuranDFT_82
running FuranAM1_83
running FuranDFT_83
running FuranAM1_84
running FuranDFT_84
running FuranAM1_85
running FuranDFT_85
running FuranAM1_86
running FuranDFT_86
running FuranAM1_87
running FuranDFT_87
running FuranAM1_88
running FuranDFT_88
running FuranAM1_89
running FuranDFT_89
running FuranAM1_90
running FuranDFT_90
running FuranAM1_91
running FuranDFT_91
running FuranAM1_93
running FuranDFT_93
running FuranAM1_92
running FuranDFT_92
running FuranAM1_94
running FuranDFT_94
running FuranAM1_95
running FuranDFT_95
running FuranAM1_96
running FuranDFT_96
running FuranAM1_97
running FuranDFT_97
running FuranAM1_98
running FuranDFT_98
running FuranAM1_99
running FuranDFT_99
updating raw_fitness
Finished evolution 0,  finding fitness: 0.4498464082387905
found new best: 0.4498464082387905
Finished evolution 1,  finding fitness: 0.4859717557828691
Finished evolution 2,  finding fitness: 0.40998971730584566
found new best: 0.40998971730584566
Finished evolution 3,  finding fitness: 0.42446074446195137
Finished evolution 4,  finding fitness: 0.7181457517058112
Finished evolution 5,  finding fitness: 0.4059174384825801
found new best: 0.4059174384825801
Finished evolution 6,  finding fitness: 0.4566807385895959
Finished evolution 7,  finding fitness: 0.8538722689932552
Finished evolution 8,  finding fitness: 0.32179441684282456
found new best: 0.32179441684282456
Finished evolution 9,  finding fitness: 0.18951379120042694
found new best: 0.18951379120042694
Finished evolution 10,  finding fitness: 0.19366960662610058
Finished evolution 11,  finding fitness: 0.1810704664159681
found new best: 0.1810704664159681
Finished evolution 12,  finding fitness: 0.18133139203333465
Finished evolution 13,  finding fitness: 0.17621332270322085
found new best: 0.17621332270322085
Finished evolution 14,  finding fitness: 0.21994282887310224
Finished evolution 15,  finding fitness: 0.1494163750363629
found new best: 0.1494163750363629
Finished evolution 16,  finding fitness: 0.17744639878326407
Finished evolution 17,  finding fitness: 0.18937492755535174
Finished evolution 18,  finding fitness: 0.20093709767818393
Finished evolution 19,  finding fitness: 0.15070353110015988
Finished evolution 20,  finding fitness: 0.16666388249779274
Finished evolution 21,  finding fitness: 0.14796072237554675
found new best: 0.14796072237554675
Finished evolution 22,  finding fitness: 0.14795423824136641
found new best: 0.14795423824136641
Finished evolution 23,  finding fitness: 0.1796277295142949
Finished evolution 24,  finding fitness: 0.16279591828137077
Finished evolution 25,  finding fitness: 0.1853300706769574
Finished evolution 26,  finding fitness: 0.16629440170065535
Finished evolution 27,  finding fitness: 0.1460809410767625
found new best: 0.1460809410767625
Finished evolution 28,  finding fitness: 0.1474638951448576
Finished evolution 29,  finding fitness: 0.19883609410894512
Finished evolution 30,  finding fitness: 0.1459057268147252
found new best: 0.1459057268147252
Finished evolution 31,  finding fitness: 0.22740782743672724
Finished evolution 32,  finding fitness: 0.15822385815771844
Finished evolution 33,  finding fitness: 0.14334987234955904
found new best: 0.14334987234955904
Finished evolution 34,  finding fitness: 0.15769335924498365
Finished evolution 35,  finding fitness: 0.17858766383659047
Finished evolution 36,  finding fitness: 0.1529637843771269
Finished evolution 37,  finding fitness: 0.1575345870871251
Finished evolution 38,  finding fitness: 0.14301636085637087
found new best: 0.14301636085637087
Finished evolution 39,  finding fitness: 0.1332051603274392
found new best: 0.1332051603274392
Finished evolution 40,  finding fitness: 0.9168228542891748
Finished evolution 41,  finding fitness: 1.353068351983275
Finished evolution 42,  finding fitness: 1.1787488399681911
Finished evolution 43,  finding fitness: 0.1876915969839638
Finished evolution 44,  finding fitness: 0.13141984134967508
found new best: 0.13141984134967508
Finished evolution 45,  finding fitness: 0.14576548600307948
Finished evolution 46,  finding fitness: 0.12279926597607965
found new best: 0.12279926597607965
Finished evolution 47,  finding fitness: 0.1249687622002595
Finished evolution 48,  finding fitness: 0.13891334946407496
Finished evolution 49,  finding fitness: 2.5311204583847857
Finished evolution 50,  finding fitness: 0.0997487148693781
found new best: 0.0997487148693781
Finished evolution 51,  finding fitness: 0.13952227259206362
Finished evolution 52,  finding fitness: 0.15396592810487664
Finished evolution 53,  finding fitness: 0.0837177812823481
found new best: 0.0837177812823481
Finished evolution 54,  finding fitness: 0.07288844611949893
found new best: 0.07288844611949893
Finished evolution 55,  finding fitness: 0.0893645878147563
Finished evolution 56,  finding fitness: 0.09807283421973895
Finished evolution 57,  finding fitness: 0.08095728262958543
Finished evolution 58,  finding fitness: 0.06799564791797473
found new best: 0.06799564791797473
Finished evolution 59,  finding fitness: 0.07071111229611844
Finished evolution 60,  finding fitness: 0.06716263762226243
found new best: 0.06716263762226243
Finished evolution 61,  finding fitness: 0.06682178855417202
found new best: 0.06682178855417202
Finished evolution 62,  finding fitness: 0.06424117392193472
found new best: 0.06424117392193472
Finished evolution 63,  finding fitness: 0.10324040860922443
Finished evolution 64,  finding fitness: 0.06007850418235864
found new best: 0.06007850418235864
Finished evolution 65,  finding fitness: 0.06192966664635159
Finished evolution 66,  finding fitness: 0.0734512692953184
Finished evolution 67,  finding fitness: 0.07416517432061767
Finished evolution 68,  finding fitness: 0.06778410529267959
Finished evolution 69,  finding fitness: 0.05179877186097151
found new best: 0.05179877186097151
Finished evolution 70,  finding fitness: 0.08406274537194845
Finished evolution 71,  finding fitness: 0.06339586658602277
Finished evolution 72,  finding fitness: 0.034184910536099344
found new best: 0.034184910536099344
Finished evolution 73,  finding fitness: 0.0338277102472461
found new best: 0.0338277102472461
Finished evolution 74,  finding fitness: 0.03398416290110377
Finished evolution 75,  finding fitness: 0.057652806341278895
Finished evolution 76,  finding fitness: 0.0539484053508943
Finished evolution 77,  finding fitness: 0.02670466394552229
found new best: 0.02670466394552229
Finished evolution 78,  finding fitness: 0.0145935428930677
found new best: 0.0145935428930677
Finished evolution 79,  finding fitness: 0.02460822114979224
Finished evolution 80,  finding fitness: 0.015485677810538669
Finished evolution 81,  finding fitness: 0.01597837879221717
Finished evolution 82,  finding fitness: 0.014273467605604058
found new best: 0.014273467605604058
Finished evolution 83,  finding fitness: 0.019100771704546913
Finished evolution 84,  finding fitness: 0.020187812268576945
Finished evolution 85,  finding fitness: 0.013357350033727186
found new best: 0.013357350033727186
Finished evolution 86,  finding fitness: 0.013565025426857742
Finished evolution 87,  finding fitness: 0.012597558736312974
found new best: 0.012597558736312974
Finished evolution 88,  finding fitness: 0.012655006052247309
Finished evolution 89,  finding fitness: 0.024240375880557625
Finished evolution 90,  finding fitness: 0.019152269638192044
Finished evolution 91,  finding fitness: 0.012294802892892996
found new best: 0.012294802892892996
Finished evolution 92,  finding fitness: 0.03120429821928615
Finished evolution 93,  finding fitness: 0.009862259750144448
found new best: 0.009862259750144448
Finished evolution 94,  finding fitness: 0.008319338394068766
found new best: 0.008319338394068766
Finished evolution 95,  finding fitness: 0.016510997185441422
Finished evolution 96,  finding fitness: 0.010789133208551986
Finished evolution 97,  finding fitness: 0.007377995211719851
found new best: 0.007377995211719851
Finished evolution 98,  finding fitness: 0.0098218811468622
Finished evolution 99,  finding fitness: 0.009461833655489395
Finished evolution 100,  finding fitness: 0.009449573290723634
Finished evolution 101,  finding fitness: 0.012009533110271867
Finished evolution 102,  finding fitness: 0.010132499465490611
Finished evolution 103,  finding fitness: 0.006873020533888
found new best: 0.006873020533888
Finished evolution 104,  finding fitness: 0.005458703449228445
found new best: 0.005458703449228445
Finished evolution 105,  finding fitness: 0.007280659679596247
Finished evolution 106,  finding fitness: 0.0055062943394781
Finished evolution 107,  finding fitness: 0.0074930087703385835
Finished evolution 108,  finding fitness: 0.006087465049208637
Finished evolution 109,  finding fitness: 0.0057464161644684795
Finished evolution 110,  finding fitness: 1.5040074856163488
Finished evolution 111,  finding fitness: 0.011348198852985042
Finished evolution 112,  finding fitness: 0.005735610687306946
Finished evolution 113,  finding fitness: 0.006057062458690132
Finished evolution 114,  finding fitness: 0.008284426059966644
Finished evolution 115,  finding fitness: 0.006597970319381142
Finished evolution 116,  finding fitness: 0.004981396922227981
found new best: 0.004981396922227981
Finished evolution 117,  finding fitness: 0.005337931641115673
Finished evolution 118,  finding fitness: 0.009263085967381172
Finished evolution 119,  finding fitness: 0.005129862738021367
Finished evolution 120,  finding fitness: 0.005878966731644824
Finished evolution 121,  finding fitness: 0.004933887673965485
found new best: 0.004933887673965485
Finished evolution 122,  finding fitness: 0.005133680307265376
Finished evolution 123,  finding fitness: 0.005947557100540904
Finished evolution 124,  finding fitness: 0.004182869155276434
found new best: 0.004182869155276434
Finished evolution 125,  finding fitness: 0.0055664637335627555
Finished evolution 126,  finding fitness: 0.010557739809952001
Finished evolution 127,  finding fitness: 0.011162822396416049
Finished evolution 128,  finding fitness: 0.004000203174151942
found new best: 0.004000203174151942
Finished evolution 129,  finding fitness: 0.014346560723913996
Finished evolution 130,  finding fitness: 0.005610090267111262
Finished evolution 131,  finding fitness: 0.003963005702249407
found new best: 0.003963005702249407
Finished evolution 132,  finding fitness: 0.004611462586649279
Finished evolution 133,  finding fitness: 0.0065761182693951864
Finished evolution 134,  finding fitness: 0.004219211521339432
Finished evolution 135,  finding fitness: 0.005333766630545
Finished evolution 136,  finding fitness: 0.010583437324574806
Finished evolution 137,  finding fitness: 0.006222426898662567
Finished evolution 138,  finding fitness: 0.005751760534634693
Finished evolution 139,  finding fitness: 0.004909236368399704
Finished evolution 140,  finding fitness: 0.004885658667227
Finished evolution 141,  finding fitness: 0.007080634496071313
Finished evolution 142,  finding fitness: 0.015536319686445015
Finished evolution 143,  finding fitness: 0.011248199290842078
Finished evolution 144,  finding fitness: 0.01357000546706337
Finished evolution 145,  finding fitness: 0.0039943685975285794
Finished evolution 146,  finding fitness: 0.003859442289110939
found new best: 0.003859442289110939
Finished evolution 147,  finding fitness: 0.015414552438121776
Finished evolution 148,  finding fitness: 0.011262356158442278
Finished evolution 149,  finding fitness: 0.004311828717674946
Finished evolution 150,  finding fitness: 0.0037235138998312108
found new best: 0.0037235138998312108
Finished evolution 151,  finding fitness: 0.004832755506721181
Finished evolution 152,  finding fitness: 0.00534740866370587
Finished evolution 153,  finding fitness: 0.006694630502856119
Finished evolution 154,  finding fitness: 0.006386420732995779
Finished evolution 155,  finding fitness: 0.018732173282937175
Finished evolution 156,  finding fitness: 0.004727121093731154
Finished evolution 157,  finding fitness: 0.004882636835587656
Finished evolution 158,  finding fitness: 0.006232913289562367
Finished evolution 159,  finding fitness: 0.008507185373882559
Finished evolution 160,  finding fitness: 0.004111997643973811
Finished evolution 161,  finding fitness: 0.006754722418135999
Finished evolution 162,  finding fitness: 0.004215329651055238
Finished evolution 163,  finding fitness: 0.004590476327602292
Finished evolution 164,  finding fitness: 0.008462940286426184
Finished evolution 165,  finding fitness: 0.005782635786102563
Finished evolution 166,  finding fitness: 0.015345842953106956
Finished evolution 167,  finding fitness: 0.004392071684684214
Finished evolution 168,  finding fitness: 0.01661012755140969
Finished evolution 169,  finding fitness: 0.0061281571407942595
Finished evolution 170,  finding fitness: 0.0032947336788455225
found new best: 0.0032947336788455225
Finished evolution 171,  finding fitness: 0.009717358382069009
Finished evolution 172,  finding fitness: 0.003691142169073373
Finished evolution 173,  finding fitness: 0.004963058642517147
Finished evolution 174,  finding fitness: 0.003942477659296207
Finished evolution 175,  finding fitness: 0.004323509044012099
Finished evolution 176,  finding fitness: 0.003383915715078284
Finished evolution 177,  finding fitness: 0.0035881836555989952
Finished evolution 178,  finding fitness: 0.0031028965325935174
found new best: 0.0031028965325935174
Finished evolution 179,  finding fitness: 0.0034925476735854807
Finished evolution 180,  finding fitness: 0.00993219183605345
Finished evolution 181,  finding fitness: 0.0033373143908503747
Finished evolution 182,  finding fitness: 0.00363202964301201
Finished evolution 183,  finding fitness: 0.0033530995558043613
Finished evolution 184,  finding fitness: 0.006507797284285211
Finished evolution 185,  finding fitness: 0.012691774660998098
Finished evolution 186,  finding fitness: 0.0033699193910352683
Finished evolution 187,  finding fitness: 0.003136113881132387
Finished evolution 188,  finding fitness: 0.0031205360318170543
Finished evolution 189,  finding fitness: 0.01060513432494182
Finished evolution 190,  finding fitness: 0.01097563039785059
Finished evolution 191,  finding fitness: 0.008016425471197363
Finished evolution 192,  finding fitness: 0.005277368101923009
Finished evolution 193,  finding fitness: 0.005449494525572281
Finished evolution 194,  finding fitness: 0.004957858225789246
Finished evolution 195,  finding fitness: 0.0031717219876166063
Finished evolution 196,  finding fitness: 0.0030647337341821713
found new best: 0.0030647337341821713
Finished evolution 197,  finding fitness: 0.003598902938829222
Finished evolution 198,  finding fitness: 0.00395367440658318
Finished evolution 199,  finding fitness: 0.005091877334366399
Cleaning up and creating optimized bests
Run time:5174.662487030029