
*********** Running Genetic Algorithm ***********
Found previous high level optimizataion
running FuranAM1_0
running FuranDFT_0
running FuranAM1_2
running FuranDFT_2
running FuranAM1_1
running FuranDFT_1
running FuranAM1_3
running FuranDFT_3
updating raw_fitness [0.12679932195334734, 0.0057874037643436274, 421.9708029399999, 166183.0664494]
Starting Step 0
New Best Found : 0.7980579243976447
With raw values: [1.3247174528848422, 0.27852983875868953, 0.7967902354794143, 0.7921941704676329]
AVERAGE FITNESS: 3.2169932585533374
Starting Step 1
New Best Found : 0.7471378526813712
With raw values: [0.8525110359121075, 0.2121026179084472, 1.0890083169222031, 0.8349294399827276]
AVERAGE FITNESS: 4.557465567936669
Starting Step 2
New Best Found : 0.6468761303462646
With raw values: [0.9366662766274991, 0.05492925802985352, 1.0695936515166327, 0.526315335211073]
AVERAGE FITNESS: 3.2725853167876573
Starting Step 3
AVERAGE FITNESS: 4.09805564191887
Starting Step 4
AVERAGE FITNESS: 2.5320720505062773
Optimize best
Cleaning up
Run time:121.91451334953308