*********** Running Genetic Algorithm ***********
running FuranAM1_0
running FuranDFT_0
running FuranAM1_2
running FuranDFT_2
running FuranAM1_3
running FuranDFT_3
running FuranAM1_1
running FuranDFT_1
running FuranAM1_4
running FuranDFT_4
running FuranAM1_5
running FuranDFT_5
running FuranAM1_6
running FuranDFT_6
running FuranAM1_7
running FuranDFT_7
running FuranAM1_8
running FuranDFT_8
running FuranAM1_10
running FuranDFT_10
running FuranAM1_9
running FuranDFT_9
running FuranAM1_11
running FuranDFT_11
running FuranAM1_12
running FuranDFT_12
running FuranAM1_13
running FuranDFT_13
running FuranAM1_14
running FuranDFT_14
running FuranAM1_15
running FuranDFT_15
updating raw_fitness [1.7779471734846646, 0.024438184935281125, 1475.8879266500003]
Starting Step 0
New Best Found : 0.9999999999999999
With raw values: [1.0, 1.0, 1.0]
New Best Found : 0.966286448791102
With raw values: [1.1570971070176153, 0.9609722750506945, 0.7760072079386299]
New Best Found : 0.8613414347604778
With raw values: [0.8409072533136857, 0.745281910280147, 0.893381568655303]
AVERAGE FITNESS: 1.5347261238171663
Starting Step 1
New Best Found : 0.843860529308878
With raw values: [1.1238929460480092, 1.219363990085473, 0.5262777664920875]
AVERAGE FITNESS: 2.1829261293712565
Starting Step 2
New Best Found : 0.8165475603652248
With raw values: [1.1335395986802153, 1.1195385632578414, 0.46925642176097254]
New Best Found : 0.7922754669271859
With raw values: [0.8207319342868771, 0.5656083910714584, 0.7864857071530675]
AVERAGE FITNESS: 1.5524285064568293
Starting Step 3
New Best Found : 0.7847519650741936
With raw values: [0.8166329695350467, 0.512487908367726, 0.7800973662839876]
New Best Found : 0.706509227931774
With raw values: [1.0374175853822143, 1.116401962198829, 0.33461159705462784]
AVERAGE FITNESS: 1.7141118828405901
Starting Step 4
New Best Found : 0.6520035276431393
With raw values: [0.9764380097505646, 0.7727972366267896, 0.3154896746373489]
New Best Found : 0.6265444301975449
With raw values: [1.013539650730167, 0.6600746397320963, 0.23619618871146755]
AVERAGE FITNESS: 1.4138458844575608
Starting Step 5
New Best Found : 0.6249022687415053
With raw values: [0.9862578661744995, 0.7763664348843133, 0.24840025469423055]
AVERAGE FITNESS: 1.2748260406816432
Starting Step 6
New Best Found : 0.6049421908128328
With raw values: [0.9900831653356009, 0.7005991470800821, 0.21023552066333986]
AVERAGE FITNESS: 0.8226093337017159
Starting Step 7
New Best Found : 0.5985355932071619
With raw values: [0.7627779028982525, 0.5965279860705037, 0.43449404422973703]
New Best Found : 0.5524969653111675
With raw values: [0.719840390149553, 0.5863651715619429, 0.38176671984770444]
AVERAGE FITNESS: 1.1025293607805937
Starting Step 8
New Best Found : 0.5470387683780572
With raw values: [0.7181073483549366, 0.5761651305089647, 0.37305755218808706]
AVERAGE FITNESS: 1.081974909948756
Starting Step 9
New Best Found : 0.4730690176567005
With raw values: [0.7535329896561987, 0.6520927657356628, 0.17470267084930619]
AVERAGE FITNESS: 0.7827896595745348
Starting Step 10
AVERAGE FITNESS: 0.7140842866143539
Starting Step 11
New Best Found : 0.44950896213481506
With raw values: [0.7281287467623853, 0.5983301062168483, 0.15600706309904144]
AVERAGE FITNESS: 0.675289939323517
Starting Step 12
AVERAGE FITNESS: 0.6535705399437498
Starting Step 13
New Best Found : 0.42192760036171395
With raw values: [0.6588590750954949, 0.5302811962718824, 0.1741607660369162]
New Best Found : 0.39484872348336075
With raw values: [0.6692411001861075, 0.32868644373430994, 0.12707257475551895]
AVERAGE FITNESS: 0.6719542693764678
Starting Step 14
New Best Found : 0.3944697868417266
With raw values: [0.6191484341664981, 0.32085809127457104, 0.17715230907367077]
AVERAGE FITNESS: 0.705761743758956
Starting Step 15
New Best Found : 0.3885134735783061
With raw values: [0.6328046108578734, 0.3650547084450081, 0.14656821281206864]
New Best Found : 0.37399565394923456
With raw values: [0.5712402348263098, 0.26699046205627786, 0.18745159226145494]
AVERAGE FITNESS: 0.6665137686317664
Starting Step 16
AVERAGE FITNESS: 0.7000041310485744
Starting Step 17
New Best Found : 0.3704268261020943
With raw values: [0.5507815411886153, 0.27442547367286757, 0.199672246258496]
AVERAGE FITNESS: 0.7028677426450152
Starting Step 18
AVERAGE FITNESS: 0.6234278693812926
Starting Step 19
New Best Found : 0.3603751128648624
With raw values: [0.5579339255537724, 0.2828424180588081, 0.17056956965655787]
AVERAGE FITNESS: 0.7140066625065348
Starting Step 20
AVERAGE FITNESS: 0.7409509507325293
Starting Step 21
AVERAGE FITNESS: 0.5560492068096391
Starting Step 22
AVERAGE FITNESS: 0.6440237553192946
Starting Step 23
AVERAGE FITNESS: 0.600965896192604
Starting Step 24
New Best Found : 0.35366943752778346
With raw values: [0.5832294955503181, 0.5224446211717024, 0.1072318611408569]
AVERAGE FITNESS: 0.7753262546249272
Starting Step 25
AVERAGE FITNESS: 0.7015793446745776
Starting Step 26
New Best Found : 0.34639465169822353
With raw values: [0.5685312714374523, 0.5350534740572558, 0.10539214972309155]
AVERAGE FITNESS: 0.5626135855717276
Starting Step 27
AVERAGE FITNESS: 0.6293206076421687
Starting Step 28
AVERAGE FITNESS: 0.8149757256047391
Starting Step 29
AVERAGE FITNESS: 0.7365836943595943
Starting Step 30
AVERAGE FITNESS: 0.7786978440006118
Starting Step 31
AVERAGE FITNESS: 0.7268713950913028
Starting Step 32
New Best Found : 0.344982346191903
With raw values: [0.5739720100145719, 0.4677305983550726, 0.10371785715291729]
New Best Found : 0.34378129240662475
With raw values: [0.5781285079827336, 0.4273266742448955, 0.10107953864668874]
AVERAGE FITNESS: 0.5676876547877546
Starting Step 33
AVERAGE FITNESS: 0.7160531069588257
Starting Step 34
AVERAGE FITNESS: 0.5295614201052004
Starting Step 35
New Best Found : 0.340851980386832
With raw values: [0.5588792808988841, 0.5485349141541177, 0.10205638649805128]
New Best Found : 0.3376470509391365
With raw values: [0.5677348586823544, 0.44959844686911904, 0.09636410360292036]
AVERAGE FITNESS: 0.8501384940514032
Starting Step 36
New Best Found : 0.33763845528055664
With raw values: [0.5695195000199003, 0.42195844541551786, 0.0973254115277168]
AVERAGE FITNESS: 0.4436225611712368
Starting Step 37
AVERAGE FITNESS: 0.7303616700412813
Starting Step 38
AVERAGE FITNESS: 0.6364502204842645
Starting Step 39
New Best Found : 0.3343678061807856
With raw values: [0.5684933323069282, 0.4184541577825956, 0.09183364489446204]
AVERAGE FITNESS: 0.6021708243228324
Starting Step 40
AVERAGE FITNESS: 1.3686823547254552
Starting Step 41
New Best Found : 0.3317178260195903
With raw values: [0.5113916318232974, 0.4748608898286663, 0.1377297138349756]
AVERAGE FITNESS: 0.4504840642742749
Starting Step 42
AVERAGE FITNESS: 1117.9945127714625
Starting Step 43
New Best Found : 0.3274451341564453
With raw values: [0.5017364937043998, 0.5181018008819278, 0.13408810793594272]
AVERAGE FITNESS: 0.4561817729484865
Starting Step 44
New Best Found : 0.3250840242641399
With raw values: [0.5160893155874429, 0.37475235392213707, 0.12911189997503728]
AVERAGE FITNESS: 0.7348849459585955
Starting Step 45
New Best Found : 0.31617153903213197
With raw values: [0.5471613019892329, 0.2725931267142227, 0.08953961730682197]
AVERAGE FITNESS: 1.2649945867372085
Starting Step 46
AVERAGE FITNESS: 0.5399152639790848
Starting Step 47
AVERAGE FITNESS: 0.70228507996241
Starting Step 48
AVERAGE FITNESS: 0.5141681022849189
Starting Step 49
AVERAGE FITNESS: 0.6091738103538028
Starting Step 50
AVERAGE FITNESS: 0.5909144254211345
Starting Step 51
AVERAGE FITNESS: 0.7280392425395991
Starting Step 52
New Best Found : 0.3038813349277195
With raw values: [0.523883858347361, 0.24394087966865122, 0.08987285703398495]
AVERAGE FITNESS: 0.5121321566414138
Starting Step 53
AVERAGE FITNESS: 1118.0124796756566
Starting Step 54
New Best Found : 0.3013195869183045
With raw values: [0.4968215302078488, 0.2784413904726934, 0.10810546327332135]
AVERAGE FITNESS: 0.797357475420979
Starting Step 55
AVERAGE FITNESS: 0.4677490854326558
Starting Step 56
New Best Found : 0.2962706049821608
With raw values: [0.46752525990224975, 0.4810871409992604, 0.10653429646036192]
New Best Found : 0.29458299541827837
With raw values: [0.42550159926665404, 0.5381725523309094, 0.13930543587863964]
AVERAGE FITNESS: 0.6707143518227512
Starting Step 57
New Best Found : 0.29257482643101085
With raw values: [0.42701542578526797, 0.5345055323333022, 0.13394115648652458]
AVERAGE FITNESS: 1117.7622165270418
Starting Step 58
AVERAGE FITNESS: 0.5135714728251266
Starting Step 59
AVERAGE FITNESS: 0.571807329483151
Starting Step 60
AVERAGE FITNESS: 0.5605878328546968
Starting Step 61
New Best Found : 0.2921804269054814
With raw values: [0.42731758215262705, 0.4912419661433532, 0.13713711773454865]
AVERAGE FITNESS: 0.6877119573884509
Starting Step 62
New Best Found : 0.28695254612462995
With raw values: [0.4180205180402908, 0.4598174579875742, 0.13859808302267473]
New Best Found : 0.27979013569511013
With raw values: [0.43190273233140497, 0.6398840574058249, 0.0916681468877439]
AVERAGE FITNESS: 0.5873981971961407
Starting Step 63
AVERAGE FITNESS: 2235.251150780237
Starting Step 64
AVERAGE FITNESS: 2237.1310450133537
Starting Step 65
New Best Found : 0.27144662579224976
With raw values: [0.4310896232197474, 0.46619601827791163, 0.09232868911618584]
AVERAGE FITNESS: 0.5885541775416812
Starting Step 66
AVERAGE FITNESS: 0.6903784876771617
Starting Step 67
New Best Found : 0.2629168283952562
With raw values: [0.4203171621747966, 0.447657363116296, 0.08704244114361187]
AVERAGE FITNESS: 0.4570834579958838
Starting Step 68
AVERAGE FITNESS: 0.46735224302769646
Starting Step 69
AVERAGE FITNESS: 0.45141724035956726
Starting Step 70
AVERAGE FITNESS: 0.4707434689635934
Starting Step 71
AVERAGE FITNESS: 0.5001719819447349
Starting Step 72
AVERAGE FITNESS: 0.4372196987153885
Starting Step 73
AVERAGE FITNESS: 0.5641369845028328
Starting Step 74
AVERAGE FITNESS: 0.5357055839841024
Starting Step 75
AVERAGE FITNESS: 0.8544829079374722
Starting Step 76
AVERAGE FITNESS: 0.48037390142509623
Starting Step 77
New Best Found : 0.26290327970302574
With raw values: [0.41412022231560597, 0.4344282674506499, 0.09453383831568318]
AVERAGE FITNESS: 0.7017039247540177
Starting Step 78
AVERAGE FITNESS: 0.546389552977647
Starting Step 79
AVERAGE FITNESS: 0.45408316689468026
Starting Step 80
AVERAGE FITNESS: 0.36579432808275775
Starting Step 81
AVERAGE FITNESS: 0.6335041785494147
Starting Step 82
New Best Found : 0.2610944792723985
With raw values: [0.4023468000317025, 0.49086281310601243, 0.09686532512973313]
AVERAGE FITNESS: 0.43047430718186663
Starting Step 83
AVERAGE FITNESS: 0.6217446132684464
Starting Step 84
New Best Found : 0.25893235508411655
With raw values: [0.4012101888775562, 0.4559497848427992, 0.09695277831480861]
New Best Found : 0.2585041921157452
With raw values: [0.4385248526230311, 0.345504576561764, 0.06978349316385743]
AVERAGE FITNESS: 0.704591697203823
Starting Step 85
AVERAGE FITNESS: 0.4968427361595182
Starting Step 86
AVERAGE FITNESS: 0.5213244292090916
Starting Step 87
New Best Found : 0.25705066099279983
With raw values: [0.41919609745057973, 0.483209319414829, 0.0722893586928171]
AVERAGE FITNESS: 0.4799894132061065
Starting Step 88
AVERAGE FITNESS: 0.5284335580170522
Starting Step 89
AVERAGE FITNESS: 0.4129847009822853
Starting Step 90
New Best Found : 0.25658299663720574
With raw values: [0.45248822645276204, 0.21731994463164553, 0.06460407202220537]
AVERAGE FITNESS: 0.5094768323229711
Starting Step 91
AVERAGE FITNESS: 0.526827989044377
Starting Step 92
AVERAGE FITNESS: 0.5783038762026241
Starting Step 93
AVERAGE FITNESS: 0.4860249490904702
Starting Step 94
New Best Found : 0.2564914395767308
With raw values: [0.41515863126461916, 0.49603612833237987, 0.07386977901327761]
New Best Found : 0.2515383443606089
With raw values: [0.45946750687576104, 0.21847597827511672, 0.04691541845400594]
AVERAGE FITNESS: 0.4793840433496139
Starting Step 95
AVERAGE FITNESS: 0.5219640844593371
Starting Step 96
AVERAGE FITNESS: 0.7321560961313746
Starting Step 97
AVERAGE FITNESS: 0.6114735716014635
Starting Step 98
New Best Found : 0.24048452157698444
With raw values: [0.4049300670126707, 0.31819143559586477, 0.06826828473941023]
AVERAGE FITNESS: 0.5603080623615685
Starting Step 99
AVERAGE FITNESS: 0.41488191359672694
Starting Step 100
New Best Found : 0.23445602265587517
With raw values: [0.3954943407647254, 0.2982290082827363, 0.06704040598433876]
AVERAGE FITNESS: 0.6025563847678416
Starting Step 101
AVERAGE FITNESS: 0.6006391826578872
Starting Step 102
AVERAGE FITNESS: 0.5312480569258423
Starting Step 103
AVERAGE FITNESS: 0.6100754487085919
Starting Step 104
AVERAGE FITNESS: 0.4980358444088471
Starting Step 105
AVERAGE FITNESS: 0.5261534824474666
Starting Step 106
AVERAGE FITNESS: 0.5045895476022194
Starting Step 107
AVERAGE FITNESS: 0.5230516453414079
Starting Step 108
New Best Found : 0.23091519226524276
With raw values: [0.4141677296132065, 0.16652746502722227, 0.05410142764108095]
AVERAGE FITNESS: 0.44656366470475706
Starting Step 109
AVERAGE FITNESS: 0.7814431945013002
Starting Step 110
AVERAGE FITNESS: 1118.2131703263724
Starting Step 111
AVERAGE FITNESS: 0.4489969291744415
Starting Step 112
New Best Found : 0.22733150910779973
With raw values: [0.4090323643979051, 0.16622970169761037, 0.05174083455871326]
AVERAGE FITNESS: 0.8993360494201892
Starting Step 113
New Best Found : 0.22257902114381156
With raw values: [0.37190612531554534, 0.3548738518724334, 0.06002243389921557]
AVERAGE FITNESS: 1118.3205602414107
Starting Step 114
AVERAGE FITNESS: 0.48688687337522246
Starting Step 115
AVERAGE FITNESS: 0.6078092689918875
Starting Step 116
AVERAGE FITNESS: 1117.907281274814
Starting Step 117
AVERAGE FITNESS: 0.7041343521757172
Starting Step 118
AVERAGE FITNESS: 0.442628301726796
Starting Step 119
AVERAGE FITNESS: 1.2965853226688344
Starting Step 120
AVERAGE FITNESS: 0.44438198881483904
Starting Step 121
AVERAGE FITNESS: 0.5126614839941639
Starting Step 122
AVERAGE FITNESS: 0.521762148888079
Starting Step 123
AVERAGE FITNESS: 0.4188970101602065
Starting Step 124
AVERAGE FITNESS: 0.43882796676288355
Starting Step 125
New Best Found : 0.22153593797830745
With raw values: [0.369908040063468, 0.3853221281463225, 0.05678521687634539]
AVERAGE FITNESS: 0.5428382785014274
Starting Step 126
AVERAGE FITNESS: 0.6767735889233802
Starting Step 127
AVERAGE FITNESS: 0.4765742627286724
Starting Step 128
AVERAGE FITNESS: 0.5643265962974834
Starting Step 129
AVERAGE FITNESS: 1117.777316184896
Starting Step 130
AVERAGE FITNESS: 0.49484307266560146
Starting Step 131
AVERAGE FITNESS: 0.4276146389159466
Starting Step 132
AVERAGE FITNESS: 0.4813722834075637
Starting Step 133
AVERAGE FITNESS: 0.5013888205634036
Starting Step 134
AVERAGE FITNESS: 1.1927466250977685
Starting Step 135
AVERAGE FITNESS: 0.6083505392155911
Starting Step 136
AVERAGE FITNESS: 0.424957510900676
Starting Step 137
AVERAGE FITNESS: 0.5001924386979839
Starting Step 138
AVERAGE FITNESS: 0.7330265667390394
Starting Step 139
AVERAGE FITNESS: 0.382212063355962
Starting Step 140
AVERAGE FITNESS: 0.3943662163259096
Starting Step 141
AVERAGE FITNESS: 0.43590474721454614
Starting Step 142
AVERAGE FITNESS: 0.6079852652519914
Starting Step 143
New Best Found : 0.21984594015279965
With raw values: [0.36926351567064625, 0.3512338328801698, 0.05728957536221605]
AVERAGE FITNESS: 0.35351429711273474
Starting Step 144
New Best Found : 0.214271866873739
With raw values: [0.36312875308551124, 0.2827971034341866, 0.058562457005922]
AVERAGE FITNESS: 0.3341557620964166
Starting Step 145
AVERAGE FITNESS: 0.6616163041522295
Starting Step 146
AVERAGE FITNESS: 0.4486494826326506
Starting Step 147
AVERAGE FITNESS: 1118.2115359832003
Starting Step 148
AVERAGE FITNESS: 0.4229768072794131
Starting Step 149
AVERAGE FITNESS: 0.3975004295072109
Starting Step 150
AVERAGE FITNESS: 0.34349663113895773
Starting Step 151
AVERAGE FITNESS: 0.5470799246537296
Starting Step 152
AVERAGE FITNESS: 0.3777929524338517
Starting Step 153
AVERAGE FITNESS: 0.6047204760243945
Starting Step 154
AVERAGE FITNESS: 0.4158556391101358
Starting Step 155
AVERAGE FITNESS: 0.7605062604132234
Starting Step 156
AVERAGE FITNESS: 0.5524097674846796
Starting Step 157
New Best Found : 0.21272072192868513
With raw values: [0.35456866000280407, 0.25908310849932825, 0.06623654519750183]
AVERAGE FITNESS: 0.4115431087109736
Starting Step 158
AVERAGE FITNESS: 0.4051539174380941
Starting Step 159
New Best Found : 0.2122593687904071
With raw values: [0.3520754763517587, 0.27225750953822486, 0.06644344715427378]
AVERAGE FITNESS: 0.5407010965059561
Starting Step 160
New Best Found : 0.20940954113417884
With raw values: [0.3495857790509769, 0.23953457597149796, 0.06622079973364892]
AVERAGE FITNESS: 3352.5776931280725
Starting Step 161
AVERAGE FITNESS: 0.49554023136196906
Starting Step 162
AVERAGE FITNESS: 0.41614570040406224
Starting Step 163
AVERAGE FITNESS: 0.5072404328487553
Starting Step 164
AVERAGE FITNESS: 0.3628302544753789
Starting Step 165
AVERAGE FITNESS: 0.42534592064664706
Starting Step 166
AVERAGE FITNESS: 0.43987942705869293
Starting Step 167
AVERAGE FITNESS: 0.3939015832123443
Starting Step 168
AVERAGE FITNESS: 0.4719038645149635
Starting Step 169
AVERAGE FITNESS: 0.707827035206026
Starting Step 170
AVERAGE FITNESS: 0.39881939472272054
Starting Step 171
AVERAGE FITNESS: 0.36421450542102024
Starting Step 172
AVERAGE FITNESS: 0.5549279373321812
Starting Step 173
New Best Found : 0.20874310296751478
With raw values: [0.34642637486895855, 0.24459979672213314, 0.06747416169060913]
AVERAGE FITNESS: 0.5574757398115585
Starting Step 174
New Best Found : 0.20664120737815986
With raw values: [0.345287142452576, 0.232900296516258, 0.06536936338993392]
AVERAGE FITNESS: 0.9550236322639645
Starting Step 175
AVERAGE FITNESS: 0.36800395810326864
Starting Step 176
AVERAGE FITNESS: 1117.8005154468412
Starting Step 177
AVERAGE FITNESS: 0.4454043090893314
Starting Step 178
New Best Found : 0.2050078034167223
With raw values: [0.34927183163412723, 0.20176590106393538, 0.06106796543459615]
AVERAGE FITNESS: 0.48568160606132954
Starting Step 179
AVERAGE FITNESS: 0.507639696811378
Starting Step 180
AVERAGE FITNESS: 0.4360230634048967
Starting Step 181
AVERAGE FITNESS: 0.42114159714155147
Starting Step 182
AVERAGE FITNESS: 0.4927792838967797
Starting Step 183
New Best Found : 0.20265722785721402
With raw values: [0.34452103952281965, 0.1771400941034013, 0.06334512956698965]
AVERAGE FITNESS: 1117.8595198809078
Starting Step 184
AVERAGE FITNESS: 0.3582374712992831
Starting Step 185
AVERAGE FITNESS: 0.44517520368000246
Starting Step 186
AVERAGE FITNESS: 0.42426747753837407
Starting Step 187
AVERAGE FITNESS: 0.6044716584467875
Starting Step 188
AVERAGE FITNESS: 0.561529366115635
Starting Step 189
AVERAGE FITNESS: 0.43561927680462514
Starting Step 190
AVERAGE FITNESS: 1.0640540480634422
Starting Step 191
AVERAGE FITNESS: 0.3797051355934042
Starting Step 192
AVERAGE FITNESS: 0.4348959717278254
Starting Step 193
AVERAGE FITNESS: 0.34575205426522726
Starting Step 194
AVERAGE FITNESS: 0.3151674723231005
Starting Step 195
AVERAGE FITNESS: 0.34141298815167637
Starting Step 196
AVERAGE FITNESS: 0.4407091424276754
Starting Step 197
AVERAGE FITNESS: 0.5003792443198811
Starting Step 198
AVERAGE FITNESS: 0.4206614032136855
Starting Step 199
AVERAGE FITNESS: 0.5748404533903274
Optimize best
Cleaning up
Run time:20075.152849674225