*********** Running Genetic Algorithm ***********
running FuranAM1_0
running FuranDFT_0
running FuranAM1_3
running FuranDFT_3
running FuranAM1_1
running FuranDFT_1
running FuranAM1_2
running FuranDFT_2
running FuranAM1_4
running FuranDFT_4
running FuranAM1_5
running FuranDFT_5
running FuranAM1_6
running FuranDFT_6
running FuranAM1_7
running FuranDFT_7
running FuranAM1_8
running FuranDFT_8
running FuranAM1_9
running FuranDFT_9
running FuranAM1_11
running FuranDFT_11
running FuranAM1_10
running FuranDFT_10
running FuranAM1_12
running FuranDFT_12
running FuranAM1_13
running FuranDFT_13
running FuranAM1_15
running FuranDFT_15
running FuranAM1_14
running FuranDFT_14
running FuranAM1_16
running FuranDFT_16
running FuranAM1_17
running FuranDFT_17
running FuranAM1_19
running FuranDFT_19
running FuranAM1_18
running FuranDFT_18
running FuranAM1_20
running FuranDFT_20
running FuranAM1_21
running FuranDFT_21
running FuranAM1_22
running FuranDFT_22
running FuranAM1_23
running FuranDFT_23
running FuranAM1_24
running FuranDFT_24
running FuranAM1_25
running FuranDFT_25
running FuranAM1_27
running FuranDFT_27
running FuranAM1_26
running FuranDFT_26
running FuranAM1_28
running FuranDFT_28
running FuranAM1_29
running FuranDFT_29
running FuranAM1_31
running FuranDFT_31
running FuranAM1_30
running FuranDFT_30
running FuranAM1_35
running FuranDFT_35
running FuranAM1_32
running FuranDFT_32
running FuranAM1_33
running FuranDFT_33
running FuranAM1_34
running FuranDFT_34
running FuranAM1_36
running FuranDFT_36
running FuranAM1_37
running FuranDFT_37
running FuranAM1_38
running FuranDFT_38
running FuranAM1_39
running FuranDFT_39
running FuranAM1_40
running FuranDFT_40
running FuranAM1_41
running FuranDFT_41
running FuranAM1_42
running FuranDFT_42
running FuranAM1_43
running FuranDFT_43
running FuranAM1_44
running FuranDFT_44
running FuranAM1_45
running FuranDFT_45
running FuranAM1_46
running FuranDFT_46
running FuranAM1_47
running FuranDFT_47
updating raw_fitness
Furan_0 complete
Furan_1 complete
Furan_2 complete
Furan_3 complete
Furan_4 complete
Furan_6 complete
Furan_5 complete
Furan_7 complete
Furan_8 complete
Furan_9 complete
Furan_10 complete
Furan_11 complete
Furan_12 complete
Furan_13 complete
Furan_14 complete
Furan_15 complete
Furan_16 complete
Furan_17 complete
Furan_19 complete
Furan_18 complete
Furan_20 complete
Furan_21 complete
Furan_22 complete
Furan_23 complete
Furan_24 complete
Furan_26 complete
Furan_25 complete
Furan_27 complete
Furan_28 complete
Furan_29 complete
Furan_30 complete
Furan_31 complete
Furan_32 complete
Furan_33 complete
Furan_34 complete
Furan_35 complete
Furan_36 complete
Furan_37 complete
Furan_38 complete
Furan_40 complete
Furan_39 complete
Furan_42 complete
Furan_41 complete
Furan_44 complete
Furan_43 complete
Furan_46 complete
Furan_45 complete
Furan_47 complete
Finished evolution, finding fitness: 0.969465174424393
found new best: 0.969465174424393
Furan_2 complete
Furan_1 complete
Furan_3 complete
Furan_0 complete
Furan_4 complete
Furan_6 complete
Furan_5 complete
Furan_7 complete
Furan_8 complete
Furan_9 complete
Furan_10 complete
Furan_11 complete
Furan_12 complete
Furan_13 complete
Furan_14 complete
Furan_15 complete
Furan_17 complete
Furan_16 complete
Furan_18 complete
Furan_19 complete
Furan_21 complete
Furan_20 complete
Furan_22 complete
Furan_23 complete
Furan_24 complete
Furan_25 complete
Furan_26 complete
Furan_27 complete
Furan_28 complete
Furan_29 complete
Furan_30 complete
Furan_31 complete
Furan_32 complete
Furan_33 complete
Furan_35 complete
Furan_34 complete
Furan_36 complete
Furan_37 complete
Furan_38 complete
Furan_39 complete
Furan_40 complete
Furan_41 complete
Furan_42 complete
Furan_43 complete
Furan_44 complete
Furan_45 complete
Furan_46 complete
Furan_47 complete
Finished evolution, finding fitness: 1.478123817290692
Furan_3 complete
Furan_0 complete
Furan_2 complete
Furan_1 complete
Furan_5 complete
Furan_4 complete
Furan_6 complete
Furan_7 complete
Furan_8 complete
Furan_9 complete
Furan_10 complete
Furan_11 complete
Furan_12 complete
Furan_13 complete
Furan_14 complete
Furan_15 complete
Furan_16 complete
Furan_17 complete
Furan_18 complete
Furan_19 complete
Furan_20 complete
Furan_21 complete
Furan_22 complete
Furan_23 complete
Furan_24 complete
Furan_25 complete
Furan_26 complete
Furan_27 complete
Furan_28 complete
Furan_29 complete
Furan_30 complete
Furan_31 complete
Furan_32 complete
Furan_33 complete
Furan_34 complete
Furan_35 complete
Furan_36 complete
Furan_37 complete
Furan_38 complete
Furan_39 complete
Furan_40 complete
Furan_41 complete
Furan_42 complete
Furan_44 complete
Furan_43 complete
Furan_45 complete
Furan_46 complete
Furan_47 complete
Finished evolution, finding fitness: 1.0444041367922332
Furan_1 complete
Furan_2 complete
Furan_0 complete
Furan_3 complete
Furan_4 complete
Furan_5 complete
Furan_7 complete
Furan_6 complete
Furan_8 complete
Furan_11 complete
Furan_10 complete
Furan_9 complete
Furan_12 complete
Furan_13 complete
Furan_15 complete
Furan_14 complete
Furan_16 complete
Furan_17 complete
Furan_18 complete
Furan_19 complete
Furan_20 complete
Furan_22 complete
Furan_21 complete
Furan_23 complete
Furan_24 complete
Furan_25 complete
Furan_26 complete
Furan_27 complete
Furan_28 complete
Furan_29 complete
Furan_31 complete
Furan_30 complete
Furan_32 complete
Furan_33 complete
Furan_35 complete
Furan_34 complete
Furan_36 complete
Furan_37 complete
Furan_38 complete
Furan_39 complete
Furan_40 complete
Furan_41 complete
Furan_42 complete
Furan_43 complete
Furan_44 complete
Furan_45 complete
Furan_46 complete
Furan_47 complete
Finished evolution, finding fitness: 1.1728522918301516
Furan_1 complete
Furan_0 complete
Furan_2 complete
Furan_3 complete
Furan_4 complete
Furan_5 complete
Furan_7 complete
Furan_6 complete
Furan_8 complete
Furan_11 complete
Furan_10 complete
Furan_9 complete
Furan_12 complete
Furan_13 complete
Furan_15 complete
Furan_14 complete
Furan_16 complete
Furan_19 complete
Furan_18 complete
Furan_17 complete
Furan_20 complete
Furan_22 complete
Furan_23 complete
Furan_21 complete
Furan_24 complete
Furan_25 complete
Furan_26 complete
Furan_27 complete
Furan_28 complete
Furan_29 complete
Furan_31 complete
Furan_30 complete
Furan_32 complete
Furan_33 complete
Furan_34 complete
Furan_35 complete
Furan_36 complete
Furan_37 complete
Furan_38 complete
Furan_39 complete
Furan_40 complete
Furan_41 complete
Furan_42 complete
Furan_43 complete
Furan_44 complete
Furan_45 complete
Furan_46 complete
Furan_47 complete
Finished evolution, finding fitness: 1.391831387819798
Furan_0 complete
Furan_1 complete
Furan_3 complete
Furan_2 complete
Furan_4 complete
Furan_5 complete
Furan_7 complete
Furan_6 complete
Furan_8 complete
Furan_10 complete
Furan_9 complete
Furan_11 complete
Furan_15 complete
Furan_14 complete
Furan_12 complete
Furan_13 complete
Furan_16 complete
Furan_18 complete
Furan_17 complete
Furan_19 complete
Furan_20 complete
Furan_22 complete
Furan_21 complete
Furan_23 complete
Furan_24 complete
Furan_25 complete
Furan_27 complete
Furan_26 complete
Furan_29 complete
Furan_30 complete
Furan_28 complete
Furan_31 complete
Furan_32 complete
Furan_34 complete
Furan_33 complete
Furan_35 complete
Furan_36 complete
Furan_37 complete
Furan_39 complete
Furan_38 complete
Furan_40 complete
Furan_41 complete
Furan_42 complete
Furan_43 complete
Furan_44 complete
Furan_46 complete
Furan_45 complete
Furan_47 complete
Finished evolution, finding fitness: 0.8983450094196035
found new best: 0.8983450094196035
Furan_1 complete
Furan_3 complete
Furan_0 complete
Furan_2 complete
Furan_4 complete
Furan_7 complete
Furan_5 complete
Furan_6 complete
Furan_10 complete
Furan_11 complete
Furan_8 complete
Furan_9 complete
Furan_14 complete
Furan_13 complete
Furan_12 complete
Furan_15 complete
Furan_16 complete
Furan_17 complete
Furan_18 complete
Furan_19 complete
Furan_20 complete
Furan_23 complete
Furan_21 complete
Furan_22 complete
Furan_25 complete
Furan_24 complete
Furan_27 complete
Furan_26 complete
Furan_29 complete
Furan_28 complete
Furan_31 complete
Furan_30 complete
Furan_35 complete
Furan_32 complete
Furan_33 complete
Furan_34 complete
Furan_36 complete
Furan_37 complete
Furan_38 complete
Furan_39 complete
Furan_40 complete
Furan_41 complete
Furan_42 complete
Furan_43 complete
Furan_44 complete
Furan_45 complete
Furan_46 complete
Furan_47 complete
Finished evolution, finding fitness: 7.2152215757903635
Furan_1 complete
Furan_2 complete
Furan_3 complete
Furan_0 complete
Furan_5 complete
Furan_4 complete
Furan_6 complete
Furan_7 complete
Furan_8 complete
Furan_10 complete
Furan_9 complete
Furan_11 complete
Furan_12 complete
Furan_13 complete
Furan_14 complete
Furan_15 complete
Furan_16 complete
Furan_17 complete
Furan_18 complete
Furan_19 complete
Furan_20 complete
Furan_22 complete
Furan_21 complete
Furan_23 complete
Furan_24 complete
Furan_25 complete
Furan_26 complete
Furan_27 complete
Furan_28 complete
Furan_30 complete
Furan_31 complete
Furan_29 complete
Furan_32 complete
Furan_34 complete
Furan_33 complete
Furan_35 complete
Furan_38 complete
Furan_37 complete
Furan_39 complete
Furan_36 complete
Furan_40 complete
Furan_42 complete
Furan_43 complete
Furan_41 complete
Furan_44 complete
Furan_45 complete
Furan_46 complete
Furan_47 complete
Finished evolution, finding fitness: 0.8416963836002042
found new best: 0.8416963836002042
Furan_1 complete
Furan_2 complete
Furan_0 complete
Furan_3 complete
Furan_4 complete
Furan_5 complete
Furan_7 complete
Furan_6 complete
Furan_8 complete
Furan_9 complete
Furan_10 complete
Furan_11 complete
Furan_12 complete
Furan_14 complete
Furan_13 complete
Furan_15 complete
Furan_17 complete
Furan_18 complete
Furan_16 complete
Furan_19 complete
Furan_20 complete
Furan_21 complete
Furan_22 complete
Furan_23 complete
Furan_24 complete
Furan_25 complete
Furan_26 complete
Furan_27 complete
Furan_29 complete
Furan_28 complete
Furan_30 complete
Furan_31 complete
Furan_33 complete
Furan_32 complete
Furan_34 complete
Furan_35 complete
Furan_36 complete
Furan_37 complete
Furan_38 complete
Furan_39 complete
Furan_40 complete
Furan_41 complete
Furan_42 complete
Furan_43 complete
Furan_46 complete
Furan_44 complete
Furan_45 complete
Furan_47 complete
Finished evolution, finding fitness: 1.1980138301327092
Furan_1 complete
Furan_0 complete
Furan_3 complete
Furan_2 complete
Furan_5 complete
Furan_6 complete
Furan_4 complete
Furan_7 complete
Furan_8 complete
Furan_11 complete
Furan_9 complete
Furan_10 complete
Furan_12 complete
Furan_13 complete
Furan_14 complete
Furan_15 complete
Furan_16 complete
Furan_17 complete
Furan_18 complete
Furan_19 complete
Furan_20 complete
Furan_21 complete
Furan_22 complete
Furan_23 complete
Furan_24 complete
Furan_26 complete
Furan_25 complete
Furan_27 complete
Furan_28 complete
Furan_30 complete
Furan_31 complete
Furan_29 complete
Furan_32 complete
Furan_33 complete
Furan_34 complete
Furan_35 complete
Furan_36 complete
Furan_37 complete
Furan_38 complete
Furan_39 complete
Furan_40 complete
Furan_41 complete
Furan_42 complete
Furan_43 complete
Furan_44 complete
Furan_45 complete
Furan_46 complete
Furan_47 complete
Finished evolution, finding fitness: 0.8733645496332019
Furan_0 complete
Furan_2 complete
Furan_1 complete
Furan_3 complete
Furan_4 complete
Furan_5 complete
Furan_6 complete
Furan_7 complete
Furan_8 complete
Furan_9 complete
Furan_10 complete
Furan_11 complete
Furan_12 complete
Furan_13 complete
Furan_14 complete
Furan_15 complete
Furan_16 complete
Furan_17 complete
Furan_18 complete
Furan_19 complete
Furan_20 complete
Furan_21 complete
Furan_22 complete
Furan_23 complete
Furan_24 complete
Furan_25 complete
Furan_26 complete
Furan_27 complete
Furan_28 complete
Furan_29 complete
Furan_30 complete
Furan_31 complete
Furan_32 complete
Furan_33 complete
Furan_35 complete
Furan_34 complete
Furan_36 complete
Furan_37 complete
Furan_39 complete
Furan_38 complete
Furan_40 complete
Furan_41 complete
Furan_42 complete
Furan_43 complete
Furan_44 complete
Furan_45 complete
Furan_46 complete
Furan_47 complete
Finished evolution, finding fitness: 1.9327780438228503
Furan_0 complete
Furan_1 complete
Furan_3 complete
Furan_2 complete
Furan_4 complete
Furan_5 complete
Furan_7 complete
Furan_6 complete
Furan_8 complete
Furan_10 complete
Furan_9 complete
Furan_11 complete
Furan_13 complete
Furan_14 complete
Furan_12 complete
Furan_15 complete
Furan_16 complete
Furan_17 complete
Furan_18 complete
Furan_19 complete
Furan_20 complete
Furan_21 complete
Furan_22 complete
Furan_23 complete
Furan_24 complete
Furan_25 complete
Furan_26 complete
Furan_27 complete
Furan_28 complete
Furan_29 complete
Furan_31 complete
Furan_30 complete
Furan_33 complete
Furan_32 complete
Furan_35 complete
Furan_34 complete
Furan_36 complete
Furan_37 complete
Furan_39 complete
Furan_38 complete
Furan_40 complete
Furan_41 complete
Furan_42 complete
Furan_43 complete
Furan_44 complete
Furan_45 complete
Furan_47 complete
Furan_46 complete
Finished evolution, finding fitness: 1.6570084555210298
Furan_3 complete
Furan_2 complete
Furan_0 complete
Furan_1 complete
Furan_4 complete
Furan_7 complete
Furan_5 complete
Furan_6 complete
Furan_8 complete
Furan_10 complete
Furan_11 complete
Furan_9 complete
Furan_12 complete
Furan_13 complete
Furan_14 complete
Furan_15 complete
Furan_16 complete
Furan_17 complete
Furan_18 complete
Furan_19 complete
Furan_20 complete
Furan_22 complete
Furan_21 complete
Furan_23 complete
Furan_24 complete
Furan_26 complete
Furan_25 complete
Furan_27 complete
Furan_30 complete
Furan_28 complete
Furan_29 complete
Furan_31 complete
Furan_32 complete
Furan_34 complete
Furan_33 complete
Furan_35 complete
Furan_36 complete
Furan_38 complete
Furan_37 complete
Furan_39 complete
Furan_40 complete
Furan_42 complete
Furan_41 complete
Furan_43 complete
Furan_44 complete
Furan_45 complete
Furan_46 complete
Furan_47 complete
Finished evolution, finding fitness: 0.6973078126262251
found new best: 0.6973078126262251
Furan_2 complete
Furan_0 complete
Furan_3 complete
Furan_1 complete
Furan_7 complete
Furan_6 complete
Furan_5 complete
Furan_4 complete
Furan_9 complete
Furan_11 complete
Furan_10 complete
Furan_8 complete
Furan_13 complete
Furan_12 complete
Furan_15 complete
Furan_14 complete
Furan_16 complete
Furan_17 complete
Furan_18 complete
Furan_19 complete
Furan_20 complete
Furan_21 complete
Furan_22 complete
Furan_23 complete
Furan_24 complete
Furan_25 complete
Furan_26 complete
Furan_27 complete
Furan_29 complete
Furan_28 complete
Furan_30 complete
Furan_31 complete
Furan_33 complete
Furan_32 complete
Furan_34 complete
Furan_35 complete
Furan_36 complete
Furan_37 complete
Furan_38 complete
Furan_39 complete
Furan_41 complete
Furan_40 complete
Furan_42 complete
Furan_43 complete
Furan_44 complete
Furan_46 complete
Furan_45 complete
Furan_47 complete
Finished evolution, finding fitness: 1.5206654658760637
Furan_2 complete
Furan_0 complete
Furan_1 complete
Furan_3 complete
Furan_5 complete
Furan_6 complete
Furan_7 complete
Furan_4 complete
Furan_8 complete
Furan_10 complete
Furan_9 complete
Furan_11 complete
Furan_12 complete
Furan_13 complete
Furan_14 complete
Furan_15 complete
Furan_16 complete
Furan_17 complete
Furan_18 complete
Furan_19 complete
Furan_21 complete
Furan_20 complete
Furan_22 complete
Furan_23 complete
Furan_25 complete
Furan_24 complete
Furan_27 complete
Furan_26 complete
Furan_28 complete
Furan_29 complete
Furan_30 complete
Furan_31 complete
Furan_32 complete
Furan_33 complete
Furan_34 complete
Furan_35 complete
Furan_37 complete
Furan_36 complete
Furan_38 complete
Furan_39 complete
Furan_40 complete
Furan_41 complete
Furan_42 complete
Furan_43 complete
Furan_45 complete
Furan_44 complete
Furan_46 complete
Furan_47 complete
Finished evolution, finding fitness: 0.869401844515186
Furan_1 complete
Furan_0 complete
Furan_3 complete
Furan_2 complete
Furan_4 complete
Furan_5 complete
Furan_6 complete
Furan_7 complete
Furan_8 complete
Furan_10 complete
Furan_9 complete
Furan_11 complete
Furan_12 complete
Furan_14 complete
Furan_13 complete
Furan_15 complete
Furan_16 complete
Furan_17 complete
Furan_18 complete
Furan_19 complete
Furan_20 complete
Furan_21 complete
Furan_23 complete
Furan_22 complete
Furan_24 complete
Furan_26 complete
Furan_25 complete
Furan_27 complete
Furan_29 complete
Furan_28 complete
Furan_30 complete
Furan_31 complete
Furan_32 complete
Furan_33 complete
Furan_34 complete
Furan_35 complete
Furan_36 complete
Furan_37 complete
Furan_38 complete
Furan_39 complete
Furan_40 complete
Furan_41 complete
Furan_42 complete
Furan_43 complete
Furan_44 complete
Furan_45 complete
Furan_46 complete
Furan_47 complete
Finished evolution, finding fitness: 4.498278014943849
Furan_3 complete
Furan_0 complete
Furan_1 complete
Furan_2 complete
Furan_4 complete
Furan_5 complete
Furan_6 complete
Furan_7 complete
Furan_8 complete
Furan_11 complete
Furan_9 complete
Furan_10 complete
Furan_12 complete
Furan_13 complete
Furan_15 complete
Furan_14 complete
Furan_16 complete
Furan_17 complete
Furan_18 complete
Furan_19 complete
Furan_20 complete
Furan_21 complete
Furan_22 complete
Furan_23 complete
Furan_24 complete
Furan_25 complete
Furan_26 complete
Furan_27 complete
Furan_28 complete
Furan_29 complete
Furan_31 complete
Furan_30 complete
Furan_32 complete
Furan_34 complete
Furan_35 complete
Furan_33 complete
Furan_36 complete
Furan_38 complete
Furan_37 complete
Furan_39 complete
Furan_40 complete
Furan_41 complete
Furan_42 complete
Furan_43 complete
Furan_44 complete
Furan_45 complete
Furan_46 complete
Furan_47 complete
Finished evolution, finding fitness: 2.8517274397109236
Furan_0 complete
Furan_3 complete
Furan_1 complete
Furan_2 complete
Furan_4 complete
Furan_5 complete
Furan_6 complete
Furan_7 complete
Furan_8 complete
Furan_9 complete
Furan_10 complete
Furan_11 complete
Furan_12 complete
Furan_13 complete
Furan_14 complete
Furan_15 complete
Furan_16 complete
Furan_17 complete
Furan_19 complete
Furan_18 complete
Furan_20 complete
Furan_21 complete
Furan_23 complete
Furan_22 complete
Furan_24 complete
Furan_25 complete
Furan_26 complete
Furan_27 complete
Furan_28 complete
Furan_29 complete
Furan_30 complete
Furan_31 complete
Furan_32 complete
Furan_33 complete
Furan_34 complete
Furan_35 complete
Furan_36 complete
Furan_37 complete
Furan_38 complete
Furan_39 complete
Furan_40 complete
Furan_42 complete
Furan_41 complete
Furan_43 complete
Furan_44 complete
Furan_46 complete
Furan_45 complete
Furan_47 complete
Finished evolution, finding fitness: 2.376266915483749
Furan_3 complete
Furan_0 complete
Furan_1 complete
Furan_2 complete
Furan_4 complete
Furan_5 complete
Furan_6 complete
Furan_7 complete
Furan_10 complete
Furan_9 complete
Furan_8 complete
Furan_11 complete
Furan_12 complete
Furan_14 complete
Furan_13 complete
Furan_15 complete
Furan_16 complete
Furan_17 complete
Furan_19 complete
Furan_18 complete
Furan_21 complete
Furan_20 complete
Furan_22 complete
Furan_23 complete
Furan_25 complete
Furan_24 complete
Furan_26 complete
Furan_27 complete
Furan_29 complete
Furan_28 complete
Furan_30 complete
Furan_31 complete
Furan_32 complete
Furan_33 complete
Furan_34 complete
Furan_35 complete
Furan_37 complete
Furan_36 complete
Furan_38 complete
Furan_39 complete
Furan_41 complete
Furan_40 complete
Furan_42 complete
Furan_43 complete
Furan_45 complete
Furan_46 complete
Furan_44 complete
Furan_47 complete
Finished evolution, finding fitness: 0.7008906570682474
Furan_2 complete
Furan_1 complete
Furan_3 complete
Furan_0 complete
Furan_5 complete
Furan_7 complete
Furan_4 complete
Furan_6 complete
Furan_8 complete
Furan_9 complete
Furan_10 complete
Furan_11 complete
Furan_15 complete
Furan_12 complete
Furan_14 complete
Furan_13 complete
Furan_16 complete
Furan_18 complete
Furan_17 complete
Furan_19 complete
Furan_20 complete
Furan_21 complete
Furan_23 complete
Furan_22 complete
Furan_24 complete
Furan_25 complete
Furan_26 complete
Furan_27 complete
Furan_28 complete
Furan_29 complete
Furan_30 complete
Furan_31 complete
Furan_32 complete
Furan_33 complete
Furan_35 complete
Furan_34 complete
Furan_36 complete
Furan_37 complete
Furan_38 complete
Furan_39 complete
Furan_40 complete
Furan_41 complete
Furan_42 complete
Furan_43 complete
Furan_44 complete
Furan_45 complete
Furan_46 complete
Furan_47 complete
Finished evolution, finding fitness: 0.7347860739953578
Furan_2 complete
Furan_1 complete
Furan_3 complete
Furan_0 complete
Furan_4 complete
Furan_5 complete
Furan_7 complete
Furan_6 complete
Furan_9 complete
Furan_8 complete
Furan_10 complete
Furan_11 complete
Furan_12 complete
Furan_13 complete
Furan_14 complete
Furan_15 complete
Furan_17 complete
Furan_16 complete
Furan_18 complete
Furan_19 complete
Furan_20 complete
Furan_21 complete
Furan_23 complete
Furan_22 complete
Furan_24 complete
Furan_25 complete
Furan_27 complete
Furan_26 complete
Furan_28 complete
Furan_29 complete
Furan_30 complete
Furan_31 complete
Furan_32 complete
Furan_33 complete
Furan_35 complete
Furan_34 complete
Furan_37 complete
Furan_36 complete
Furan_38 complete
Furan_39 complete
Furan_40 complete
Furan_41 complete
Furan_42 complete
Furan_43 complete
Furan_44 complete
Furan_45 complete
Furan_47 complete
Furan_46 complete
Finished evolution, finding fitness: 0.8785541505231482
Furan_0 complete
Furan_3 complete
Furan_1 complete
Furan_2 complete
Furan_5 complete
Furan_4 complete
Furan_6 complete
Furan_7 complete
Furan_8 complete
Furan_9 complete
Furan_10 complete
Furan_11 complete
Furan_12 complete
Furan_13 complete
Furan_14 complete
Furan_15 complete
Furan_16 complete
Furan_17 complete
Furan_18 complete
Furan_19 complete
Furan_20 complete
Furan_21 complete
Furan_22 complete
Furan_23 complete
Furan_24 complete
Furan_25 complete
Furan_26 complete
Furan_27 complete
Furan_28 complete
Furan_29 complete
Furan_30 complete
Furan_31 complete
Furan_32 complete
Furan_33 complete
Furan_34 complete
Furan_35 complete
Furan_36 complete
Furan_37 complete
Furan_38 complete
Furan_39 complete
Furan_40 complete
Furan_41 complete
Furan_42 complete
Furan_44 complete
Furan_43 complete
Furan_46 complete
Furan_45 complete
Furan_47 complete
Finished evolution, finding fitness: 0.9774993631480049
Furan_2 complete
Furan_0 complete
Furan_1 complete
Furan_3 complete
Furan_4 complete
Furan_6 complete
Furan_7 complete
Furan_5 complete
Furan_8 complete
Furan_10 complete
Furan_11 complete
Furan_9 complete
Furan_12 complete
Furan_14 complete
Furan_13 complete
Furan_15 complete
Furan_16 complete
Furan_18 complete
Furan_17 complete
Furan_19 complete
Furan_20 complete
Furan_23 complete
Furan_22 complete
Furan_21 complete
Furan_24 complete
Furan_26 complete
Furan_25 complete
Furan_27 complete
Furan_28 complete
Furan_29 complete
Furan_30 complete
Furan_31 complete
Furan_32 complete
Furan_33 complete
Furan_34 complete
Furan_35 complete
Furan_36 complete
Furan_37 complete
Furan_38 complete
Furan_39 complete
Furan_40 complete
Furan_41 complete
Furan_42 complete
Furan_43 complete
Furan_44 complete
Furan_45 complete
Furan_46 complete
Furan_47 complete
Finished evolution, finding fitness: 0.9826734472940957
Furan_2 complete
Furan_1 complete
Furan_0 complete
Furan_3 complete
Furan_6 complete
Furan_4 complete
Furan_5 complete
Furan_7 complete
Furan_8 complete
Furan_10 complete
Furan_9 complete
Furan_11 complete
Furan_13 complete
Furan_12 complete
Furan_14 complete
Furan_15 complete
Furan_17 complete
Furan_16 complete
Furan_18 complete
Furan_19 complete
Furan_20 complete
Furan_21 complete
Furan_22 complete
Furan_23 complete
Furan_24 complete
Furan_25 complete
Furan_26 complete
Furan_27 complete
Furan_29 complete
Furan_28 complete
Furan_30 complete
Furan_31 complete
Furan_32 complete
Furan_33 complete
Furan_35 complete
Furan_34 complete
Furan_37 complete
Furan_36 complete
Furan_39 complete
Furan_38 complete
Furan_41 complete
Furan_40 complete
Furan_42 complete
Furan_43 complete
Furan_44 complete
Furan_45 complete
Furan_46 complete
Furan_47 complete
Finished evolution, finding fitness: 0.701082270311954
Furan_2 complete
Furan_1 complete
Furan_3 complete
Furan_0 complete
Furan_4 complete
Furan_5 complete
Furan_7 complete
Furan_6 complete
Furan_8 complete
Furan_10 complete
Furan_9 complete
Furan_11 complete
Furan_14 complete
Furan_13 complete
Furan_12 complete
Furan_15 complete
Furan_16 complete
Furan_17 complete
Furan_19 complete
Furan_18 complete
Furan_20 complete
Furan_22 complete
Furan_21 complete
Furan_23 complete
Furan_25 complete
Furan_24 complete
Furan_26 complete
Furan_27 complete
Furan_29 complete
Furan_28 complete
Furan_30 complete
Furan_31 complete
Furan_32 complete
Furan_33 complete
Furan_34 complete
Furan_35 complete
Furan_36 complete
Furan_38 complete
Furan_37 complete
Furan_39 complete
Furan_40 complete
Furan_41 complete
Furan_42 complete
Furan_43 complete
Furan_45 complete
Furan_44 complete
Furan_46 complete
Furan_47 complete
Finished evolution, finding fitness: 0.9048657439128795
Furan_1 complete
Furan_3 complete
Furan_2 complete
Furan_0 complete
Furan_5 complete
Furan_6 complete
Furan_4 complete
Furan_7 complete
Furan_8 complete
Furan_9 complete
Furan_10 complete
Furan_11 complete
Furan_12 complete
Furan_13 complete
Furan_14 complete
Furan_15 complete
Furan_17 complete
Furan_16 complete
Furan_18 complete
Furan_19 complete
Furan_20 complete
Furan_21 complete
Furan_22 complete
Furan_23 complete
Furan_24 complete
Furan_25 complete
Furan_26 complete
Furan_27 complete
Furan_28 complete
Furan_29 complete
Furan_30 complete
Furan_31 complete
Furan_32 complete
Furan_33 complete
Furan_34 complete
Furan_35 complete
Furan_36 complete
Furan_37 complete
Furan_38 complete
Furan_39 complete
Furan_40 complete
Furan_41 complete
Furan_42 complete
Furan_43 complete
Furan_44 complete
Furan_45 complete
Furan_46 complete
Furan_47 complete
Finished evolution, finding fitness: 0.7171374910072039
Furan_0 complete
Furan_2 complete
Furan_1 complete
Furan_3 complete
Furan_6 complete
Furan_4 complete
Furan_5 complete
Furan_7 complete
Furan_8 complete
Furan_9 complete
Furan_10 complete
Furan_11 complete
Furan_12 complete
Furan_13 complete
Furan_14 complete
Furan_15 complete
Furan_16 complete
Furan_17 complete
Furan_18 complete
Furan_19 complete
Furan_20 complete
Furan_21 complete
Furan_22 complete
Furan_23 complete
Furan_24 complete
Furan_25 complete
Furan_26 complete
Furan_27 complete
Furan_28 complete
Furan_29 complete
Furan_30 complete
Furan_31 complete
Furan_32 complete
Furan_33 complete
Furan_34 complete
Furan_35 complete
Furan_37 complete
Furan_38 complete
Furan_36 complete
Furan_39 complete
Furan_41 complete
Furan_40 complete
Furan_42 complete
Furan_43 complete
Furan_44 complete
Furan_46 complete
Furan_45 complete
Furan_47 complete
Finished evolution, finding fitness: 0.8228198022292044
Furan_0 complete
Furan_1 complete
Furan_2 complete
Furan_3 complete
Furan_4 complete
Furan_6 complete
Furan_5 complete
Furan_7 complete
Furan_8 complete
Furan_10 complete
Furan_9 complete
Furan_11 complete
Furan_13 complete
Furan_12 complete
Furan_14 complete
Furan_15 complete
Furan_16 complete
Furan_17 complete
Furan_19 complete
Furan_18 complete
Furan_21 complete
Furan_20 complete
Furan_22 complete
Furan_23 complete
Furan_25 complete
Furan_24 complete
Furan_26 complete
Furan_27 complete
Furan_29 complete
Furan_28 complete
Furan_31 complete
Furan_30 complete
Furan_33 complete
Furan_32 complete
Furan_34 complete
Furan_35 complete
Furan_37 complete
Furan_36 complete
Furan_38 complete
Furan_39 complete
Furan_40 complete
Furan_41 complete
Furan_42 complete
Furan_43 complete
Furan_44 complete
Furan_45 complete
Furan_46 complete
Furan_47 complete
Finished evolution, finding fitness: 0.736348563407635
Furan_3 complete
Furan_2 complete
Furan_1 complete
Furan_0 complete
Furan_4 complete
Furan_5 complete
Furan_6 complete
Furan_7 complete
Furan_8 complete
Furan_9 complete
Furan_11 complete
Furan_10 complete
Furan_13 complete
Furan_12 complete
Furan_15 complete
Furan_14 complete
Furan_16 complete
Furan_17 complete
Furan_18 complete
Furan_19 complete
Furan_20 complete
Furan_21 complete
Furan_22 complete
Furan_23 complete
Furan_24 complete
Furan_25 complete
Furan_26 complete
Furan_27 complete
Furan_28 complete
Furan_29 complete
Furan_30 complete
Furan_31 complete
Furan_32 complete
Furan_33 complete
Furan_34 complete
Furan_35 complete
Furan_36 complete
Furan_37 complete
Furan_38 complete
Furan_39 complete
Furan_40 complete
Furan_41 complete
Furan_42 complete
Furan_43 complete
Furan_44 complete
Furan_45 complete
Furan_46 complete
Furan_47 complete
Finished evolution, finding fitness: 0.8768579925475615
Furan_0 complete
Furan_1 complete
Furan_3 complete
Furan_2 complete
Furan_4 complete
Furan_5 complete
Furan_6 complete
Furan_7 complete
Furan_8 complete
Furan_10 complete
Furan_9 complete
Furan_11 complete
Furan_12 complete
Furan_13 complete
Furan_14 complete
Furan_15 complete
Furan_18 complete
Furan_16 complete
Furan_17 complete
Furan_19 complete
Furan_20 complete
Furan_22 complete
Furan_21 complete
Furan_23 complete
Furan_25 complete
Furan_26 complete
Furan_24 complete
Furan_27 complete
Furan_28 complete
Furan_30 complete
Furan_29 complete
Furan_31 complete
Furan_32 complete
Furan_33 complete
Furan_34 complete
Furan_35 complete
Furan_36 complete
Furan_38 complete
Furan_37 complete
Furan_39 complete
Furan_40 complete
Furan_42 complete
Furan_41 complete
Furan_43 complete
Furan_44 complete
Furan_45 complete
Furan_46 complete
Furan_47 complete
Finished evolution, finding fitness: 0.921040782681529
Furan_0 complete
Furan_3 complete
Furan_1 complete
Furan_2 complete
Furan_5 complete
Furan_4 complete
Furan_7 complete
Furan_6 complete
Furan_8 complete
Furan_9 complete
Furan_10 complete
Furan_11 complete
Furan_12 complete
Furan_13 complete
Furan_14 complete
Furan_15 complete
Furan_18 complete
Furan_16 complete
Furan_17 complete
Furan_19 complete
Furan_20 complete
Furan_21 complete
Furan_23 complete
Furan_22 complete
Furan_24 complete
Furan_25 complete
Furan_26 complete
Furan_27 complete
Furan_28 complete
Furan_29 complete
Furan_30 complete
Furan_31 complete
Furan_32 complete
Furan_33 complete
Furan_34 complete
Furan_35 complete
Furan_36 complete
Furan_37 complete
Furan_38 complete
Furan_39 complete
Furan_40 complete
Furan_41 complete
Furan_42 complete
Furan_43 complete
Furan_44 complete
Furan_45 complete
Furan_46 complete
Furan_47 complete
Finished evolution, finding fitness: 0.7179986886749513
Furan_3 complete
Furan_2 complete
Furan_1 complete
Furan_0 complete
Furan_6 complete
Furan_4 complete
Furan_5 complete
Furan_7 complete
Furan_8 complete
Furan_9 complete
Furan_11 complete
Furan_10 complete
Furan_12 complete
Furan_13 complete
Furan_14 complete
Furan_15 complete
Furan_17 complete
Furan_16 complete
Furan_18 complete
Furan_19 complete
Furan_20 complete
Furan_22 complete
Furan_21 complete
Furan_23 complete
Furan_24 complete
Furan_26 complete
Furan_25 complete
Furan_27 complete
Furan_28 complete
Furan_29 complete
Furan_30 complete
Furan_31 complete
Furan_32 complete
Furan_33 complete
Furan_34 complete
Furan_35 complete
Furan_36 complete
Furan_38 complete
Furan_37 complete
Furan_39 complete
Furan_40 complete
Furan_41 complete
Furan_42 complete
Furan_43 complete
Furan_44 complete
Furan_46 complete
Furan_45 complete
Furan_47 complete
Finished evolution, finding fitness: 1.130747634703708
Furan_1 complete
Furan_2 complete
Furan_0 complete
Furan_3 complete
Furan_4 complete
Furan_5 complete
Furan_7 complete
Furan_6 complete
Furan_8 complete
Furan_11 complete
Furan_10 complete
Furan_9 complete
Furan_12 complete
Furan_14 complete
Furan_13 complete
Furan_15 complete
Furan_16 complete
Furan_17 complete
Furan_19 complete
Furan_18 complete
Furan_20 complete
Furan_21 complete
Furan_22 complete
Furan_23 complete
Furan_24 complete
Furan_27 complete
Furan_25 complete
Furan_26 complete
Furan_28 complete
Furan_31 complete
Furan_29 complete
Furan_30 complete
Furan_32 complete
Furan_33 complete
Furan_34 complete
Furan_35 complete
Furan_36 complete
Furan_38 complete
Furan_37 complete
Furan_39 complete
Furan_40 complete
Furan_41 complete
Furan_43 complete
Furan_42 complete
Furan_44 complete
Furan_45 complete
Furan_46 complete
Furan_47 complete
Finished evolution, finding fitness: 1.1196587597613055
Furan_2 complete
Furan_1 complete
Furan_3 complete
Furan_0 complete
Furan_5 complete
Furan_4 complete
Furan_7 complete
Furan_6 complete
Furan_8 complete
Furan_9 complete
Furan_11 complete
Furan_10 complete
Furan_12 complete
Furan_13 complete
Furan_14 complete
Furan_15 complete
Furan_17 complete
Furan_16 complete
Furan_18 complete
Furan_19 complete
Furan_20 complete
Furan_21 complete
Furan_22 complete
Furan_23 complete
Furan_24 complete
Furan_25 complete
Furan_26 complete
Furan_27 complete
Furan_28 complete
Furan_29 complete
Furan_30 complete
Furan_31 complete
Furan_32 complete
Furan_33 complete
Furan_34 complete
Furan_35 complete
Furan_36 complete
Furan_37 complete
Furan_39 complete
Furan_38 complete
Furan_40 complete
Furan_41 complete
Furan_42 complete
Furan_43 complete
Furan_44 complete
Furan_45 complete
Furan_46 complete
Furan_47 complete
Finished evolution, finding fitness: 0.6872187034345357
found new best: 0.6872187034345357
Furan_0 complete
Furan_2 complete
Furan_1 complete
Furan_3 complete
Furan_4 complete
Furan_6 complete
Furan_5 complete
Furan_7 complete
Furan_8 complete
Furan_9 complete
Furan_10 complete
Furan_11 complete
Furan_12 complete
Furan_14 complete
Furan_15 complete
Furan_13 complete
Furan_16 complete
Furan_17 complete
Furan_19 complete
Furan_18 complete
Furan_20 complete
Furan_21 complete
Furan_22 complete
Furan_23 complete
Furan_24 complete
Furan_25 complete
Furan_26 complete
Furan_27 complete
Furan_28 complete
Furan_29 complete
Furan_30 complete
Furan_31 complete
Furan_32 complete
Furan_34 complete
Furan_33 complete
Furan_35 complete
Furan_36 complete
Furan_37 complete
Furan_39 complete
Furan_38 complete
Furan_40 complete
Furan_41 complete
Furan_43 complete
Furan_42 complete
Furan_44 complete
Furan_45 complete
Furan_46 complete
Furan_47 complete
Finished evolution, finding fitness: 0.6699621939431311
found new best: 0.6699621939431311
Furan_0 complete
Furan_1 complete
Furan_2 complete
Furan_3 complete
Furan_4 complete
Furan_5 complete
Furan_6 complete
Furan_7 complete
Furan_8 complete
Furan_9 complete
Furan_10 complete
Furan_11 complete
Furan_12 complete
Furan_13 complete
Furan_14 complete
Furan_15 complete
Furan_16 complete
Furan_17 complete
Furan_18 complete
Furan_19 complete
Furan_20 complete
Furan_21 complete
Furan_22 complete
Furan_23 complete
Furan_24 complete
Furan_25 complete
Furan_26 complete
Furan_27 complete
Furan_28 complete
Furan_29 complete
Furan_30 complete
Furan_31 complete
Furan_32 complete
Furan_33 complete
Furan_34 complete
Furan_35 complete
Furan_36 complete
Furan_37 complete
Furan_38 complete
Furan_39 complete
Furan_40 complete
Furan_41 complete
Furan_42 complete
Furan_43 complete
Furan_44 complete
Furan_45 complete
Furan_46 complete
Furan_47 complete
Finished evolution, finding fitness: 0.667721228205993
found new best: 0.667721228205993
Furan_2 complete
Furan_0 complete
Furan_1 complete
Furan_3 complete
Furan_4 complete
Furan_5 complete
Furan_6 complete
Furan_7 complete
Furan_8 complete
Furan_9 complete
Furan_10 complete
Furan_11 complete
Furan_12 complete
Furan_15 complete
Furan_13 complete
Furan_14 complete
Furan_16 complete
Furan_17 complete
Furan_19 complete
Furan_18 complete
Furan_20 complete
Furan_21 complete
Furan_22 complete
Furan_23 complete
Furan_24 complete
Furan_26 complete
Furan_25 complete
Furan_27 complete
Furan_28 complete
Furan_29 complete
Furan_30 complete
Furan_31 complete
Furan_32 complete
Furan_33 complete
Furan_34 complete
Furan_35 complete
Furan_36 complete
Furan_37 complete
Furan_38 complete
Furan_39 complete
Furan_40 complete
Furan_41 complete
Furan_42 complete
Furan_43 complete
Furan_44 complete
Furan_45 complete
Furan_46 complete
Furan_47 complete
Finished evolution, finding fitness: 0.8736806485515032
Furan_2 complete
Furan_0 complete
Furan_1 complete
Furan_3 complete
Furan_4 complete
Furan_6 complete
Furan_7 complete
Furan_5 complete
Furan_9 complete
Furan_10 complete
Furan_8 complete
Furan_11 complete
Furan_12 complete
Furan_13 complete
Furan_14 complete
Furan_15 complete
Furan_17 complete
Furan_16 complete
Furan_19 complete
Furan_18 complete
Furan_21 complete
Furan_20 complete
Furan_23 complete
Furan_22 complete
Furan_24 complete
Furan_25 complete
Furan_26 complete
Furan_27 complete
Furan_28 complete
Furan_29 complete
Furan_30 complete
Furan_31 complete
Furan_32 complete
Furan_33 complete
Furan_34 complete
Furan_35 complete
Furan_36 complete
Furan_37 complete
Furan_38 complete
Furan_39 complete
Furan_40 complete
Furan_41 complete
Furan_43 complete
Furan_42 complete
Furan_44 complete
Furan_45 complete
Furan_46 complete
Furan_47 complete
Finished evolution, finding fitness: 1.0445303576917828
Furan_3 complete
Furan_2 complete
Furan_0 complete
Furan_1 complete
Furan_4 complete
Furan_7 complete
Furan_6 complete
Furan_5 complete
Furan_8 complete
Furan_9 complete
Furan_10 complete
Furan_11 complete
Furan_12 complete
Furan_13 complete
Furan_15 complete
Furan_14 complete
Furan_16 complete
Furan_17 complete
Furan_18 complete
Furan_19 complete
Furan_20 complete
Furan_21 complete
Furan_23 complete
Furan_22 complete
Furan_24 complete
Furan_25 complete
Furan_26 complete
Furan_27 complete
Furan_28 complete
Furan_29 complete
Furan_30 complete
Furan_31 complete
Furan_32 complete
Furan_33 complete
Furan_34 complete
Furan_35 complete
Furan_36 complete
Furan_37 complete
Furan_39 complete
Furan_38 complete
Furan_40 complete
Furan_41 complete
Furan_42 complete
Furan_43 complete
Furan_44 complete
Furan_45 complete
Furan_46 complete
Furan_47 complete
Finished evolution, finding fitness: 1.4080889631383369
Furan_1 complete
Furan_3 complete
Furan_2 complete
Furan_0 complete
Furan_4 complete
Furan_6 complete
Furan_7 complete
Furan_5 complete
Furan_8 complete
Furan_9 complete
Furan_11 complete
Furan_10 complete
Furan_13 complete
Furan_12 complete
Furan_14 complete
Furan_15 complete
Furan_16 complete
Furan_18 complete
Furan_17 complete
Furan_19 complete
Furan_20 complete
Furan_21 complete
Furan_22 complete
Furan_23 complete
Furan_24 complete
Furan_25 complete
Furan_26 complete
Furan_27 complete
Furan_28 complete
Furan_29 complete
Furan_31 complete
Furan_30 complete
Furan_32 complete
Furan_33 complete
Furan_35 complete
Furan_34 complete
Furan_36 complete
Furan_37 complete
Furan_38 complete
Furan_39 complete
Furan_40 complete
Furan_43 complete
Furan_42 complete
Furan_41 complete
Furan_44 complete
Furan_46 complete
Furan_47 complete
Furan_45 complete
Finished evolution, finding fitness: 0.6458253629763275
found new best: 0.6458253629763275
Furan_0 complete
Furan_2 complete
Furan_1 complete
Furan_3 complete
Furan_4 complete
Furan_5 complete
Furan_6 complete
Furan_7 complete
Furan_8 complete
Furan_10 complete
Furan_9 complete
Furan_11 complete
Furan_12 complete
Furan_14 complete
Furan_13 complete
Furan_15 complete
Furan_16 complete
Furan_17 complete
Furan_18 complete
Furan_19 complete
Furan_20 complete
Furan_21 complete
Furan_22 complete
Furan_23 complete
Furan_24 complete
Furan_25 complete
Furan_27 complete
Furan_26 complete
Furan_28 complete
Furan_29 complete
Furan_30 complete
Furan_31 complete
Furan_32 complete
Furan_33 complete
Furan_34 complete
Furan_35 complete
Furan_36 complete
Furan_37 complete
Furan_38 complete
Furan_39 complete
Furan_40 complete
Furan_42 complete
Furan_41 complete
Furan_43 complete
Furan_44 complete
Furan_45 complete
Furan_46 complete
Furan_47 complete
Finished evolution, finding fitness: 0.6618417000117731
Furan_3 complete
Furan_0 complete
Furan_1 complete
Furan_2 complete
Furan_4 complete
Furan_5 complete
Furan_6 complete
Furan_7 complete
Furan_8 complete
Furan_9 complete
Furan_10 complete
Furan_11 complete
Furan_14 complete
Furan_15 complete
Furan_12 complete
Furan_13 complete
Furan_16 complete
Furan_17 complete
Furan_18 complete
Furan_19 complete
Furan_20 complete
Furan_21 complete
Furan_22 complete
Furan_23 complete
Furan_24 complete
Furan_25 complete
Furan_26 complete
Furan_27 complete
Furan_28 complete
Furan_29 complete
Furan_30 complete
Furan_31 complete
Furan_32 complete
Furan_33 complete
Furan_34 complete
Furan_35 complete
Furan_37 complete
Furan_36 complete
Furan_39 complete
Furan_38 complete
Furan_40 complete
Furan_41 complete
Furan_43 complete
Furan_42 complete
Furan_44 complete
Furan_45 complete
Furan_46 complete
Furan_47 complete
Finished evolution, finding fitness: 3.6295866967709323
Furan_2 complete
Furan_1 complete
Furan_3 complete
Furan_0 complete
Furan_4 complete
Furan_6 complete
Furan_5 complete
Furan_7 complete
Furan_8 complete
Furan_9 complete
Furan_11 complete
Furan_10 complete
Furan_12 complete
Furan_13 complete
Furan_14 complete
Furan_15 complete
Furan_16 complete
Furan_17 complete
Furan_18 complete
Furan_19 complete
Furan_20 complete
Furan_21 complete
Furan_22 complete
Furan_23 complete
Furan_25 complete
Furan_24 complete
Furan_26 complete
Furan_27 complete
Furan_28 complete
Furan_29 complete
Furan_30 complete
Furan_31 complete
Furan_32 complete
Furan_33 complete
Furan_34 complete
Furan_35 complete
Furan_36 complete
Furan_37 complete
Furan_38 complete
Furan_39 complete
Furan_41 complete
Furan_40 complete
Furan_42 complete
Furan_43 complete
Furan_44 complete
Furan_45 complete
Furan_46 complete
Furan_47 complete
Finished evolution, finding fitness: 1.0946428598861415
Furan_2 complete
Furan_3 complete
Furan_0 complete
Furan_1 complete
Furan_4 complete
Furan_5 complete
Furan_7 complete
Furan_6 complete
Furan_9 complete
Furan_8 complete
Furan_10 complete
Furan_11 complete
Furan_13 complete
Furan_12 complete
Furan_14 complete
Furan_15 complete
Furan_16 complete
Furan_17 complete
Furan_18 complete
Furan_19 complete
Furan_20 complete
Furan_21 complete
Furan_23 complete
Furan_22 complete
Furan_24 complete
Furan_25 complete
Furan_26 complete
Furan_27 complete
Furan_29 complete
Furan_28 complete
Furan_30 complete
Furan_31 complete
Furan_32 complete
Furan_34 complete
Furan_33 complete
Furan_35 complete
Furan_36 complete
Furan_38 complete
Furan_37 complete
Furan_39 complete
Furan_40 complete
Furan_41 complete
Furan_42 complete
Furan_43 complete
Furan_44 complete
Furan_45 complete
Furan_46 complete
Furan_47 complete
Finished evolution, finding fitness: 0.907760020451631
Furan_1 complete
Furan_2 complete
Furan_0 complete
Furan_3 complete
Furan_5 complete
Furan_4 complete
Furan_6 complete
Furan_7 complete
Furan_8 complete
Furan_10 complete
Furan_9 complete
Furan_11 complete
Furan_12 complete
Furan_14 complete
Furan_13 complete
Furan_15 complete
Furan_16 complete
Furan_18 complete
Furan_17 complete
Furan_19 complete
Furan_20 complete
Furan_22 complete
Furan_21 complete
Furan_23 complete
Furan_24 complete
Furan_25 complete
Furan_26 complete
Furan_27 complete
Furan_28 complete
Furan_29 complete
Furan_30 complete
Furan_31 complete
Furan_32 complete
Furan_33 complete
Furan_34 complete
Furan_35 complete
Furan_36 complete
Furan_37 complete
Furan_38 complete
Furan_39 complete
Furan_40 complete
Furan_41 complete
Furan_42 complete
Furan_43 complete
Furan_44 complete
Furan_45 complete
Furan_46 complete
Furan_47 complete
Finished evolution, finding fitness: 0.9895776660793505
Furan_1 complete
Furan_2 complete
Furan_0 complete
Furan_3 complete
Furan_4 complete
Furan_5 complete
Furan_6 complete
Furan_7 complete
Furan_9 complete
Furan_8 complete
Furan_10 complete
Furan_11 complete
Furan_12 complete
Furan_13 complete
Furan_14 complete
Furan_15 complete
Furan_16 complete
Furan_18 complete
Furan_17 complete
Furan_19 complete
Furan_21 complete
Furan_20 complete
Furan_22 complete
Furan_23 complete
Furan_24 complete
Furan_25 complete
Furan_26 complete
Furan_27 complete
Furan_29 complete
Furan_28 complete
Furan_30 complete
Furan_31 complete
Furan_32 complete
Furan_33 complete
Furan_34 complete
Furan_35 complete
Furan_36 complete
Furan_38 complete
Furan_37 complete
Furan_39 complete
Furan_40 complete
Furan_42 complete
Furan_41 complete
Furan_43 complete
Furan_44 complete
Furan_45 complete
Furan_46 complete
Furan_47 complete
Finished evolution, finding fitness: 0.655920897456319
Furan_1 complete
Furan_0 complete
Furan_2 complete
Furan_3 complete
Furan_5 complete
Furan_4 complete
Furan_6 complete
Furan_7 complete
Furan_8 complete
Furan_9 complete
Furan_10 complete
Furan_11 complete
Furan_12 complete
Furan_13 complete
Furan_14 complete
Furan_15 complete
Furan_16 complete
Furan_17 complete
Furan_18 complete
Furan_19 complete
Furan_21 complete
Furan_20 complete
Furan_22 complete
Furan_23 complete
Furan_24 complete
Furan_25 complete
Furan_26 complete
Furan_27 complete
Furan_28 complete
Furan_29 complete
Furan_30 complete
Furan_31 complete
Furan_32 complete
Furan_33 complete
Furan_34 complete
Furan_35 complete
Furan_36 complete
Furan_37 complete
Furan_38 complete
Furan_39 complete
Furan_40 complete
Furan_41 complete
Furan_42 complete
Furan_43 complete
Furan_44 complete
Furan_45 complete
Furan_46 complete
Furan_47 complete
Finished evolution, finding fitness: 0.6561195731957024
Furan_2 complete
Furan_1 complete
Furan_3 complete
Furan_0 complete
Furan_4 complete
Furan_7 complete
Furan_5 complete
Furan_6 complete
Furan_8 complete
Furan_9 complete
Furan_10 complete
Furan_11 complete
Furan_12 complete
Furan_13 complete
Furan_14 complete
Furan_15 complete
Furan_16 complete
Furan_17 complete
Furan_19 complete
Furan_18 complete
Furan_21 complete
Furan_20 complete
Furan_22 complete
Furan_23 complete
Furan_25 complete
Furan_26 complete
Furan_24 complete
Furan_27 complete
Furan_28 complete
Furan_30 complete
Furan_29 complete
Furan_31 complete
Furan_32 complete
Furan_33 complete
Furan_34 complete
Furan_35 complete
Furan_36 complete
Furan_37 complete
Furan_38 complete
Furan_39 complete
Furan_40 complete
Furan_41 complete
Furan_42 complete
Furan_43 complete
Furan_44 complete
Furan_45 complete
Furan_46 complete
Furan_47 complete
Finished evolution, finding fitness: 1.6403386513420861
Furan_3 complete
Furan_0 complete
Furan_1 complete
Furan_2 complete
Furan_4 complete
Furan_5 complete
Furan_6 complete
Furan_7 complete
Furan_8 complete
Furan_11 complete
Furan_9 complete
Furan_10 complete
Furan_12 complete
Furan_15 complete
Furan_13 complete
Furan_14 complete
Furan_16 complete
Furan_18 complete
Furan_17 complete
Furan_19 complete
Furan_20 complete
Furan_23 complete
Furan_22 complete
Furan_21 complete
Furan_24 complete
Furan_25 complete
Furan_26 complete
Furan_27 complete
Furan_28 complete
Furan_29 complete
Furan_30 complete
Furan_31 complete
Furan_32 complete
Furan_34 complete
Furan_33 complete
Furan_35 complete
Furan_36 complete
Furan_37 complete
Furan_39 complete
Furan_38 complete
Furan_41 complete
Furan_42 complete
Furan_40 complete
Furan_43 complete
Furan_44 complete
Furan_46 complete
Furan_45 complete
Furan_47 complete
Finished evolution, finding fitness: 1.1474226642128746
Furan_2 complete
Furan_1 complete
Furan_3 complete
Furan_0 complete
Furan_7 complete
Furan_5 complete
Furan_4 complete
Furan_6 complete
Furan_9 complete
Furan_8 complete
Furan_10 complete
Furan_11 complete
Furan_12 complete
Furan_13 complete
Furan_15 complete
Furan_14 complete
Furan_16 complete
Furan_17 complete
Furan_19 complete
Furan_18 complete
Furan_20 complete
Furan_21 complete
Furan_23 complete
Furan_22 complete
Furan_24 complete
Furan_25 complete
Furan_26 complete
Furan_27 complete
Furan_28 complete
Furan_29 complete
Furan_30 complete
Furan_31 complete
Furan_32 complete
Furan_34 complete
Furan_33 complete
Furan_35 complete
Furan_36 complete
Furan_37 complete
Furan_38 complete
Furan_39 complete
Furan_42 complete
Furan_40 complete
Furan_41 complete
Furan_43 complete
Furan_44 complete
Furan_45 complete
Furan_46 complete
Furan_47 complete
Finished evolution, finding fitness: 0.6728998084214151
Furan_3 complete
Furan_2 complete
Furan_1 complete
Furan_0 complete
Furan_6 complete
Furan_5 complete
Furan_7 complete
Furan_4 complete
Furan_8 complete
Furan_9 complete
Furan_10 complete
Furan_11 complete
Furan_12 complete
Furan_14 complete
Furan_15 complete
Furan_13 complete
Furan_16 complete
Furan_18 complete
Furan_17 complete
Furan_19 complete
Furan_20 complete
Furan_21 complete
Furan_23 complete
Furan_22 complete
Furan_24 complete
Furan_25 complete
Furan_26 complete
Furan_27 complete
Furan_28 complete
Furan_29 complete
Furan_30 complete
Furan_31 complete
Furan_32 complete
Furan_33 complete
Furan_34 complete
Furan_35 complete
Furan_36 complete
Furan_37 complete
Furan_38 complete
Furan_39 complete
Furan_40 complete
Furan_41 complete
Furan_42 complete
Furan_43 complete
Furan_44 complete
Furan_45 complete
Furan_46 complete
Furan_47 complete
Finished evolution, finding fitness: 0.9569444023121736
Furan_2 complete
Furan_3 complete
Furan_1 complete
Furan_0 complete
Furan_4 complete
Furan_5 complete
Furan_7 complete
Furan_6 complete
Furan_8 complete
Furan_9 complete
Furan_10 complete
Furan_11 complete
Furan_12 complete
Furan_13 complete
Furan_15 complete
Furan_14 complete
Furan_16 complete
Furan_17 complete
Furan_19 complete
Furan_18 complete
Furan_20 complete
Furan_21 complete
Furan_22 complete
Furan_23 complete
Furan_24 complete
Furan_25 complete
Furan_26 complete
Furan_27 complete
Furan_28 complete
Furan_29 complete
Furan_30 complete
Furan_31 complete
Furan_32 complete
Furan_33 complete
Furan_34 complete
Furan_35 complete
Furan_36 complete
Furan_37 complete
Furan_38 complete
Furan_39 complete
Furan_40 complete
Furan_42 complete
Furan_41 complete
Furan_43 complete
Furan_44 complete
Furan_45 complete
Furan_46 complete
Furan_47 complete
Finished evolution, finding fitness: 0.8023750893456552
Furan_2 complete
Furan_0 complete
Furan_1 complete
Furan_3 complete
Furan_4 complete
Furan_5 complete
Furan_7 complete
Furan_6 complete
Furan_8 complete
Furan_9 complete
Furan_10 complete
Furan_11 complete
Furan_12 complete
Furan_13 complete
Furan_14 complete
Furan_15 complete
Furan_16 complete
Furan_17 complete
Furan_18 complete
Furan_19 complete
Furan_21 complete
Furan_20 complete
Furan_22 complete
Furan_23 complete
Furan_24 complete
Furan_25 complete
Furan_26 complete
Furan_27 complete
Furan_29 complete
Furan_28 complete
Furan_30 complete
Furan_31 complete
Furan_33 complete
Furan_32 complete
Furan_34 complete
Furan_35 complete
Furan_37 complete
Furan_36 complete
Furan_38 complete
Furan_39 complete
Furan_40 complete
Furan_41 complete
Furan_42 complete
Furan_43 complete
Furan_44 complete
Furan_45 complete
Furan_46 complete
Furan_47 complete
Finished evolution, finding fitness: 0.6895058556382068
Furan_0 complete
Furan_2 complete
Furan_1 complete
Furan_3 complete
Furan_4 complete
Furan_5 complete
Furan_7 complete
Furan_6 complete
Furan_9 complete
Furan_11 complete
Furan_10 complete
Furan_8 complete
Furan_13 complete
Furan_14 complete
Furan_12 complete
Furan_15 complete
Furan_16 complete
Furan_18 complete
Furan_17 complete
Furan_19 complete
Furan_20 complete
Furan_21 complete
Furan_22 complete
Furan_23 complete
Furan_24 complete
Furan_26 complete
Furan_25 complete
Furan_27 complete
Furan_29 complete
Furan_28 complete
Furan_30 complete
Furan_31 complete
Furan_32 complete
Furan_33 complete
Furan_34 complete
Furan_35 complete
Furan_36 complete
Furan_37 complete
Furan_38 complete
Furan_39 complete
Furan_40 complete
Furan_41 complete
Furan_43 complete
Furan_42 complete
Furan_44 complete
Furan_45 complete
Furan_46 complete
Furan_47 complete
Finished evolution, finding fitness: 0.5857549091979772
found new best: 0.5857549091979772
Furan_0 complete
Furan_1 complete
Furan_2 complete
Furan_3 complete
Furan_5 complete
Furan_4 complete
Furan_6 complete
Furan_7 complete
Furan_8 complete
Furan_9 complete
Furan_10 complete
Furan_11 complete
Furan_12 complete
Furan_13 complete
Furan_14 complete
Furan_15 complete
Furan_17 complete
Furan_18 complete
Furan_16 complete
Furan_19 complete
Furan_20 complete
Furan_22 complete
Furan_21 complete
Furan_23 complete
Furan_24 complete
Furan_26 complete
Furan_25 complete
Furan_27 complete
Furan_29 complete
Furan_28 complete
Furan_30 complete
Furan_31 complete
Furan_32 complete
Furan_33 complete
Furan_34 complete
Furan_35 complete
Furan_36 complete
Furan_37 complete
Furan_38 complete
Furan_39 complete
Furan_40 complete
Furan_41 complete
Furan_42 complete
Furan_43 complete
Furan_44 complete
Furan_45 complete
Furan_46 complete
Furan_47 complete
Finished evolution, finding fitness: 1.0256632810982202
Furan_3 complete
Furan_0 complete
Furan_2 complete
Furan_1 complete
Furan_4 complete
Furan_5 complete
Furan_6 complete
Furan_7 complete
Furan_8 complete
Furan_10 complete
Furan_11 complete
Furan_9 complete
Furan_14 complete
Furan_12 complete
Furan_13 complete
Furan_15 complete
Furan_16 complete
Furan_18 complete
Furan_17 complete
Furan_19 complete
Furan_20 complete
Furan_21 complete
Furan_22 complete
Furan_23 complete
Furan_24 complete
Furan_25 complete
Furan_26 complete
Furan_27 complete
Furan_28 complete
Furan_29 complete
Furan_31 complete
Furan_30 complete
Furan_32 complete
Furan_33 complete
Furan_35 complete
Furan_34 complete
Furan_36 complete
Furan_37 complete
Furan_39 complete
Furan_38 complete
Furan_40 complete
Furan_41 complete
Furan_42 complete
Furan_43 complete
Furan_44 complete
Furan_45 complete
Furan_46 complete
Furan_47 complete
Finished evolution, finding fitness: 0.5534013706355707
found new best: 0.5534013706355707
Furan_1 complete
Furan_3 complete
Furan_0 complete
Furan_2 complete
Furan_4 complete
Furan_5 complete
Furan_6 complete
Furan_7 complete
Furan_8 complete
Furan_10 complete
Furan_9 complete
Furan_11 complete
Furan_13 complete
Furan_12 complete
Furan_14 complete
Furan_15 complete
Furan_17 complete
Furan_16 complete
Furan_18 complete
Furan_19 complete
Furan_20 complete
Furan_22 complete
Furan_23 complete
Furan_21 complete
Furan_24 complete
Furan_25 complete
Furan_26 complete
Furan_27 complete
Furan_28 complete
Furan_29 complete
Furan_30 complete
Furan_31 complete
Furan_32 complete
Furan_33 complete
Furan_34 complete
Furan_35 complete
Furan_36 complete
Furan_38 complete
Furan_37 complete
Furan_39 complete
Furan_41 complete
Furan_40 complete
Furan_42 complete
Furan_43 complete
Furan_44 complete
Furan_45 complete
Furan_46 complete
Furan_47 complete
Finished evolution, finding fitness: 0.8904767426993352
Furan_3 complete
Furan_1 complete
Furan_2 complete
Furan_0 complete
Furan_4 complete
Furan_5 complete
Furan_7 complete
Furan_6 complete
Furan_8 complete
Furan_9 complete
Furan_10 complete
Furan_11 complete
Furan_14 complete
Furan_12 complete
Furan_15 complete
Furan_13 complete
Furan_16 complete
Furan_19 complete
Furan_17 complete
Furan_18 complete
Furan_20 complete
Furan_21 complete
Furan_22 complete
Furan_23 complete
Furan_26 complete
Furan_24 complete
Furan_25 complete
Furan_27 complete
Furan_30 complete
Furan_29 complete
Furan_28 complete
Furan_31 complete
Furan_33 complete
Furan_32 complete
Furan_34 complete
Furan_35 complete
Furan_36 complete
Furan_37 complete
Furan_38 complete
Furan_39 complete
Furan_40 complete
Furan_42 complete
Furan_41 complete
Furan_43 complete
Furan_44 complete
Furan_45 complete
Furan_46 complete
Furan_47 complete
Finished evolution, finding fitness: 0.5929721780278361
Furan_3 complete
Furan_2 complete
Furan_0 complete
Furan_1 complete
Furan_4 complete
Furan_5 complete
Furan_6 complete
Furan_7 complete
Furan_8 complete
Furan_9 complete
Furan_10 complete
Furan_11 complete
Furan_12 complete
Furan_13 complete
Furan_14 complete
Furan_15 complete
Furan_16 complete
Furan_18 complete
Furan_17 complete
Furan_19 complete
Furan_20 complete
Furan_22 complete
Furan_21 complete
Furan_23 complete
Furan_24 complete
Furan_26 complete
Furan_25 complete
Furan_27 complete
Furan_28 complete
Furan_30 complete
Furan_29 complete
Furan_31 complete
Furan_32 complete
Furan_33 complete
Furan_34 complete
Furan_35 complete
Furan_36 complete
Furan_39 complete
Furan_37 complete
Furan_38 complete
Furan_40 complete
Furan_42 complete
Furan_41 complete
Furan_43 complete
Furan_44 complete
Furan_45 complete
Furan_46 complete
Furan_47 complete
Finished evolution, finding fitness: 0.7109605576357307
Furan_2 complete
Furan_3 complete
Furan_0 complete
Furan_1 complete
Furan_6 complete
Furan_4 complete
Furan_7 complete
Furan_5 complete
Furan_8 complete
Furan_9 complete
Furan_10 complete
Furan_11 complete
Furan_12 complete
Furan_13 complete
Furan_14 complete
Furan_15 complete
Furan_16 complete
Furan_17 complete
Furan_18 complete
Furan_19 complete
Furan_20 complete
Furan_21 complete
Furan_22 complete
Furan_23 complete
Furan_25 complete
Furan_24 complete
Furan_26 complete
Furan_27 complete
Furan_28 complete
Furan_29 complete
Furan_30 complete
Furan_31 complete
Furan_32 complete
Furan_34 complete
Furan_33 complete
Furan_35 complete
Furan_36 complete
Furan_37 complete
Furan_38 complete
Furan_39 complete
Furan_40 complete
Furan_41 complete
Furan_42 complete
Furan_43 complete
Furan_44 complete
Furan_45 complete
Furan_46 complete
Furan_47 complete
Finished evolution, finding fitness: 0.6574035852283182
Furan_0 complete
Furan_3 complete
Furan_1 complete
Furan_2 complete
Furan_5 complete
Furan_6 complete
Furan_4 complete
Furan_7 complete
Furan_9 complete
Furan_8 complete
Furan_11 complete
Furan_10 complete
Furan_12 complete
Furan_14 complete
Furan_13 complete
Furan_15 complete
Furan_16 complete
Furan_17 complete
Furan_18 complete
Furan_19 complete
Furan_20 complete
Furan_22 complete
Furan_21 complete
Furan_23 complete
Furan_24 complete
Furan_25 complete
Furan_26 complete
Furan_27 complete
Furan_28 complete
Furan_29 complete
Furan_30 complete
Furan_31 complete
Furan_32 complete
Furan_33 complete
Furan_34 complete
Furan_35 complete
Furan_36 complete
Furan_37 complete
Furan_38 complete
Furan_39 complete
Furan_41 complete
Furan_40 complete
Furan_43 complete
Furan_42 complete
Furan_44 complete
Furan_45 complete
Furan_47 complete
Furan_46 complete
Finished evolution, finding fitness: 1.2915738774953165
Furan_0 complete
Furan_1 complete
Furan_3 complete
Furan_2 complete
Furan_5 complete
Furan_4 complete
Furan_6 complete
Furan_7 complete
Furan_8 complete
Furan_10 complete
Furan_9 complete
Furan_11 complete
Furan_12 complete
Furan_13 complete
Furan_15 complete
Furan_14 complete
Furan_16 complete
Furan_18 complete
Furan_19 complete
Furan_17 complete
Furan_20 complete
Furan_23 complete
Furan_22 complete
Furan_21 complete
Furan_24 complete
Furan_25 complete
Furan_26 complete
Furan_27 complete
Furan_28 complete
Furan_31 complete
Furan_29 complete
Furan_30 complete
Furan_32 complete
Furan_33 complete
Furan_34 complete
Furan_35 complete
Furan_36 complete
Furan_38 complete
Furan_37 complete
Furan_39 complete
Furan_40 complete
Furan_41 complete
Furan_42 complete
Furan_43 complete
Furan_44 complete
Furan_45 complete
Furan_46 complete
Furan_47 complete
Finished evolution, finding fitness: 0.6293798994376225
Furan_0 complete
Furan_1 complete
Furan_2 complete
Furan_3 complete
Furan_5 complete
Furan_6 complete
Furan_4 complete
Furan_7 complete
Furan_8 complete
Furan_10 complete
Furan_9 complete
Furan_11 complete
Furan_13 complete
Furan_12 complete
Furan_15 complete
Furan_14 complete
Furan_17 complete
Furan_16 complete
Furan_18 complete
Furan_19 complete
Furan_20 complete
Furan_21 complete
Furan_23 complete
Furan_22 complete
Furan_24 complete
Furan_26 complete
Furan_27 complete
Furan_25 complete
Furan_28 complete
Furan_29 complete
Furan_30 complete
Furan_31 complete
Furan_32 complete
Furan_34 complete
Furan_35 complete
Furan_33 complete
Furan_36 complete
Furan_38 complete
Furan_37 complete
Furan_39 complete
Furan_40 complete
Furan_42 complete
Furan_41 complete
Furan_43 complete
Furan_44 complete
Furan_45 complete
Furan_46 complete
Furan_47 complete
Finished evolution, finding fitness: 0.6220142427696844
Furan_2 complete
Furan_1 complete
Furan_0 complete
Furan_3 complete
Furan_5 complete
Furan_6 complete
Furan_4 complete
Furan_7 complete
Furan_8 complete
Furan_9 complete
Furan_10 complete
Furan_11 complete
Furan_12 complete
Furan_13 complete
Furan_15 complete
Furan_14 complete
Furan_16 complete
Furan_19 complete
Furan_17 complete
Furan_18 complete
Furan_20 complete
Furan_22 complete
Furan_21 complete
Furan_23 complete
Furan_24 complete
Furan_25 complete
Furan_27 complete
Furan_26 complete
Furan_28 complete
Furan_29 complete
Furan_30 complete
Furan_31 complete
Furan_32 complete
Furan_34 complete
Furan_33 complete
Furan_35 complete
Furan_36 complete
Furan_37 complete
Furan_38 complete
Furan_39 complete
Furan_41 complete
Furan_40 complete
Furan_42 complete
Furan_43 complete
Furan_44 complete
Furan_45 complete
Furan_46 complete
Furan_47 complete
Finished evolution, finding fitness: 0.5412246932320305
found new best: 0.5412246932320305
Furan_1 complete
Furan_0 complete
Furan_2 complete
Furan_3 complete
Furan_5 complete
Furan_4 complete
Furan_6 complete
Furan_7 complete
Furan_9 complete
Furan_11 complete
Furan_10 complete
Furan_8 complete
Furan_12 complete
Furan_13 complete
Furan_14 complete
Furan_15 complete
Furan_16 complete
Furan_18 complete
Furan_17 complete
Furan_19 complete
Furan_20 complete
Furan_21 complete
Furan_22 complete
Furan_23 complete
Furan_24 complete
Furan_26 complete
Furan_25 complete
Furan_27 complete
Furan_28 complete
Furan_29 complete
Furan_30 complete
Furan_31 complete
Furan_32 complete
Furan_33 complete
Furan_34 complete
Furan_35 complete
Furan_36 complete
Furan_37 complete
Furan_38 complete
Furan_39 complete
Furan_40 complete
Furan_41 complete
Furan_42 complete
Furan_43 complete
Furan_44 complete
Furan_45 complete
Furan_46 complete
Furan_47 complete
Finished evolution, finding fitness: 1.2136947017770259
Furan_2 complete
Furan_0 complete
Furan_3 complete
Furan_1 complete
Furan_4 complete
Furan_6 complete
Furan_7 complete
Furan_5 complete
Furan_8 complete
Furan_10 complete
Furan_9 complete
Furan_11 complete
Furan_12 complete
Furan_13 complete
Furan_14 complete
Furan_15 complete
Furan_16 complete
Furan_18 complete
Furan_17 complete
Furan_19 complete
Furan_20 complete
Furan_22 complete
Furan_21 complete
Furan_23 complete
Furan_24 complete
Furan_25 complete
Furan_26 complete
Furan_27 complete
Furan_28 complete
Furan_30 complete
Furan_29 complete
Furan_31 complete
Furan_32 complete
Furan_33 complete
Furan_34 complete
Furan_35 complete
Furan_36 complete
Furan_37 complete
Furan_38 complete
Furan_39 complete
Furan_40 complete
Furan_42 complete
Furan_41 complete
Furan_43 complete
Furan_44 complete
Furan_45 complete
Furan_46 complete
Furan_47 complete
Finished evolution, finding fitness: 0.5651099343711548
Furan_0 complete
Furan_2 complete
Furan_1 complete
Furan_3 complete
Furan_6 complete
Furan_4 complete
Furan_5 complete
Furan_7 complete
Furan_10 complete
Furan_9 complete
Furan_8 complete
Furan_11 complete
Furan_12 complete
Furan_14 complete
Furan_13 complete
Furan_15 complete
Furan_16 complete
Furan_17 complete
Furan_18 complete
Furan_19 complete
Furan_20 complete
Furan_21 complete
Furan_22 complete
Furan_23 complete
Furan_24 complete
Furan_25 complete
Furan_26 complete
Furan_27 complete
Furan_28 complete
Furan_29 complete
Furan_30 complete
Furan_31 complete
Furan_32 complete
Furan_33 complete
Furan_34 complete
Furan_35 complete
Furan_36 complete
Furan_37 complete
Furan_38 complete
Furan_39 complete
Furan_40 complete
Furan_41 complete
Furan_42 complete
Furan_43 complete
Furan_44 complete
Furan_45 complete
Furan_46 complete
Furan_47 complete
Finished evolution, finding fitness: 1.6239854246110605
Furan_3 complete
Furan_2 complete
Furan_0 complete
Furan_1 complete
Furan_4 complete
Furan_6 complete
Furan_5 complete
Furan_7 complete
Furan_10 complete
Furan_8 complete
Furan_11 complete
Furan_9 complete
Furan_12 complete
Furan_14 complete
Furan_13 complete
Furan_15 complete
Furan_16 complete
Furan_17 complete
Furan_18 complete
Furan_19 complete
Furan_20 complete
Furan_21 complete
Furan_22 complete
Furan_23 complete
Furan_24 complete
Furan_26 complete
Furan_27 complete
Furan_25 complete
Furan_28 complete
Furan_29 complete
Furan_31 complete
Furan_30 complete
Furan_32 complete
Furan_33 complete
Furan_35 complete
Furan_34 complete
Furan_36 complete
Furan_37 complete
Furan_39 complete
Furan_38 complete
Furan_40 complete
Furan_41 complete
Furan_42 complete
Furan_43 complete
Furan_44 complete
Furan_45 complete
Furan_46 complete
Furan_47 complete
Finished evolution, finding fitness: 0.5536702030646719
Furan_3 complete
Furan_0 complete
Furan_2 complete
Furan_1 complete
Furan_4 complete
Furan_5 complete
Furan_6 complete
Furan_7 complete
Furan_8 complete
Furan_9 complete
Furan_10 complete
Furan_11 complete
Furan_12 complete
Furan_13 complete
Furan_14 complete
Furan_15 complete
Furan_16 complete
Furan_17 complete
Furan_18 complete
Furan_19 complete
Furan_21 complete
Furan_22 complete
Furan_20 complete
Furan_23 complete
Furan_25 complete
Furan_24 complete
Furan_26 complete
Furan_27 complete
Furan_28 complete
Furan_30 complete
Furan_29 complete
Furan_31 complete
Furan_32 complete
Furan_34 complete
Furan_33 complete
Furan_35 complete
Furan_36 complete
Furan_38 complete
Furan_37 complete
Furan_39 complete
Furan_40 complete
Furan_41 complete
Furan_42 complete
Furan_43 complete
Furan_44 complete
Furan_45 complete
Furan_46 complete
Furan_47 complete
Finished evolution, finding fitness: 0.8305962546180496
Furan_1 complete
Furan_2 complete
Furan_0 complete
Furan_3 complete
Furan_4 complete
Furan_7 complete
Furan_6 complete
Furan_5 complete
Furan_8 complete
Furan_9 complete
Furan_10 complete
Furan_11 complete
Furan_12 complete
Furan_13 complete
Furan_14 complete
Furan_15 complete
Furan_16 complete
Furan_17 complete
Furan_18 complete
Furan_19 complete
Furan_20 complete
Furan_22 complete
Furan_21 complete
Furan_23 complete
Furan_24 complete
Furan_25 complete
Furan_26 complete
Furan_27 complete
Furan_28 complete
Furan_29 complete
Furan_30 complete
Furan_31 complete
Furan_32 complete
Furan_34 complete
Furan_33 complete
Furan_35 complete
Furan_36 complete
Furan_37 complete
Furan_38 complete
Furan_39 complete
Furan_40 complete
Furan_42 complete
Furan_41 complete
Furan_43 complete
Furan_46 complete
Furan_45 complete
Furan_44 complete
Furan_47 complete
Finished evolution, finding fitness: 1.5420669285448243
Furan_1 complete
Furan_3 complete
Furan_0 complete
Furan_2 complete
Furan_4 complete
Furan_5 complete
Furan_6 complete
Furan_7 complete
Furan_9 complete
Furan_8 complete
Furan_10 complete
Furan_11 complete
Furan_14 complete
Furan_12 complete
Furan_13 complete
Furan_15 complete
Furan_17 complete
Furan_16 complete
Furan_18 complete
Furan_19 complete
Furan_21 complete
Furan_20 complete
Furan_22 complete
Furan_23 complete
Furan_24 complete
Furan_25 complete
Furan_26 complete
Furan_27 complete
Furan_28 complete
Furan_29 complete
Furan_30 complete
Furan_31 complete
Furan_32 complete
Furan_34 complete
Furan_33 complete
Furan_36 complete
Furan_35 complete
Furan_38 complete
Furan_37 complete
Furan_39 complete
Furan_40 complete
Furan_42 complete
Furan_41 complete
Furan_43 complete
Furan_44 complete
Furan_46 complete
Furan_45 complete
Furan_47 complete
Finished evolution, finding fitness: 1.1204406738490809
Furan_3 complete
Furan_2 complete
Furan_1 complete
Furan_0 complete
Furan_6 complete
Furan_4 complete
Furan_5 complete
Furan_7 complete
Furan_9 complete
Furan_10 complete
Furan_8 complete
Furan_11 complete
Furan_12 complete
Furan_13 complete
Furan_14 complete
Furan_15 complete
Furan_16 complete
Furan_17 complete
Furan_18 complete
Furan_19 complete
Furan_20 complete
Furan_23 complete
Furan_21 complete
Furan_22 complete
Furan_24 complete
Furan_26 complete
Furan_27 complete
Furan_25 complete
Furan_28 complete
Furan_30 complete
Furan_31 complete
Furan_29 complete
Furan_32 complete
Furan_34 complete
Furan_35 complete
Furan_33 complete
Furan_36 complete
Furan_37 complete
Furan_38 complete
Furan_39 complete
Furan_40 complete
Furan_42 complete
Furan_41 complete
Furan_43 complete
Furan_44 complete
Furan_45 complete
Furan_46 complete
Furan_47 complete
Finished evolution, finding fitness: 0.8276862618288712
Furan_2 complete
Furan_1 complete
Furan_3 complete
Furan_0 complete
Furan_6 complete
Furan_4 complete
Furan_5 complete
Furan_7 complete
Furan_9 complete
Furan_8 complete
Furan_10 complete
Furan_11 complete
Furan_12 complete
Furan_13 complete
Furan_14 complete
Furan_15 complete
Furan_16 complete
Furan_18 complete
Furan_17 complete
Furan_19 complete
Furan_22 complete
Furan_20 complete
Furan_21 complete
Furan_23 complete
Furan_24 complete
Furan_25 complete
Furan_26 complete
Furan_27 complete
Furan_29 complete
Furan_30 complete
Furan_28 complete
Furan_31 complete
Furan_34 complete
Furan_32 complete
Furan_33 complete
Furan_35 complete
Furan_37 complete
Furan_38 complete
Furan_36 complete
Furan_39 complete
Furan_40 complete
Furan_42 complete
Furan_41 complete
Furan_43 complete
Furan_44 complete
Furan_46 complete
Furan_45 complete
Furan_47 complete
Finished evolution, finding fitness: 0.9132689679495747
Furan_0 complete
Furan_3 complete
Furan_1 complete
Furan_2 complete
Furan_4 complete
Furan_5 complete
Furan_6 complete
Furan_7 complete
Furan_9 complete
Furan_8 complete
Furan_10 complete
Furan_11 complete
Furan_13 complete
Furan_15 complete
Furan_14 complete
Furan_12 complete
Furan_16 complete
Furan_18 complete
Furan_17 complete
Furan_19 complete
Furan_20 complete
Furan_21 complete
Furan_22 complete
Furan_23 complete
Furan_24 complete
Furan_25 complete
Furan_26 complete
Furan_27 complete
Furan_28 complete
Furan_31 complete
Furan_29 complete
Furan_30 complete
Furan_32 complete
Furan_33 complete
Furan_34 complete
Furan_35 complete
Furan_36 complete
Furan_37 complete
Furan_38 complete
Furan_39 complete
Furan_40 complete
Furan_41 complete
Furan_43 complete
Furan_42 complete
Furan_44 complete
Furan_45 complete
Furan_46 complete
Furan_47 complete
Finished evolution, finding fitness: 0.5462044050041563
Furan_1 complete
Furan_3 complete
Furan_2 complete
Furan_0 complete
Furan_5 complete
Furan_6 complete
Furan_7 complete
Furan_4 complete
Furan_8 complete
Furan_10 complete
Furan_9 complete
Furan_11 complete
Furan_13 complete
Furan_14 complete
Furan_12 complete
Furan_15 complete
Furan_17 complete
Furan_18 complete
Furan_16 complete
Furan_19 complete
Furan_20 complete
Furan_21 complete
Furan_22 complete
Furan_23 complete
Furan_25 complete
Furan_24 complete
Furan_26 complete
Furan_27 complete
Furan_29 complete
Furan_28 complete
Furan_30 complete
Furan_31 complete
Furan_33 complete
Furan_32 complete
Furan_34 complete
Furan_35 complete
Furan_38 complete
Furan_37 complete
Furan_36 complete
Furan_39 complete
Furan_41 complete
Furan_40 complete
Furan_43 complete
Furan_42 complete
Furan_44 complete
Furan_45 complete
Furan_46 complete
Furan_47 complete
Finished evolution, finding fitness: 0.5057224881891786
found new best: 0.5057224881891786
Furan_2 complete
Furan_0 complete
Furan_3 complete
Furan_1 complete
Furan_4 complete
Furan_7 complete
Furan_5 complete
Furan_6 complete
Furan_8 complete
Furan_9 complete
Furan_10 complete
Furan_11 complete
Furan_12 complete
Furan_14 complete
Furan_13 complete
Furan_15 complete
Furan_16 complete
Furan_17 complete
Furan_18 complete
Furan_19 complete
Furan_21 complete
Furan_20 complete
Furan_22 complete
Furan_23 complete
Furan_24 complete
Furan_25 complete
Furan_26 complete
Furan_27 complete
Furan_29 complete
Furan_28 complete
Furan_31 complete
Furan_30 complete
Furan_33 complete
Furan_32 complete
Furan_34 complete
Furan_35 complete
Furan_36 complete
Furan_37 complete
Furan_38 complete
Furan_39 complete
Furan_41 complete
Furan_40 complete
Furan_42 complete
Furan_43 complete
Furan_44 complete
Furan_45 complete
Furan_46 complete
Furan_47 complete
Finished evolution, finding fitness: 1.2549333770271718
Furan_1 complete
Furan_2 complete
Furan_3 complete
Furan_0 complete
Furan_5 complete
Furan_4 complete
Furan_6 complete
Furan_7 complete
Furan_9 complete
Furan_8 complete
Furan_10 complete
Furan_11 complete
Furan_13 complete
Furan_12 complete
Furan_14 complete
Furan_15 complete
Furan_16 complete
Furan_17 complete
Furan_18 complete
Furan_19 complete
Furan_20 complete
Furan_21 complete
Furan_22 complete
Furan_23 complete
Furan_24 complete
Furan_25 complete
Furan_26 complete
Furan_27 complete
Furan_28 complete
Furan_29 complete
Furan_30 complete
Furan_31 complete
Furan_32 complete
Furan_33 complete
Furan_34 complete
Furan_35 complete
Furan_36 complete
Furan_37 complete
Furan_38 complete
Furan_39 complete
Furan_40 complete
Furan_41 complete
Furan_42 complete
Furan_43 complete
Furan_44 complete
Furan_45 complete
Furan_46 complete
Furan_47 complete
Finished evolution, finding fitness: 0.616363643947695
Furan_0 complete
Furan_2 complete
Furan_3 complete
Furan_1 complete
Furan_4 complete
Furan_5 complete
Furan_6 complete
Furan_7 complete
Furan_8 complete
Furan_10 complete
Furan_9 complete
Furan_11 complete
Furan_12 complete
Furan_14 complete
Furan_13 complete
Furan_15 complete
Furan_16 complete
Furan_17 complete
Furan_18 complete
Furan_19 complete
Furan_20 complete
Furan_21 complete
Furan_22 complete
Furan_23 complete
Furan_24 complete
Furan_25 complete
Furan_26 complete
Furan_27 complete
Furan_28 complete
Furan_30 complete
Furan_29 complete
Furan_31 complete
Furan_32 complete
Furan_34 complete
Furan_33 complete
Furan_35 complete
Furan_36 complete
Furan_37 complete
Furan_38 complete
Furan_39 complete
Furan_40 complete
Furan_41 complete
Furan_42 complete
Furan_43 complete
Furan_44 complete
Furan_45 complete
Furan_46 complete
Furan_47 complete
Finished evolution, finding fitness: 0.5923699492699446
Furan_1 complete
Furan_0 complete
Furan_3 complete
Furan_2 complete
Furan_5 complete
Furan_4 complete
Furan_6 complete
Furan_7 complete
Furan_8 complete
Furan_9 complete
Furan_10 complete
Furan_11 complete
Furan_12 complete
Furan_13 complete
Furan_14 complete
Furan_15 complete
Furan_16 complete
Furan_17 complete
Furan_18 complete
Furan_19 complete
Furan_20 complete
Furan_21 complete
Furan_22 complete
Furan_23 complete
Furan_24 complete
Furan_25 complete
Furan_26 complete
Furan_27 complete
Furan_28 complete
Furan_29 complete
Furan_30 complete
Furan_31 complete
Furan_32 complete
Furan_33 complete
Furan_34 complete
Furan_35 complete
Furan_36 complete
Furan_37 complete
Furan_38 complete
Furan_39 complete
Furan_40 complete
Furan_41 complete
Furan_42 complete
Furan_44 complete
Furan_43 complete
Furan_45 complete
Furan_46 complete
Furan_47 complete
Finished evolution, finding fitness: 0.761865933065804
Furan_0 complete
Furan_3 complete
Furan_1 complete
Furan_2 complete
Furan_4 complete
Furan_7 complete
Furan_5 complete
Furan_6 complete
Furan_9 complete
Furan_8 complete
Furan_10 complete
Furan_11 complete
Furan_12 complete
Furan_13 complete
Furan_14 complete
Furan_15 complete
Furan_18 complete
Furan_19 complete
Furan_16 complete
Furan_17 complete
Furan_20 complete
Furan_21 complete
Furan_23 complete
Furan_22 complete
Furan_24 complete
Furan_25 complete
Furan_26 complete
Furan_27 complete
Furan_29 complete
Furan_28 complete
Furan_30 complete
Furan_31 complete
Furan_32 complete
Furan_33 complete
Furan_34 complete
Furan_35 complete
Furan_36 complete
Furan_37 complete
Furan_39 complete
Furan_38 complete
Furan_41 complete
Furan_40 complete
Furan_42 complete
Furan_43 complete
Furan_44 complete
Furan_45 complete
Furan_46 complete
Furan_47 complete
Finished evolution, finding fitness: 0.5713052674380639
Furan_3 complete
Furan_1 complete
Furan_0 complete
Furan_2 complete
Furan_5 complete
Furan_4 complete
Furan_6 complete
Furan_7 complete
Furan_8 complete
Furan_9 complete
Furan_11 complete
Furan_10 complete
Furan_13 complete
Furan_12 complete
Furan_14 complete
Furan_15 complete
Furan_17 complete
Furan_18 complete
Furan_16 complete
Furan_19 complete
Furan_20 complete
Furan_23 complete
Furan_22 complete
Furan_21 complete
Furan_24 complete
Furan_25 complete
Furan_26 complete
Furan_27 complete
Furan_28 complete
Furan_30 complete
Furan_29 complete
Furan_31 complete
Furan_32 complete
Furan_34 complete
Furan_35 complete
Furan_33 complete
Furan_36 complete
Furan_37 complete
Furan_39 complete
Furan_38 complete
Furan_40 complete
Furan_41 complete
Furan_42 complete
Furan_43 complete
Furan_44 complete
Furan_45 complete
Furan_46 complete
Furan_47 complete
Finished evolution, finding fitness: 0.5279904659404325
Furan_1 complete
Furan_0 complete
Furan_3 complete
Furan_2 complete
Furan_4 complete
Furan_5 complete
Furan_7 complete
Furan_6 complete
Furan_9 complete
Furan_8 complete
Furan_10 complete
Furan_11 complete
Furan_12 complete
Furan_14 complete
Furan_13 complete
Furan_15 complete
Furan_16 complete
Furan_19 complete
Furan_18 complete
Furan_17 complete
Furan_20 complete
Furan_21 complete
Furan_22 complete
Furan_23 complete
Furan_24 complete
Furan_26 complete
Furan_25 complete
Furan_27 complete
Furan_28 complete
Furan_29 complete
Furan_30 complete
Furan_31 complete
Furan_32 complete
Furan_33 complete
Furan_34 complete
Furan_35 complete
Furan_36 complete
Furan_37 complete
Furan_38 complete
Furan_39 complete
Furan_40 complete
Furan_41 complete
Furan_42 complete
Furan_43 complete
Furan_44 complete
Furan_45 complete
Furan_46 complete
Furan_47 complete
Finished evolution, finding fitness: 0.601451802920604
Furan_0 complete
Furan_2 complete
Furan_1 complete
Furan_3 complete
Furan_5 complete
Furan_4 complete
Furan_7 complete
Furan_6 complete
Furan_8 complete
Furan_9 complete
Furan_11 complete
Furan_10 complete
Furan_12 complete
Furan_13 complete
Furan_14 complete
Furan_15 complete
Furan_17 complete
Furan_16 complete
Furan_19 complete
Furan_18 complete
Furan_21 complete
Furan_20 complete
Furan_22 complete
Furan_23 complete
Furan_24 complete
Furan_26 complete
Furan_25 complete
Furan_27 complete
Furan_28 complete
Furan_30 complete
Furan_29 complete
Furan_31 complete
Furan_32 complete
Furan_33 complete
Furan_34 complete
Furan_35 complete
Furan_36 complete
Furan_37 complete
Furan_38 complete
Furan_39 complete
Furan_40 complete
Furan_41 complete
Furan_42 complete
Furan_43 complete
Furan_45 complete
Furan_46 complete
Furan_44 complete
Furan_47 complete
Finished evolution, finding fitness: 0.9328381924006228
Furan_0 complete
Furan_2 complete
Furan_1 complete
Furan_3 complete
Furan_5 complete
Furan_4 complete
Furan_6 complete
Furan_7 complete
Furan_8 complete
Furan_9 complete
Furan_10 complete
Furan_11 complete
Furan_12 complete
Furan_14 complete
Furan_13 complete
Furan_15 complete
Furan_16 complete
Furan_17 complete
Furan_18 complete
Furan_19 complete
Furan_20 complete
Furan_23 complete
Furan_22 complete
Furan_21 complete
Furan_24 complete
Furan_26 complete
Furan_25 complete
Furan_27 complete
Furan_29 complete
Furan_28 complete
Furan_30 complete
Furan_31 complete
Furan_32 complete
Furan_34 complete
Furan_35 complete
Furan_33 complete
Furan_36 complete
Furan_37 complete
Furan_38 complete
Furan_39 complete
Furan_40 complete
Furan_41 complete
Furan_42 complete
Furan_43 complete
Furan_44 complete
Furan_45 complete
Furan_46 complete
Furan_47 complete
Finished evolution, finding fitness: 0.5247139378846533
Furan_1 complete
Furan_0 complete
Furan_3 complete
Furan_2 complete
Furan_4 complete
Furan_5 complete
Furan_6 complete
Furan_7 complete
Furan_8 complete
Furan_10 complete
Furan_9 complete
Furan_11 complete
Furan_12 complete
Furan_13 complete
Furan_14 complete
Furan_15 complete
Furan_16 complete
Furan_17 complete
Furan_18 complete
Furan_19 complete
Furan_20 complete
Furan_21 complete
Furan_22 complete
Furan_23 complete
Furan_24 complete
Furan_25 complete
Furan_26 complete
Furan_27 complete
Furan_28 complete
Furan_30 complete
Furan_29 complete
Furan_31 complete
Furan_32 complete
Furan_33 complete
Furan_34 complete
Furan_35 complete
Furan_36 complete
Furan_37 complete
Furan_38 complete
Furan_40 complete
Furan_39 complete
Furan_41 complete
Furan_42 complete
Furan_43 complete
Furan_44 complete
Furan_45 complete
Furan_46 complete
Furan_47 complete
Finished evolution, finding fitness: 1.5361569112965616
Furan_2 complete
Furan_1 complete
Furan_0 complete
Furan_3 complete
Furan_4 complete
Furan_5 complete
Furan_7 complete
Furan_6 complete
Furan_9 complete
Furan_8 complete
Furan_11 complete
Furan_10 complete
Furan_12 complete
Furan_13 complete
Furan_14 complete
Furan_15 complete
Furan_16 complete
Furan_17 complete
Furan_18 complete
Furan_19 complete
Furan_20 complete
Furan_21 complete
Furan_22 complete
Furan_23 complete
Furan_24 complete
Furan_25 complete
Furan_26 complete
Furan_27 complete
Furan_28 complete
Furan_29 complete
Furan_30 complete
Furan_31 complete
Furan_32 complete
Furan_33 complete
Furan_34 complete
Furan_35 complete
Furan_36 complete
Furan_37 complete
Furan_38 complete
Furan_39 complete
Furan_40 complete
Furan_41 complete
Furan_42 complete
Furan_43 complete
Furan_44 complete
Furan_45 complete
Furan_46 complete
Furan_47 complete
Finished evolution, finding fitness: 0.5171142175413013
Furan_1 complete
Furan_0 complete
Furan_2 complete
Furan_3 complete
Furan_4 complete
Furan_5 complete
Furan_6 complete
Furan_7 complete
Furan_8 complete
Furan_9 complete
Furan_10 complete
Furan_11 complete
Furan_12 complete
Furan_14 complete
Furan_13 complete
Furan_15 complete
Furan_16 complete
Furan_17 complete
Furan_18 complete
Furan_19 complete
Furan_20 complete
Furan_21 complete
Furan_22 complete
Furan_23 complete
Furan_24 complete
Furan_25 complete
Furan_27 complete
Furan_26 complete
Furan_28 complete
Furan_29 complete
Furan_30 complete
Furan_31 complete
Furan_32 complete
Furan_33 complete
Furan_34 complete
Furan_35 complete
Furan_36 complete
Furan_37 complete
Furan_38 complete
Furan_39 complete
Furan_40 complete
Furan_41 complete
Furan_42 complete
Furan_43 complete
Furan_44 complete
Furan_45 complete
Furan_46 complete
Furan_47 complete
Finished evolution, finding fitness: 2.146615872920572
Furan_1 complete
Furan_2 complete
Furan_3 complete
Furan_0 complete
Furan_4 complete
Furan_5 complete
Furan_6 complete
Furan_7 complete
Furan_8 complete
Furan_9 complete
Furan_10 complete
Furan_11 complete
Furan_12 complete
Furan_13 complete
Furan_14 complete
Furan_15 complete
Furan_17 complete
Furan_16 complete
Furan_18 complete
Furan_19 complete
Furan_21 complete
Furan_20 complete
Furan_22 complete
Furan_23 complete
Furan_24 complete
Furan_25 complete
Furan_26 complete
Furan_27 complete
Furan_28 complete
Furan_29 complete
Furan_30 complete
Furan_31 complete
Furan_32 complete
Furan_34 complete
Furan_33 complete
Furan_35 complete
Furan_36 complete
Furan_37 complete
Furan_38 complete
Furan_39 complete
Furan_40 complete
Furan_41 complete
Furan_42 complete
Furan_43 complete
Furan_44 complete
Furan_45 complete
Furan_46 complete
Furan_47 complete
Finished evolution, finding fitness: 0.5422806924886339
Furan_0 complete
Furan_2 complete
Furan_3 complete
Furan_1 complete
Furan_4 complete
Furan_6 complete
Furan_5 complete
Furan_7 complete
Furan_8 complete
Furan_10 complete
Furan_11 complete
Furan_9 complete
Furan_12 complete
Furan_13 complete
Furan_14 complete
Furan_15 complete
Furan_16 complete
Furan_18 complete
Furan_17 complete
Furan_19 complete
Furan_20 complete
Furan_22 complete
Furan_21 complete
Furan_23 complete
Furan_24 complete
Furan_26 complete
Furan_25 complete
Furan_27 complete
Furan_28 complete
Furan_29 complete
Furan_30 complete
Furan_31 complete
Furan_32 complete
Furan_33 complete
Furan_34 complete
Furan_35 complete
Furan_36 complete
Furan_37 complete
Furan_38 complete
Furan_39 complete
Furan_40 complete
Furan_41 complete
Furan_42 complete
Furan_43 complete
Furan_44 complete
Furan_45 complete
Furan_46 complete
Furan_47 complete
Finished evolution, finding fitness: 0.6497174714926145
Furan_2 complete
Furan_0 complete
Furan_3 complete
Furan_1 complete
Furan_4 complete
Furan_5 complete
Furan_7 complete
Furan_6 complete
Furan_8 complete
Furan_9 complete
Furan_10 complete
Furan_11 complete
Furan_12 complete
Furan_13 complete
Furan_14 complete
Furan_15 complete
Furan_16 complete
Furan_17 complete
Furan_18 complete
Furan_19 complete
Furan_20 complete
Furan_21 complete
Furan_22 complete
Furan_23 complete
Furan_24 complete
Furan_25 complete
Furan_26 complete
Furan_27 complete
Furan_28 complete
Furan_29 complete
Furan_30 complete
Furan_31 complete
Furan_32 complete
Furan_33 complete
Furan_34 complete
Furan_35 complete
Furan_36 complete
Furan_37 complete
Furan_38 complete
Furan_39 complete
Furan_40 complete
Furan_41 complete
Furan_42 complete
Furan_43 complete
Furan_44 complete
Furan_45 complete
Furan_46 complete
Furan_47 complete
Finished evolution, finding fitness: 0.6231185793755406
Furan_0 complete
Furan_1 complete
Furan_3 complete
Furan_2 complete
Furan_4 complete
Furan_6 complete
Furan_7 complete
Furan_5 complete
Furan_8 complete
Furan_9 complete
Furan_10 complete
Furan_11 complete
Furan_14 complete
Furan_12 complete
Furan_13 complete
Furan_15 complete
Furan_16 complete
Furan_17 complete
Furan_18 complete
Furan_19 complete
Furan_20 complete
Furan_21 complete
Furan_22 complete
Furan_23 complete
Furan_24 complete
Furan_25 complete
Furan_26 complete
Furan_27 complete
Furan_28 complete
Furan_30 complete
Furan_29 complete
Furan_31 complete
Furan_32 complete
Furan_33 complete
Furan_34 complete
Furan_35 complete
Furan_36 complete
Furan_38 complete
Furan_37 complete
Furan_39 complete
Furan_40 complete
Furan_41 complete
Furan_42 complete
Furan_43 complete
Furan_44 complete
Furan_46 complete
Furan_45 complete
Furan_47 complete
Finished evolution, finding fitness: 0.6976222002378907
Furan_2 complete
Furan_1 complete
Furan_0 complete
Furan_3 complete
Furan_4 complete
Furan_5 complete
Furan_6 complete
Furan_7 complete
Furan_8 complete
Furan_9 complete
Furan_10 complete
Furan_11 complete
Furan_12 complete
Furan_13 complete
Furan_15 complete
Furan_14 complete
Furan_16 complete
Furan_18 complete
Furan_17 complete
Furan_19 complete
Furan_20 complete
Furan_22 complete
Furan_21 complete
Furan_23 complete
Furan_24 complete
Furan_25 complete
Furan_26 complete
Furan_27 complete
Furan_28 complete
Furan_29 complete
Furan_30 complete
Furan_31 complete
Furan_33 complete
Furan_32 complete
Furan_34 complete
Furan_35 complete
Furan_37 complete
Furan_36 complete
Furan_38 complete
Furan_39 complete
Furan_40 complete
Furan_41 complete
Furan_43 complete
Furan_42 complete
Furan_44 complete
Furan_45 complete
Furan_46 complete
Furan_47 complete
Finished evolution, finding fitness: 0.5779243689099506
Furan_2 complete
Furan_0 complete
Furan_3 complete
Furan_1 complete
Furan_6 complete
Furan_5 complete
Furan_4 complete
Furan_7 complete
Furan_9 complete
Furan_8 complete
Furan_10 complete
Furan_11 complete
Furan_13 complete
Furan_14 complete
Furan_12 complete
Furan_15 complete
Furan_16 complete
Furan_17 complete
Furan_18 complete
Furan_19 complete
Furan_20 complete
Furan_21 complete
Furan_22 complete
Furan_23 complete
Furan_24 complete
Furan_25 complete
Furan_26 complete
Furan_27 complete
Furan_28 complete
Furan_29 complete
Furan_31 complete
Furan_30 complete
Furan_32 complete
Furan_33 complete
Furan_34 complete
Furan_35 complete
Furan_36 complete
Furan_37 complete
Furan_38 complete
Furan_39 complete
Furan_40 complete
Furan_41 complete
Furan_42 complete
Furan_43 complete
Furan_44 complete
Furan_45 complete
Furan_46 complete
Furan_47 complete
Finished evolution, finding fitness: 0.5170269264071626
Furan_2 complete
Furan_3 complete
Furan_0 complete
Furan_1 complete
Furan_5 complete
Furan_6 complete
Furan_7 complete
Furan_4 complete
Furan_8 complete
Furan_9 complete
Furan_10 complete
Furan_11 complete
Furan_12 complete
Furan_13 complete
Furan_14 complete
Furan_15 complete
Furan_16 complete
Furan_17 complete
Furan_18 complete
Furan_19 complete
Furan_21 complete
Furan_20 complete
Furan_22 complete
Furan_23 complete
Furan_24 complete
Furan_25 complete
Furan_26 complete
Furan_27 complete
Furan_28 complete
Furan_30 complete
Furan_29 complete
Furan_31 complete
Furan_32 complete
Furan_33 complete
Furan_34 complete
Furan_35 complete
Furan_38 complete
Furan_37 complete
Furan_36 complete
Furan_39 complete
Furan_41 complete
Furan_40 complete
Furan_42 complete
Furan_43 complete
Furan_44 complete
Furan_45 complete
Furan_46 complete
Furan_47 complete
Finished evolution, finding fitness: 0.5410785879475062
Furan_1 complete
Furan_0 complete
Furan_2 complete
Furan_3 complete
Furan_4 complete
Furan_6 complete
Furan_5 complete
Furan_7 complete
Furan_8 complete
Furan_9 complete
Furan_10 complete
Furan_11 complete
Furan_12 complete
Furan_13 complete
Furan_15 complete
Furan_14 complete
Furan_17 complete
Furan_18 complete
Furan_16 complete
Furan_19 complete
Furan_21 complete
Furan_20 complete
Furan_23 complete
Furan_22 complete
Furan_24 complete
Furan_25 complete
Furan_27 complete
Furan_26 complete
Furan_28 complete
Furan_29 complete
Furan_31 complete
Furan_30 complete
Furan_32 complete
Furan_33 complete
Furan_34 complete
Furan_35 complete
Furan_36 complete
Furan_37 complete
Furan_38 complete
Furan_39 complete
Furan_40 complete
Furan_42 complete
Furan_41 complete
Furan_43 complete
Furan_44 complete
Furan_45 complete
Furan_46 complete
Furan_47 complete
Finished evolution, finding fitness: 0.8328861135478465
Furan_1 complete
Furan_3 complete
Furan_0 complete
Furan_2 complete
Furan_5 complete
Furan_4 complete
Furan_6 complete
Furan_7 complete
Furan_8 complete
Furan_9 complete
Furan_10 complete
Furan_11 complete
Furan_12 complete
Furan_13 complete
Furan_14 complete
Furan_15 complete
Furan_16 complete
Furan_17 complete
Furan_18 complete
Furan_19 complete
Furan_20 complete
Furan_21 complete
Furan_22 complete
Furan_23 complete
Furan_24 complete
Furan_25 complete
Furan_26 complete
Furan_27 complete
Furan_28 complete
Furan_29 complete
Furan_30 complete
Furan_31 complete
Furan_32 complete
Furan_33 complete
Furan_34 complete
Furan_35 complete
Furan_36 complete
Furan_37 complete
Furan_38 complete
Furan_39 complete
Furan_40 complete
Furan_41 complete
Furan_42 complete
Furan_43 complete
Furan_44 complete
Furan_45 complete
Furan_46 complete
Furan_47 complete
Finished evolution, finding fitness: 0.5659749749202001
Furan_0 complete
Furan_2 complete
Furan_3 complete
Furan_1 complete
Furan_4 complete
Furan_5 complete
Furan_6 complete
Furan_7 complete
Furan_8 complete
Furan_10 complete
Furan_9 complete
Furan_11 complete
Furan_12 complete
Furan_14 complete
Furan_15 complete
Furan_13 complete
Furan_16 complete
Furan_17 complete
Furan_19 complete
Furan_18 complete
Furan_20 complete
Furan_21 complete
Furan_22 complete
Furan_23 complete
Furan_24 complete
Furan_25 complete
Furan_26 complete
Furan_27 complete
Furan_28 complete
Furan_29 complete
Furan_30 complete
Furan_31 complete
Furan_32 complete
Furan_33 complete
Furan_34 complete
Furan_35 complete
Furan_36 complete
Furan_37 complete
Furan_38 complete
Furan_39 complete
Furan_41 complete
Furan_40 complete
Furan_42 complete
Furan_43 complete
Furan_44 complete
Furan_45 complete
Furan_46 complete
Furan_47 complete
Finished evolution, finding fitness: 0.6099115292771278
Furan_2 complete
Furan_1 complete
Furan_0 complete
Furan_3 complete
Furan_5 complete
Furan_4 complete
Furan_6 complete
Furan_7 complete
Furan_8 complete
Furan_10 complete
Furan_9 complete
Furan_11 complete
Furan_13 complete
Furan_12 complete
Furan_14 complete
Furan_15 complete
Furan_17 complete
Furan_16 complete
Furan_18 complete
Furan_19 complete
Furan_20 complete
Furan_21 complete
Furan_22 complete
Furan_23 complete
Furan_24 complete
Furan_25 complete
Furan_26 complete
Furan_27 complete
Furan_28 complete
Furan_29 complete
Furan_30 complete
Furan_31 complete
Furan_32 complete
Furan_33 complete
Furan_34 complete
Furan_35 complete
Furan_36 complete
Furan_37 complete
Furan_38 complete
Furan_39 complete
Furan_40 complete
Furan_41 complete
Furan_42 complete
Furan_43 complete
Furan_44 complete
Furan_45 complete
Furan_46 complete
Furan_47 complete
Finished evolution, finding fitness: 0.5079210946657852
Furan_3 complete
Furan_0 complete
Furan_2 complete
Furan_1 complete
Furan_5 complete
Furan_4 complete
Furan_7 complete
Furan_6 complete
Furan_9 complete
Furan_8 complete
Furan_11 complete
Furan_10 complete
Furan_14 complete
Furan_15 complete
Furan_12 complete
Furan_13 complete
Furan_16 complete
Furan_18 complete
Furan_17 complete
Furan_19 complete
Furan_20 complete
Furan_21 complete
Furan_22 complete
Furan_23 complete
Furan_24 complete
Furan_25 complete
Furan_27 complete
Furan_26 complete
Furan_29 complete
Furan_30 complete
Furan_28 complete
Furan_31 complete
Furan_34 complete
Furan_32 complete
Furan_35 complete
Furan_33 complete
Furan_36 complete
Furan_37 complete
Furan_39 complete
Furan_38 complete
Furan_41 complete
Furan_42 complete
Furan_40 complete
Furan_43 complete
Furan_44 complete
Furan_45 complete
Furan_46 complete
Furan_47 complete
Finished evolution, finding fitness: 0.6405660782354511
Furan_1 complete
Furan_3 complete
Furan_2 complete
Furan_0 complete
Furan_4 complete
Furan_7 complete
Furan_5 complete
Furan_6 complete
Furan_9 complete
Furan_10 complete
Furan_8 complete
Furan_11 complete
Furan_12 complete
Furan_13 complete
Furan_14 complete
Furan_15 complete
Furan_16 complete
Furan_17 complete
Furan_18 complete
Furan_19 complete
Furan_21 complete
Furan_22 complete
Furan_20 complete
Furan_23 complete
Furan_24 complete
Furan_25 complete
Furan_26 complete
Furan_27 complete
Furan_28 complete
Furan_29 complete
Furan_30 complete
Furan_31 complete
Furan_32 complete
Furan_33 complete
Furan_34 complete
Furan_35 complete
Furan_36 complete
Furan_37 complete
Furan_38 complete
Furan_39 complete
Furan_41 complete
Furan_40 complete
Furan_42 complete
Furan_43 complete
Furan_44 complete
Furan_46 complete
Furan_45 complete
Furan_47 complete
Finished evolution, finding fitness: 0.5130903089333536
Cleaning up and creating optimized bests
Run time:1753.5431823730469