*********** Running Genetic Algorithm ***********
running FuranAM1_0
running FuranDFT_0
running FuranAM1_3
running FuranDFT_3
running FuranAM1_1
running FuranDFT_1
running FuranAM1_2
running FuranDFT_2
running FuranAM1_5
running FuranDFT_5
running FuranAM1_6
running FuranDFT_6
running FuranAM1_4
running FuranDFT_4
running FuranAM1_7
running FuranDFT_7
running FuranAM1_10
running FuranDFT_10
running FuranAM1_9
running FuranDFT_9
running FuranAM1_8
running FuranDFT_8
running FuranAM1_11
running FuranDFT_11
running FuranAM1_13
running FuranDFT_13
running FuranAM1_12
running FuranDFT_12
running FuranAM1_14
running FuranDFT_14
running FuranAM1_15
running FuranDFT_15
updating raw_fitness [0.5407482440367344, 0.011403221328076666, 1341.17426604]
Starting Step 0
New Best Found : 0.9999999999999999
With raw values: [1.0, 1.0, 1.0]
AVERAGE FITNESS: 2.8827627275818943
Starting Step 1
New Best Found : 0.9623205748208219
With raw values: [1.0639233492912332, 0.6284633351521638, 0.8941035243172762]
New Best Found : 0.8668440629232722
With raw values: [0.9460332449756108, 0.6964469012436094, 0.8046945970388998]
AVERAGE FITNESS: 2.0441988196508314
Starting Step 2
New Best Found : 0.8233642715246627
With raw values: [0.9206241835853521, 0.5828909185525032, 0.7501516947611893]
New Best Found : 0.8203544021070878
With raw values: [1.1932362955941112, 0.695388096588159, 0.4599691391719569]
AVERAGE FITNESS: 2.4515998886934507
Starting Step 3
New Best Found : 0.7316251328573009
With raw values: [0.9943961526356258, 0.5594709836456401, 0.48606952800014225]
AVERAGE FITNESS: 2.399435313869724
Starting Step 4
AVERAGE FITNESS: 1.990986328114647
Starting Step 5
New Best Found : 0.6390578687966372
With raw values: [0.8405683113190664, 0.32913533157313707, 0.4685396799965579]
AVERAGE FITNESS: 2.612767284808903
Starting Step 6
AVERAGE FITNESS: 3672.0755985121086
Starting Step 7
New Best Found : 0.5965910325017596
With raw values: [0.7285271265123165, 0.32192805767473426, 0.49212123597390517]
AVERAGE FITNESS: 1.57937874868089
Starting Step 8
AVERAGE FITNESS: 1.6349881455685962
Starting Step 9
AVERAGE FITNESS: 1.3931308411355843
Starting Step 10
AVERAGE FITNESS: 1.4964152197097695
Starting Step 11
AVERAGE FITNESS: 2.1871924163018543
Starting Step 12
New Best Found : 0.5607277010786443
With raw values: [0.8152123409413964, 0.524883718938076, 0.3098274594299492]
AVERAGE FITNESS: 3672.2888828215096
Starting Step 13
AVERAGE FITNESS: 1.789198536933099
Starting Step 14
AVERAGE FITNESS: 2.076608464376365
Starting Step 15
New Best Found : 0.5313435332376752
With raw values: [0.7405063245174418, 0.6326985362512444, 0.3120452416565516]
AVERAGE FITNESS: 1.4643661453537904
Starting Step 16
AVERAGE FITNESS: 2.5797902180331196
Starting Step 17
AVERAGE FITNESS: 1.0731614106546359
Starting Step 18
New Best Found : 0.4938069381904494
With raw values: [0.7783782599549943, 0.4886346377062701, 0.2097528464743223]
AVERAGE FITNESS: 1.1616885359647253
Starting Step 19
AVERAGE FITNESS: 1.023520861718098
Starting Step 20
AVERAGE FITNESS: 7343.891973025139
Starting Step 21
AVERAGE FITNESS: 3672.513710515396
Starting Step 22
AVERAGE FITNESS: 1.108696514541607
Starting Step 23
AVERAGE FITNESS: 0.9010577719499465
Starting Step 24
New Best Found : 0.4684491874631506
With raw values: [0.8299683466834153, 0.4553026353829569, 0.10824468345090527]
New Best Found : 0.44660952767077255
With raw values: [0.7975445891440055, 0.6951042238123696, 0.07082499658337986]
AVERAGE FITNESS: 1.6845324914405821
Starting Step 25
New Best Found : 0.4462826045626526
With raw values: [0.8009452253494644, 0.6537064722849254, 0.07087759700361333]
AVERAGE FITNESS: 1.2944849343080416
Starting Step 26
AVERAGE FITNESS: 2.2098138632349644
Starting Step 27
AVERAGE FITNESS: 0.859981238165334
Starting Step 28
New Best Found : 0.4456623590893242
With raw values: [0.7984744575431355, 0.6608218361247715, 0.07133431293196811]
New Best Found : 0.4223188032751675
With raw values: [0.744830548558126, 0.6006895362519298, 0.08196998469453276]
AVERAGE FITNESS: 0.9100112184779992
Starting Step 29
New Best Found : 0.4195675216614596
With raw values: [0.7012977819187387, 0.42289060724400124, 0.13750495284592631]
AVERAGE FITNESS: 1.2088234626749632
Starting Step 30
AVERAGE FITNESS: 1.7544750727876783
Starting Step 31
AVERAGE FITNESS: 1.837695203786402
Starting Step 32
AVERAGE FITNESS: 0.8099459423630124
Starting Step 33
AVERAGE FITNESS: 1.3851762263252436
Starting Step 34
New Best Found : 0.41238673768706013
With raw values: [0.6726879559357258, 0.4279444734036996, 0.15052974586673046]
AVERAGE FITNESS: 0.7400548960601464
Starting Step 35
New Best Found : 0.40661318105861405
With raw values: [0.6987904661660291, 0.44135103242475315, 0.11096211081458487]
AVERAGE FITNESS: 0.8988597300196272
Starting Step 36
AVERAGE FITNESS: 0.7559539734557833
Starting Step 37
AVERAGE FITNESS: 0.757323742480435
Starting Step 38
AVERAGE FITNESS: 1.0363804003846777
Starting Step 39
New Best Found : 0.39505142709155927
With raw values: [0.6376425682479809, 0.5696110286445518, 0.13500432577983856]
AVERAGE FITNESS: 1.4724084242231938
Starting Step 40
New Best Found : 0.39383760796027617
With raw values: [0.6919917652906896, 0.43446465195187484, 0.09162074623070288]
AVERAGE FITNESS: 0.9232577722523789
Starting Step 41
AVERAGE FITNESS: 1.2256463820864183
Starting Step 42
AVERAGE FITNESS: 0.8945232677487508
Starting Step 43
New Best Found : 0.39021848358441896
With raw values: [0.6865991369245134, 0.4278724534867005, 0.09007243325409667]
AVERAGE FITNESS: 0.8428755182811566
Starting Step 44
AVERAGE FITNESS: 1.887591879949947
Starting Step 45
AVERAGE FITNESS: 3672.07723550722
Starting Step 46
AVERAGE FITNESS: 0.7071516018857747
Starting Step 47
AVERAGE FITNESS: 1.5583694106274948
Starting Step 48
AVERAGE FITNESS: 0.7799469966192895
Starting Step 49
New Best Found : 0.3831747249116903
With raw values: [0.6629812810958008, 0.6652616200533411, 0.07515947921341465]
AVERAGE FITNESS: 0.6994256617374903
Starting Step 50
New Best Found : 0.37800812874884515
With raw values: [0.6641218331059774, 0.5952609424548223, 0.07016914302111522]
AVERAGE FITNESS: 0.7871904282313119
Starting Step 51
AVERAGE FITNESS: 1.2699856533782954
Starting Step 52
AVERAGE FITNESS: 1.2314946658783064
Starting Step 53
New Best Found : 0.37475540983029076
With raw values: [0.6691292551381675, 0.4911994360611809, 0.06873716189932512]
AVERAGE FITNESS: 1.924827577744795
Starting Step 54
AVERAGE FITNESS: 0.6560474633978
Starting Step 55
AVERAGE FITNESS: 1.1605057519657624
Starting Step 56
AVERAGE FITNESS: 0.8067424340860008
Starting Step 57
AVERAGE FITNESS: 0.812871230387017
Starting Step 58
AVERAGE FITNESS: 1.9681708526491895
Starting Step 59
New Best Found : 0.37394512782497924
With raw values: [0.6559650077854877, 0.39163206400651435, 0.0901565542463173]
AVERAGE FITNESS: 3671.823632120768
Starting Step 60
AVERAGE FITNESS: 3671.7607530711593
Starting Step 61
New Best Found : 0.37390500919699515
With raw values: [0.642947256194973, 0.3670594275596704, 0.10554732036275002]
AVERAGE FITNESS: 1.4111832280653933
Starting Step 62
AVERAGE FITNESS: 1.1513512880433674
Starting Step 63
AVERAGE FITNESS: 0.715157616782273
Starting Step 64
AVERAGE FITNESS: 14683.842849110957
Starting Step 65
New Best Found : 0.37203785546171736
With raw values: [0.6353487028321898, 0.4405007762618003, 0.10188071601123665]
New Best Found : 0.36797046088837637
With raw values: [0.6335939608012372, 0.3176280881393525, 0.10738119825041795]
AVERAGE FITNESS: 1.261035389977624
Starting Step 66
AVERAGE FITNESS: 2.114653370615613
Starting Step 67
AVERAGE FITNESS: 0.8005686158394422
Starting Step 68
AVERAGE FITNESS: 3671.647871993752
Starting Step 69
AVERAGE FITNESS: 1.035354260516112
Starting Step 70
AVERAGE FITNESS: 7343.045534613825
Starting Step 71
AVERAGE FITNESS: 1.0551733966504089
Starting Step 72
New Best Found : 0.3655713586610994
With raw values: [0.6312347626117061, 0.41904764300392067, 0.09456032627621085]
AVERAGE FITNESS: 0.9287711956125455
Starting Step 73
AVERAGE FITNESS: 0.6188157943895664
Starting Step 74
AVERAGE FITNESS: 3672.390230538951
Starting Step 75
AVERAGE FITNESS: 3673.1282839381906
Starting Step 76
AVERAGE FITNESS: 1.8453429639847723
Starting Step 77
AVERAGE FITNESS: 2.7919564234755314
Starting Step 78
AVERAGE FITNESS: 1.1887336854750539
Starting Step 79
AVERAGE FITNESS: 1.3560383345060307
Starting Step 80
AVERAGE FITNESS: 1.7167311835720465
Starting Step 81
AVERAGE FITNESS: 1.8066760263566355
Starting Step 82
AVERAGE FITNESS: 3672.1398226627703
Starting Step 83
AVERAGE FITNESS: 3671.712709108589
Starting Step 84
AVERAGE FITNESS: 7345.151512115907
Starting Step 85
AVERAGE FITNESS: 0.7621340878600095
Starting Step 86
AVERAGE FITNESS: 1.517697362314144
Starting Step 87
AVERAGE FITNESS: 0.8581736595607042
Starting Step 88
AVERAGE FITNESS: 3671.588703791844
Starting Step 89
AVERAGE FITNESS: 0.9273582430542208
Starting Step 90
AVERAGE FITNESS: 1.9648888060790382
Starting Step 91
New Best Found : 0.36447575856065173
With raw values: [0.6360336459920212, 0.3010696269973425, 0.0992584842856131]
AVERAGE FITNESS: 1.2273873361069163
Starting Step 92
New Best Found : 0.35790407135653757
With raw values: [0.6146211866833555, 0.31252034011338603, 0.10572532915403478]
AVERAGE FITNESS: 3671.7025257130585
Starting Step 93
AVERAGE FITNESS: 1.8873169107665468
Starting Step 94
AVERAGE FITNESS: 1.1774379036863662
Starting Step 95
AVERAGE FITNESS: 0.9347274960349593
Starting Step 96
AVERAGE FITNESS: 1.3480779632041384
Starting Step 97
New Best Found : 0.35682517115181933
With raw values: [0.6363353921653204, 0.3266198558777397, 0.08033548166572606]
AVERAGE FITNESS: 3673.003036085778
Starting Step 98
AVERAGE FITNESS: 1.0376121953944593
Starting Step 99
AVERAGE FITNESS: 0.7529402497418113
Starting Step 100
New Best Found : 0.3563943338936544
With raw values: [0.6145850465066233, 0.3847094523667094, 0.09537210943338002]
AVERAGE FITNESS: 1.4017577025384929
Starting Step 101
AVERAGE FITNESS: 0.6873264261047392
Starting Step 102
AVERAGE FITNESS: 0.9479283213863915
Starting Step 103
New Best Found : 0.35449952018633013
With raw values: [0.6016320187230193, 0.3277761660116012, 0.1100393570671139]
AVERAGE FITNESS: 3671.684219764899
Starting Step 104
AVERAGE FITNESS: 0.8581990361264902
Starting Step 105
AVERAGE FITNESS: 3671.770552959603
Starting Step 106
AVERAGE FITNESS: 1.3896047281622066
Starting Step 107
AVERAGE FITNESS: 1.7517896974377039
Starting Step 108
AVERAGE FITNESS: 2.2820049720572477
Starting Step 109
AVERAGE FITNESS: 1.8007948973706214
Starting Step 110
New Best Found : 0.35138831367272
With raw values: [0.6035141826085002, 0.3517943874901245, 0.09922183735519954]
New Best Found : 0.3460176847979217
With raw values: [0.5860070264852917, 0.35130093626399506, 0.10550001796394445]
AVERAGE FITNESS: 1.2939910601415436
Starting Step 111
New Best Found : 0.3441986809424102
With raw values: [0.5949500344470593, 0.3141518518143817, 0.09645201035056387]
AVERAGE FITNESS: 0.9484238186610526
Starting Step 112
AVERAGE FITNESS: 0.757453933204689
Starting Step 113
AVERAGE FITNESS: 0.999707362381615
Starting Step 114
AVERAGE FITNESS: 3671.8750997818242
Starting Step 115
AVERAGE FITNESS: 1.0720559635447822
Starting Step 116
New Best Found : 0.34368951759174526
With raw values: [0.6336281957784337, 0.3912130129308727, 0.04899848987114406]
AVERAGE FITNESS: 1.2630102655261854
Starting Step 117
AVERAGE FITNESS: 3672.7491552082156
Starting Step 118
New Best Found : 0.3333539442791972
With raw values: [0.604201254930967, 0.33865389825158276, 0.06197663823018876]
AVERAGE FITNESS: 1.5996564360786218
Starting Step 119
AVERAGE FITNESS: 1.72841237724755
Starting Step 120
New Best Found : 0.33036654308653335
With raw values: [0.6157671570580862, 0.3324330241890159, 0.04475928100473233]
AVERAGE FITNESS: 18355.460949398457
Starting Step 121
AVERAGE FITNESS: 0.9093179642295723
Starting Step 122
AVERAGE FITNESS: 1.180396200013352
Starting Step 123
AVERAGE FITNESS: 3671.722712696585
Starting Step 124
AVERAGE FITNESS: 1.6933400519833652
Starting Step 125
New Best Found : 0.32273665500512244
With raw values: [0.6041572336385224, 0.30434043388027626, 0.04315569848420712]
AVERAGE FITNESS: 0.9213376910764063
Starting Step 126
New Best Found : 0.3190825851811265
With raw values: [0.5971588219513986, 0.2771471683639061, 0.04519989009257653]
AVERAGE FITNESS: 1.7253521243316365
Starting Step 127
AVERAGE FITNESS: 3672.2991352045465
Starting Step 128
AVERAGE FITNESS: 1.0381318405349347
Starting Step 129
AVERAGE FITNESS: 1.80137420294122
Starting Step 130
AVERAGE FITNESS: 0.9870678522111408
Starting Step 131
AVERAGE FITNESS: 1.709043133827375
Starting Step 132
New Best Found : 0.30969374774724523
With raw values: [0.5709170949844653, 0.2719663518418484, 0.05224314010056489]
AVERAGE FITNESS: 0.9569581523089674
Starting Step 133
AVERAGE FITNESS: 1.7853111968346147
Starting Step 134
AVERAGE FITNESS: 1.0498268748123085
Starting Step 135
AVERAGE FITNESS: 2.0927193207307364
Starting Step 136
AVERAGE FITNESS: 0.9291643121178907
Starting Step 137
AVERAGE FITNESS: 2.662548007698939
Starting Step 138
AVERAGE FITNESS: 0.6336460972150281
Starting Step 139
AVERAGE FITNESS: 2.3751149163977074
Starting Step 140
AVERAGE FITNESS: 1.1563358042120417
Starting Step 141
AVERAGE FITNESS: 7342.740851076292
Starting Step 142
AVERAGE FITNESS: 1.3644983866120641
Starting Step 143
AVERAGE FITNESS: 0.9517252511279559
Starting Step 144
AVERAGE FITNESS: 1.9625026819773315
Starting Step 145
AVERAGE FITNESS: 2.4623052558321894
Starting Step 146
AVERAGE FITNESS: 1.2401495910810938
Starting Step 147
AVERAGE FITNESS: 1.34964985455787
Starting Step 148
AVERAGE FITNESS: 3671.5629362473264
Starting Step 149
AVERAGE FITNESS: 0.7852203251754292
Starting Step 150
AVERAGE FITNESS: 1.748673492731361
Starting Step 151
AVERAGE FITNESS: 1.262370440617449
Starting Step 152
AVERAGE FITNESS: 0.7940228428058096
Starting Step 153
AVERAGE FITNESS: 0.9742483613912792
Starting Step 154
AVERAGE FITNESS: 1.0351660111218133
Starting Step 155
New Best Found : 0.30384307311947956
With raw values: [0.5580141455383881, 0.30689604500161727, 0.04936670351235723]
AVERAGE FITNESS: 1.1031188919965242
Starting Step 156
AVERAGE FITNESS: 1.431227982025991
Starting Step 157
AVERAGE FITNESS: 1.045528442702433
Starting Step 158
AVERAGE FITNESS: 0.9248908867361808
Starting Step 159
AVERAGE FITNESS: 3672.601487609066
Starting Step 160
AVERAGE FITNESS: 0.8845650306755114
Starting Step 161
AVERAGE FITNESS: 1.5440325118094318
Starting Step 162
AVERAGE FITNESS: 1.1748992477168085
Starting Step 163
New Best Found : 0.30380549290165276
With raw values: [0.55891469590372, 0.3203325673547923, 0.047043582454271655]
New Best Found : 0.30358831255325325
With raw values: [0.5621145937226218, 0.30667348394395255, 0.04475351424481467]
New Best Found : 0.30155042304905066
With raw values: [0.5672066450114781, 0.3049540634931217, 0.035553837042216145]
AVERAGE FITNESS: 2.826053441155878
Starting Step 164
AVERAGE FITNESS: 2.0659658952156192
Starting Step 165
AVERAGE FITNESS: 1.654978247478032
Starting Step 166
AVERAGE FITNESS: 0.6156851555227
Starting Step 167
AVERAGE FITNESS: 1.6975761130303855
Starting Step 168
AVERAGE FITNESS: 0.7134442126218282
Starting Step 169
AVERAGE FITNESS: 7342.46830051787
Starting Step 170
AVERAGE FITNESS: 3672.8253148232902
Starting Step 171
AVERAGE FITNESS: 0.7047664164697244
Starting Step 172
AVERAGE FITNESS: 1.2637476325104433
Starting Step 173
New Best Found : 0.29772831933238636
With raw values: [0.5461411644884274, 0.35705108598795426, 0.04338319751078841]
AVERAGE FITNESS: 1.4333595387223816
Starting Step 174
AVERAGE FITNESS: 2.689591971082995
Starting Step 175
AVERAGE FITNESS: 0.9043991271825081
Starting Step 176
AVERAGE FITNESS: 3672.4200048576054
Starting Step 177
AVERAGE FITNESS: 1.1893246792076744
Starting Step 178
AVERAGE FITNESS: 3672.7483868811764
Starting Step 179
New Best Found : 0.2951855667380782
With raw values: [0.5366713301267448, 0.3302132266223548, 0.05019703736098388]
New Best Found : 0.2951049323458562
With raw values: [0.5380075607611478, 0.3162965453348533, 0.050083142631665044]
AVERAGE FITNESS: 0.9634720684911336
Starting Step 180
AVERAGE FITNESS: 2.6385064935644342
Starting Step 181
AVERAGE FITNESS: 2.514628030647346
Starting Step 182
AVERAGE FITNESS: 2.2972482590853724
Starting Step 183
AVERAGE FITNESS: 3.563175599091657
Starting Step 184
AVERAGE FITNESS: 2.016031160739915
Starting Step 185
AVERAGE FITNESS: 1.355792998813528
Starting Step 186
New Best Found : 0.29321456805099433
With raw values: [0.5255683771698586, 0.29246732452641416, 0.060935483284588005]
AVERAGE FITNESS: 0.9157966845219677
Starting Step 187
AVERAGE FITNESS: 0.9302428724788433
Starting Step 188
AVERAGE FITNESS: 1.3551181903052087
Starting Step 189
New Best Found : 0.2926511225710597
With raw values: [0.52901697729362, 0.3191026802500678, 0.0536401120805985]
AVERAGE FITNESS: 1.8075977317409997
Starting Step 190
New Best Found : 0.28925683796673873
With raw values: [0.5186122544533709, 0.36865735196390353, 0.05196137008039009]
AVERAGE FITNESS: 0.931384700007186
Starting Step 191
AVERAGE FITNESS: 3671.675195761652
Starting Step 192
AVERAGE FITNESS: 2.035361918619771
Starting Step 193
AVERAGE FITNESS: 1.442973471489952
Starting Step 194
AVERAGE FITNESS: 2.6907247118199162
Starting Step 195
AVERAGE FITNESS: 3672.33802651565
Starting Step 196
AVERAGE FITNESS: 1.7580694632604008
Starting Step 197
AVERAGE FITNESS: 0.7452468138425332
Starting Step 198
AVERAGE FITNESS: 1.3553718257436804
Starting Step 199
AVERAGE FITNESS: 0.8091100955100011
Optimize best
Cleaning up
Run time:19971.742515563965
